15-Sep-2020 09:47:48.078 пео╒ [main] org.apache.catalina.startup.VersionLoggerListener.log Server.????????║╖??????: Apache Tomcat/@VERSION@
15-Sep-2020 09:47:48.088 пео╒ [main] org.apache.catalina.startup.VersionLoggerListener.log ????????║╖??????:        @VERSION_BUILT@
15-Sep-2020 09:47:48.088 пео╒ [main] org.apache.catalina.startup.VersionLoggerListener.log ????????║╖????????║╓(:     @VERSION_NUMBER@
15-Sep-2020 09:47:48.088 пео╒ [main] org.apache.catalina.startup.VersionLoggerListener.log ????????????????║Л║Ц:      Windows 10
15-Sep-2020 09:47:48.088 пео╒ [main] org.apache.catalina.startup.VersionLoggerListener.log OS.??????:           10.0
15-Sep-2020 09:47:48.088 пео╒ [main] org.apache.catalina.startup.VersionLoggerListener.log ??????:              amd64
15-Sep-2020 09:47:48.088 пео╒ [main] org.apache.catalina.startup.VersionLoggerListener.log Java ?????????╗╕??:     C:\Program Files\Java\jdk1.8.0_144\jre
15-Sep-2020 09:47:48.088 пео╒ [main] org.apache.catalina.startup.VersionLoggerListener.log Java╗╗??????????????:    1.8.0_144-b01
15-Sep-2020 09:47:48.088 пео╒ [main] org.apache.catalina.startup.VersionLoggerListener.log JVM.?????????:        Oracle Corporation
15-Sep-2020 09:47:48.088 пео╒ [main] org.apache.catalina.startup.VersionLoggerListener.log CATALINA_BASE:     C:\Users\Administrator\Desktop\tomcatcode\catalina-home
15-Sep-2020 09:47:48.089 пео╒ [main] org.apache.catalina.startup.VersionLoggerListener.log CATALINA_HOME:     C:\Users\Administrator\Desktop\tomcatcode\catalina-home
15-Sep-2020 09:47:48.089 пео╒ [main] org.apache.catalina.startup.VersionLoggerListener.log ?????║Х╗╗???????║Ц???-Dvisualvm.id=3466609610439
15-Sep-2020 09:47:48.089 пео╒ [main] org.apache.catalina.startup.VersionLoggerListener.log ?????║Х╗╗???????║Ц???-Dcatalina.home=catalina-home
15-Sep-2020 09:47:48.089 пео╒ [main] org.apache.catalina.startup.VersionLoggerListener.log ?????║Х╗╗???????║Ц???-Dcatalina.base=catalina-home
15-Sep-2020 09:47:48.089 пео╒ [main] org.apache.catalina.startup.VersionLoggerListener.log ?????║Х╗╗???????║Ц???-Djava.endorsed.dirs=catalina-home1/endorsed
15-Sep-2020 09:47:48.090 пео╒ [main] org.apache.catalina.startup.VersionLoggerListener.log ?????║Х╗╗???????║Ц???-Djava.io.tmpdir=catalina-home/temp
15-Sep-2020 09:47:48.090 пео╒ [main] org.apache.catalina.startup.VersionLoggerListener.log ?????║Х╗╗???????║Ц???-Djava.util.logging.manager=org.apache.juli.ClassLoaderLogManager
15-Sep-2020 09:47:48.090 пео╒ [main] org.apache.catalina.startup.VersionLoggerListener.log ?????║Х╗╗???????║Ц???-Djava.util.logging.config.file=catalina-home/conf/logging.properties
15-Sep-2020 09:47:48.090 пео╒ [main] org.apache.catalina.startup.VersionLoggerListener.log ?????║Х╗╗???????║Ц???-javaagent:E:\myWorkApplication\IntelliJ IDEA 2020.1.2\lib\idea_rt.jar=3173:E:\myWorkApplication\IntelliJ IDEA 2020.1.2\bin
15-Sep-2020 09:47:48.090 пео╒ [main] org.apache.catalina.startup.VersionLoggerListener.log ?????║Х╗╗???????║Ц???-Dfile.encoding=UTF-8
15-Sep-2020 09:47:48.090 пео╒ [main] org.apache.catalina.core.AprLifecycleListener.lifecycleEvent ??║╖java.library.path:[C:\Program Files\Java\jdk1.8.0_144\bin;C:\Windows\Sun\Java\bin;C:\Windows\system32;C:\Windows;C:\Program Files\MySQL\MySQL Server 5.7\bin;C:\Program Files (x86)\Common Files\Intel\Shared Libraries\redist\intel64\compiler;C:\ProgramData\Oracle\Java\javapath;C:\Windows\system32;C:\Windows;C:\Windows\System32\Wbem;C:\Windows\System32\WindowsPowerShell\v1.0\;C:\Program Files\Java\jdk1.8.0_144\bin;E:\myWorkApplication\SPSS\JRE\bin;E:\myWorkApplication\MATLAB R2018b\runtime\win64;C:\Program Files\dotnet\;C:\Program Files\Microsoft SQL Server\Client SDK\ODBC\170\Tools\Binn\;C:\Windows\System32\OpenSSH\;C:\Program Files\Git\cmd;?E:\myWorkApplication\my_java\apache-maven-3.3.9-bin\apache-maven-3.3.9\bin;C:\Program Files\MySQL\MySQL Utilities 1.6\;C:\Program Files\TortoiseGit\bin;C:\Program Files (x86)\NVIDIA Corporation\PhysX\Common;C:\Program Files\NVIDIA Corporation\NVIDIA NvDLISR;E:\rabbitMQ\erl10.2\bin;C:\Users\Administrator\sdk\go1.13.5\bin\;C:\Users\Administrator\go\bin;C:\Users\Administrator\gobin;E:\myWorkApplication\Graphviz2.38\bin;E:\myWorkApplication\gradle-4.9-all\gradle-4.9\bin;C:\Users\Administrator\AppData\Local\Programs\Python\Python37\Scripts\;C:\Users\Administrator\AppData\Local\Programs\Python\Python37\;C:\Program Files\MySQL\MySQL Shell 8.0\bin\;E:\myWorkApplication\Visual\Microsoft VS Code\bin;E:\myWorkApplication\PyCharm 2020.1.2\bin;;e:\myWorkApplication\JetBrains\GoLand 2019.2.3\bin;;C:\Users\Administrator\sdk\go1.13.5\bin\;C:\Users\Administrator\go\bin;E:\myWorkApplication\IntelliJ IDEA 2020.1.2\bin;;E:\myWorkApplication\Graphviz2.38\bin;;.]???????????║Ц??????APR???Apache Tomcat????????????╗╗????????╗╗????║╖?????║Л?????????╗╗?║╓???????????║Л╗╗??
15-Sep-2020 09:47:48.336 пео╒ [main] org.apache.coyote.AbstractProtocol.init ????║Л???????╗╗???║Х??????║╖ ["http-nio-8080"]
15-Sep-2020 09:47:48.972 пео╒ [main] org.apache.tomcat.util.net.NioSelectorPool.getSharedSelector Using a shared selector for servlet write/read
15-Sep-2020 09:47:48.991 пео╒ [main] org.apache.catalina.startup.Catalina.load Initialization processed in 1669 ms
15-Sep-2020 09:47:49.074 пео╒ [main] org.apache.catalina.core.StandardService.startInternal ?????║╖?????║╖??????[Catalina]
15-Sep-2020 09:47:49.076 пео╒ [main] org.apache.catalina.core.StandardEngine.startInternal Starting Servlet Engine: Apache Tomcat/@VERSION@
15-Sep-2020 09:47:49.109 пео╒ [localhost-startStop-1] org.apache.catalina.startup.HostConfig.deployDirectory ???web ?????║╖?║╖????╗╕?║╖?????║Ц?????? [C:\Users\Administrator\Desktop\tomcatcode\catalina-home\webapps\docs]
15-Sep-2020 09:47:49.802 пео╒ [localhost-startStop-1] org.apache.jasper.servlet.TldScanner.scanJars ╗╗???║Ц??????????JAR╗╗??????????║╖???TLD????║Ц??????????TLD??? ?????║Х╗╗?║Ц?????║╖?????║╖╗╗║Ц?╗╗????????╗╗?║Ц?????????╗╗?║╓????║╓???????????????║╖???????????║ЦTLD?????????JAR???╗╗?║╖??? ??║╖?????????╗╕??╗╗║╓?╗╗?????╗╕??╗╗?????JAR?????????????????║╖???╗╕?????JSP???╗╗?????╗╕?????
15-Sep-2020 09:47:49.860 пео╒ [localhost-startStop-1] org.apache.catalina.startup.HostConfig.deployDirectory Web?????║╖?║╖??????????[C:\Users\Administrator\Desktop\tomcatcode\catalina-home\webapps\docs]???╗╕?║╖????║╓???║╖[747]????║Л??????????
15-Sep-2020 09:47:49.860 пео╒ [localhost-startStop-1] org.apache.catalina.startup.HostConfig.deployDirectory ???web ?????║╖?║╖????╗╕?║╖?????║Ц?????? [C:\Users\Administrator\Desktop\tomcatcode\catalina-home\webapps\examples]
15-Sep-2020 09:47:50.158 пео╒ [localhost-startStop-1] org.apache.jasper.servlet.TldScanner.scanJars ╗╗???║Ц??????????JAR╗╗??????????║╖???TLD????║Ц??????????TLD??? ?????║Х╗╗?║Ц?????║╖?????║╖╗╗║Ц?╗╗????????╗╗?║Ц?????????╗╗?║╓????║╓???????????????║╖???????????║ЦTLD?????????JAR???╗╗?║╖??? ??║╖?????????╗╕??╗╗║╓?╗╗?????╗╕??╗╗?????JAR?????????????????║╖???╗╕?????JSP???╗╗?????╗╕?????
15-Sep-2020 09:47:50.197 яожь [localhost-startStop-1] org.apache.catalina.core.StandardContext.startInternal ??????????║Х????listeners?????║╖?║Х║ю╗╗?????????║Х?╗╗???????????????????????????????║╖????????????
15-Sep-2020 09:47:50.198 яожь [localhost-startStop-1] org.apache.catalina.core.StandardContext.startInternal ??║ю????????????╗╕??╗╗?????Context[/examples]?????║╖?║Х║ю╗╗??
15-Sep-2020 09:47:50.211 пео╒ [localhost-startStop-1] org.apache.catalina.startup.HostConfig.deployDirectory Web?????║╖?║╖??????????[C:\Users\Administrator\Desktop\tomcatcode\catalina-home\webapps\examples]???╗╕?║╖????║╓???║╖[351]????║Л??????????
15-Sep-2020 09:47:50.211 пео╒ [localhost-startStop-1] org.apache.catalina.startup.HostConfig.deployDirectory ???web ?????║╖?║╖????╗╕?║╖?????║Ц?????? [C:\Users\Administrator\Desktop\tomcatcode\catalina-home\webapps\host-manager]
15-Sep-2020 09:47:50.335 пео╒ [localhost-startStop-1] org.apache.jasper.servlet.TldScanner.scanJars ╗╗???║Ц??????????JAR╗╗??????????║╖???TLD????║Ц??????????TLD??? ?????║Х╗╗?║Ц?????║╖?????║╖╗╗║Ц?╗╗????????╗╗?║Ц?????????╗╗?║╓????║╓???????????????║╖???????????║ЦTLD?????????JAR???╗╗?║╖??? ??║╖?????????╗╕??╗╗║╓?╗╗?????╗╕??╗╗?????JAR?????????????????║╖???╗╕?????JSP???╗╗?????╗╕?????
15-Sep-2020 09:47:50.353 пео╒ [localhost-startStop-1] org.apache.catalina.startup.HostConfig.deployDirectory Web?????║╖?║╖??????????[C:\Users\Administrator\Desktop\tomcatcode\catalina-home\webapps\host-manager]???╗╕?║╖????║╓???║╖[142]????║Л??????????
15-Sep-2020 09:47:50.353 пео╒ [localhost-startStop-1] org.apache.catalina.startup.HostConfig.deployDirectory ???web ?????║╖?║╖????╗╕?║╖?????║Ц?????? [C:\Users\Administrator\Desktop\tomcatcode\catalina-home\webapps\manager]
15-Sep-2020 09:47:50.499 пео╒ [localhost-startStop-1] org.apache.jasper.servlet.TldScanner.scanJars ╗╗???║Ц??????????JAR╗╗??????????║╖???TLD????║Ц??????????TLD??? ?????║Х╗╗?║Ц?????║╖?????║╖╗╗║Ц?╗╗????????╗╗?║Ц?????????╗╗?║╓????║╓???????????????║╖???????????║ЦTLD?????????JAR???╗╗?║╖??? ??║╖?????????╗╕??╗╗║╓?╗╗?????╗╕??╗╗?????JAR?????????????????║╖???╗╕?????JSP???╗╗?????╗╕?????
15-Sep-2020 09:47:50.504 пео╒ [localhost-startStop-1] org.apache.catalina.startup.HostConfig.deployDirectory Web?????║╖?║╖??????????[C:\Users\Administrator\Desktop\tomcatcode\catalina-home\webapps\manager]???╗╕?║╖????║╓???║╖[151]????║Л??????????
15-Sep-2020 09:47:50.505 пео╒ [localhost-startStop-1] org.apache.catalina.startup.HostConfig.deployDirectory ???web ?????║╖?║╖????╗╕?║╖?????║Ц?????? [C:\Users\Administrator\Desktop\tomcatcode\catalina-home\webapps\ROOT]
15-Sep-2020 09:47:50.613 пео╒ [localhost-startStop-1] org.apache.jasper.servlet.TldScanner.scanJars ╗╗???║Ц??????????JAR╗╗??????????║╖???TLD????║Ц??????????TLD??? ?????║Х╗╗?║Ц?????║╖?????║╖╗╗║Ц?╗╗????????╗╗?║Ц?????????╗╗?║╓????║╓???????????????║╖???????????║ЦTLD?????????JAR???╗╗?║╖??? ??║╖?????????╗╕??╗╗║╓?╗╗?????╗╕??╗╗?????JAR?????????????????║╖???╗╕?????JSP???╗╗?????╗╕?????
15-Sep-2020 09:47:50.617 пео╒ [localhost-startStop-1] org.apache.catalina.startup.HostConfig.deployDirectory Web?????║╖?║╖??????????[C:\Users\Administrator\Desktop\tomcatcode\catalina-home\webapps\ROOT]???╗╕?║╖????║╓???║╖[112]????║Л??????????
15-Sep-2020 09:47:50.622 пео╒ [main] org.apache.coyote.AbstractProtocol.start ????║Л????╗╗???║Х??????????["http-nio-8080"]
15-Sep-2020 09:47:50.644 пео╒ [main] org.apache.catalina.startup.Catalina.start Server startup in 1651 ms
15-Sep-2020 09:48:51.093 пео╒ [main] org.apache.catalina.startup.VersionLoggerListener.log Server.????????║╖??????: Apache Tomcat/@VERSION@
15-Sep-2020 09:48:51.102 пео╒ [main] org.apache.catalina.startup.VersionLoggerListener.log ????????║╖??????:        @VERSION_BUILT@
15-Sep-2020 09:48:51.102 пео╒ [main] org.apache.catalina.startup.VersionLoggerListener.log ????????║╖????????║╓(:     @VERSION_NUMBER@
15-Sep-2020 09:48:51.102 пео╒ [main] org.apache.catalina.startup.VersionLoggerListener.log ????????????????║Л║Ц:      Windows 10
15-Sep-2020 09:48:51.102 пео╒ [main] org.apache.catalina.startup.VersionLoggerListener.log OS.??????:           10.0
15-Sep-2020 09:48:51.102 пео╒ [main] org.apache.catalina.startup.VersionLoggerListener.log ??????:              amd64
15-Sep-2020 09:48:51.102 пео╒ [main] org.apache.catalina.startup.VersionLoggerListener.log Java ?????????╗╕??:     C:\Program Files\Java\jdk1.8.0_144\jre
15-Sep-2020 09:48:51.103 пео╒ [main] org.apache.catalina.startup.VersionLoggerListener.log Java╗╗??????????????:    1.8.0_144-b01
15-Sep-2020 09:48:51.103 пео╒ [main] org.apache.catalina.startup.VersionLoggerListener.log JVM.?????????:        Oracle Corporation
15-Sep-2020 09:48:51.103 пео╒ [main] org.apache.catalina.startup.VersionLoggerListener.log CATALINA_BASE:     C:\Users\Administrator\Desktop\tomcatcode\catalina-home
15-Sep-2020 09:48:51.103 пео╒ [main] org.apache.catalina.startup.VersionLoggerListener.log CATALINA_HOME:     C:\Users\Administrator\Desktop\tomcatcode\catalina-home
15-Sep-2020 09:48:51.103 пео╒ [main] org.apache.catalina.startup.VersionLoggerListener.log ?????║Х╗╗???????║Ц???-Dvisualvm.id=3530246404993
15-Sep-2020 09:48:51.104 пео╒ [main] org.apache.catalina.startup.VersionLoggerListener.log ?????║Х╗╗???????║Ц???-Dcatalina.home=catalina-home
15-Sep-2020 09:48:51.104 пео╒ [main] org.apache.catalina.startup.VersionLoggerListener.log ?????║Х╗╗???????║Ц???-Dcatalina.base=catalina-home
15-Sep-2020 09:48:51.104 пео╒ [main] org.apache.catalina.startup.VersionLoggerListener.log ?????║Х╗╗???????║Ц???-Djava.endorsed.dirs=catalina-home1/endorsed
15-Sep-2020 09:48:51.104 пео╒ [main] org.apache.catalina.startup.VersionLoggerListener.log ?????║Х╗╗???????║Ц???-Djava.io.tmpdir=catalina-home/temp
15-Sep-2020 09:48:51.105 пео╒ [main] org.apache.catalina.startup.VersionLoggerListener.log ?????║Х╗╗???????║Ц???-Djava.util.logging.manager=org.apache.juli.ClassLoaderLogManager
15-Sep-2020 09:48:51.105 пео╒ [main] org.apache.catalina.startup.VersionLoggerListener.log ?????║Х╗╗???????║Ц???-Djava.util.logging.config.file=catalina-home/conf/logging.properties
15-Sep-2020 09:48:51.105 пео╒ [main] org.apache.catalina.startup.VersionLoggerListener.log ?????║Х╗╗???????║Ц???-javaagent:E:\myWorkApplication\IntelliJ IDEA 2020.1.2\lib\idea_rt.jar=3277:E:\myWorkApplication\IntelliJ IDEA 2020.1.2\bin
15-Sep-2020 09:48:51.105 пео╒ [main] org.apache.catalina.startup.VersionLoggerListener.log ?????║Х╗╗???????║Ц???-Dfile.encoding=UTF-8
15-Sep-2020 09:48:51.106 пео╒ [main] org.apache.catalina.core.AprLifecycleListener.lifecycleEvent ??║╖java.library.path:[C:\Program Files\Java\jdk1.8.0_144\bin;C:\Windows\Sun\Java\bin;C:\Windows\system32;C:\Windows;C:\Program Files\MySQL\MySQL Server 5.7\bin;C:\Program Files (x86)\Common Files\Intel\Shared Libraries\redist\intel64\compiler;C:\ProgramData\Oracle\Java\javapath;C:\Windows\system32;C:\Windows;C:\Windows\System32\Wbem;C:\Windows\System32\WindowsPowerShell\v1.0\;C:\Program Files\Java\jdk1.8.0_144\bin;E:\myWorkApplication\SPSS\JRE\bin;E:\myWorkApplication\MATLAB R2018b\runtime\win64;C:\Program Files\dotnet\;C:\Program Files\Microsoft SQL Server\Client SDK\ODBC\170\Tools\Binn\;C:\Windows\System32\OpenSSH\;C:\Program Files\Git\cmd;?E:\myWorkApplication\my_java\apache-maven-3.3.9-bin\apache-maven-3.3.9\bin;C:\Program Files\MySQL\MySQL Utilities 1.6\;C:\Program Files\TortoiseGit\bin;C:\Program Files (x86)\NVIDIA Corporation\PhysX\Common;C:\Program Files\NVIDIA Corporation\NVIDIA NvDLISR;E:\rabbitMQ\erl10.2\bin;C:\Users\Administrator\sdk\go1.13.5\bin\;C:\Users\Administrator\go\bin;C:\Users\Administrator\gobin;E:\myWorkApplication\Graphviz2.38\bin;E:\myWorkApplication\gradle-4.9-all\gradle-4.9\bin;C:\Users\Administrator\AppData\Local\Programs\Python\Python37\Scripts\;C:\Users\Administrator\AppData\Local\Programs\Python\Python37\;C:\Program Files\MySQL\MySQL Shell 8.0\bin\;E:\myWorkApplication\Visual\Microsoft VS Code\bin;E:\myWorkApplication\PyCharm 2020.1.2\bin;;e:\myWorkApplication\JetBrains\GoLand 2019.2.3\bin;;C:\Users\Administrator\sdk\go1.13.5\bin\;C:\Users\Administrator\go\bin;E:\myWorkApplication\IntelliJ IDEA 2020.1.2\bin;;E:\myWorkApplication\Graphviz2.38\bin;;.]???????????║Ц??????APR???Apache Tomcat????????????╗╗????????╗╗????║╖?????║Л?????????╗╗?║╓???????????║Л╗╗??
15-Sep-2020 09:48:51.342 пео╒ [main] org.apache.coyote.AbstractProtocol.init ????║Л???????╗╗???║Х??????║╖ ["http-nio-8080"]
15-Sep-2020 09:48:51.692 пео╒ [main] org.apache.tomcat.util.net.NioSelectorPool.getSharedSelector Using a shared selector for servlet write/read
15-Sep-2020 09:48:51.709 пео╒ [main] org.apache.catalina.startup.Catalina.load Initialization processed in 1183 ms
15-Sep-2020 09:48:51.783 пео╒ [main] org.apache.catalina.core.StandardService.startInternal ?????║╖?????║╖??????[Catalina]
15-Sep-2020 09:48:51.785 пео╒ [main] org.apache.catalina.core.StandardEngine.startInternal Starting Servlet Engine: Apache Tomcat/@VERSION@
15-Sep-2020 09:48:51.800 пео╒ [localhost-startStop-1] org.apache.catalina.startup.HostConfig.deployDirectory ???web ?????║╖?║╖????╗╕?║╖?????║Ц?????? [C:\Users\Administrator\Desktop\tomcatcode\catalina-home\webapps\docs]
15-Sep-2020 09:48:52.312 пео╒ [localhost-startStop-1] org.apache.jasper.servlet.TldScanner.scanJars ╗╗???║Ц??????????JAR╗╗??????????║╖???TLD????║Ц??????????TLD??? ?????║Х╗╗?║Ц?????║╖?????║╖╗╗║Ц?╗╗????????╗╗?║Ц?????????╗╗?║╓????║╓???????????????║╖???????????║ЦTLD?????????JAR???╗╗?║╖??? ??║╖?????????╗╕??╗╗║╓?╗╗?????╗╕??╗╗?????JAR?????????????????║╖???╗╕?????JSP???╗╗?????╗╕?????
15-Sep-2020 09:48:52.359 пео╒ [localhost-startStop-1] org.apache.catalina.startup.HostConfig.deployDirectory Web?????║╖?║╖??????????[C:\Users\Administrator\Desktop\tomcatcode\catalina-home\webapps\docs]???╗╕?║╖????║╓???║╖[556]????║Л??????????
15-Sep-2020 09:48:52.359 пео╒ [localhost-startStop-1] org.apache.catalina.startup.HostConfig.deployDirectory ???web ?????║╖?║╖????╗╕?║╖?????║Ц?????? [C:\Users\Administrator\Desktop\tomcatcode\catalina-home\webapps\examples]
15-Sep-2020 09:48:52.595 пео╒ [localhost-startStop-1] org.apache.jasper.servlet.TldScanner.scanJars ╗╗???║Ц??????????JAR╗╗??????????║╖???TLD????║Ц??????????TLD??? ?????║Х╗╗?║Ц?????║╖?????║╖╗╗║Ц?╗╗????????╗╗?║Ц?????????╗╗?║╓????║╓???????????????║╖???????????║ЦTLD?????????JAR???╗╗?║╖??? ??║╖?????????╗╕??╗╗║╓?╗╗?????╗╕??╗╗?????JAR?????????????????║╖???╗╕?????JSP???╗╗?????╗╕?????
15-Sep-2020 09:48:52.632 яожь [localhost-startStop-1] org.apache.catalina.core.StandardContext.startInternal ??????????║Х????listeners?????║╖?║Х║ю╗╗?????????║Х?╗╗???????????????????????????????║╖????????????
15-Sep-2020 09:48:52.633 яожь [localhost-startStop-1] org.apache.catalina.core.StandardContext.startInternal ??║ю????????????╗╕??╗╗?????Context[/examples]?????║╖?║Х║ю╗╗??
15-Sep-2020 09:48:52.642 пео╒ [localhost-startStop-1] org.apache.catalina.startup.HostConfig.deployDirectory Web?????║╖?║╖??????????[C:\Users\Administrator\Desktop\tomcatcode\catalina-home\webapps\examples]???╗╕?║╖????║╓???║╖[283]????║Л??????????
15-Sep-2020 09:48:52.642 пео╒ [localhost-startStop-1] org.apache.catalina.startup.HostConfig.deployDirectory ???web ?????║╖?║╖????╗╕?║╖?????║Ц?????? [C:\Users\Administrator\Desktop\tomcatcode\catalina-home\webapps\host-manager]
15-Sep-2020 09:48:52.752 пео╒ [localhost-startStop-1] org.apache.jasper.servlet.TldScanner.scanJars ╗╗???║Ц??????????JAR╗╗??????????║╖???TLD????║Ц??????????TLD??? ?????║Х╗╗?║Ц?????║╖?????║╖╗╗║Ц?╗╗????????╗╗?║Ц?????????╗╗?║╓????║╓???????????????║╖???????????║ЦTLD?????????JAR???╗╗?║╖??? ??║╖?????????╗╕??╗╗║╓?╗╗?????╗╕??╗╗?????JAR?????????????????║╖???╗╕?????JSP???╗╗?????╗╕?????
15-Sep-2020 09:48:52.766 пео╒ [localhost-startStop-1] org.apache.catalina.startup.HostConfig.deployDirectory Web?????║╖?║╖??????????[C:\Users\Administrator\Desktop\tomcatcode\catalina-home\webapps\host-manager]???╗╕?║╖????║╓???║╖[124]????║Л??????????
15-Sep-2020 09:48:52.766 пео╒ [localhost-startStop-1] org.apache.catalina.startup.HostConfig.deployDirectory ???web ?????║╖?║╖????╗╕?║╖?????║Ц?????? [C:\Users\Administrator\Desktop\tomcatcode\catalina-home\webapps\manager]
15-Sep-2020 09:48:52.890 пео╒ [localhost-startStop-1] org.apache.jasper.servlet.TldScanner.scanJars ╗╗???║Ц??????????JAR╗╗??????????║╖???TLD????║Ц??????????TLD??? ?????║Х╗╗?║Ц?????║╖?????║╖╗╗║Ц?╗╗????????╗╗?║Ц?????????╗╗?║╓????║╓???????????????║╖???????????║ЦTLD?????????JAR???╗╗?║╖??? ??║╖?????????╗╕??╗╗║╓?╗╗?????╗╕??╗╗?????JAR?????????????????║╖???╗╕?????JSP???╗╗?????╗╕?????
15-Sep-2020 09:48:52.894 пео╒ [localhost-startStop-1] org.apache.catalina.startup.HostConfig.deployDirectory Web?????║╖?║╖??????????[C:\Users\Administrator\Desktop\tomcatcode\catalina-home\webapps\manager]???╗╕?║╖????║╓???║╖[128]????║Л??????????
15-Sep-2020 09:48:52.894 пео╒ [localhost-startStop-1] org.apache.catalina.startup.HostConfig.deployDirectory ???web ?????║╖?║╖????╗╕?║╖?????║Ц?????? [C:\Users\Administrator\Desktop\tomcatcode\catalina-home\webapps\ROOT]
15-Sep-2020 09:48:52.999 пео╒ [localhost-startStop-1] org.apache.jasper.servlet.TldScanner.scanJars ╗╗???║Ц??????????JAR╗╗??????????║╖???TLD????║Ц??????????TLD??? ?????║Х╗╗?║Ц?????║╖?????║╖╗╗║Ц?╗╗????????╗╗?║Ц?????????╗╗?║╓????║╓???????????????║╖???????????║ЦTLD?????????JAR???╗╗?║╖??? ??║╖?????????╗╕??╗╗║╓?╗╗?????╗╕??╗╗?????JAR?????????????????║╖???╗╕?????JSP???╗╗?????╗╕?????
15-Sep-2020 09:48:53.003 пео╒ [localhost-startStop-1] org.apache.catalina.startup.HostConfig.deployDirectory Web?????║╖?║╖??????????[C:\Users\Administrator\Desktop\tomcatcode\catalina-home\webapps\ROOT]???╗╕?║╖????║╓???║╖[109]????║Л??????????
15-Sep-2020 09:48:53.007 пео╒ [main] org.apache.coyote.AbstractProtocol.start ????║Л????╗╗???║Х??????????["http-nio-8080"]
15-Sep-2020 09:48:53.024 пео╒ [main] org.apache.catalina.startup.Catalina.start Server startup in 1315 ms
15-Sep-2020 09:49:41.654 Д©║Ф│╞ [main] org.apache.catalina.startup.VersionLoggerListener.log Server.ц╕б°б█ц╔б┼б║ц╔б≥б╗ц╖б┴б┬ц╕б°б╛: Apache Tomcat/@VERSION@
15-Sep-2020 09:49:41.662 Д©║Ф│╞ [main] org.apache.catalina.startup.VersionLoggerListener.log ц╕б°б█ц╔б┼б║ц╔б≥б╗ц╕б·б└ц╔б╩б╨:        @VERSION_BUILT@
15-Sep-2020 09:49:41.662 Д©║Ф│╞ [main] org.apache.catalina.startup.VersionLoggerListener.log ц╕б°б█ц╔б┼б║ц╔б≥б╗ц╖б┴б┬ц╕б°б╛ц╔б▐б╥(:     @VERSION_NUMBER@
15-Sep-2020 09:49:41.663 Д©║Ф│╞ [main] org.apache.catalina.startup.VersionLoggerListener.log ц╕б⌠б█ц╓б╫б°ц╖бЁб╩ц╖б╩б÷ц╔б░б█ц╖б╖б╟:      Windows 10
15-Sep-2020 09:49:41.663 Д©║Ф│╞ [main] org.apache.catalina.startup.VersionLoggerListener.log OS.ц╖б┴б┬ц╕б°б╛:           10.0
15-Sep-2020 09:49:41.663 Д©║Ф│╞ [main] org.apache.catalina.startup.VersionLoggerListener.log ц╕б·б╤ц╕б·б└:              amd64
15-Sep-2020 09:49:41.663 Д©║Ф│╞ [main] org.apache.catalina.startup.VersionLoggerListener.log Java ц╖б▌б╞ц╔б╒б┐ц╔б▐б≤ц╘б┤б▐:     C:\Program Files\Java\jdk1.8.0_144\jre
15-Sep-2020 09:49:41.663 Д©║Ф│╞ [main] org.apache.catalina.startup.VersionLoggerListener.log Javaц╗б≥б ц╕б▀б÷ц╕б°б╨ц╖б┴б┬ц╕б°б╛:    1.8.0_144-b01
15-Sep-2020 09:49:41.663 Д©║Ф│╞ [main] org.apache.catalina.startup.VersionLoggerListener.log JVM.ц╓б╬б⌡ц╔б╨б■ц╔б∙б├:        Oracle Corporation
15-Sep-2020 09:49:41.664 Д©║Ф│╞ [main] org.apache.catalina.startup.VersionLoggerListener.log CATALINA_BASE:     C:\Users\Administrator\Desktop\tomcatcode\catalina-home
15-Sep-2020 09:49:41.664 Д©║Ф│╞ [main] org.apache.catalina.startup.VersionLoggerListener.log CATALINA_HOME:     C:\Users\Administrator\Desktop\tomcatcode\catalina-home
15-Sep-2020 09:49:41.664 Д©║Ф│╞ [main] org.apache.catalina.startup.VersionLoggerListener.log ц╔б▒б╫ц╓б╩б╓ц╗б║б▄ц╔б▐б┌ц╕б∙б╟ц╞б╪б -Dvisualvm.id=3580391719394
15-Sep-2020 09:49:41.664 Д©║Ф│╞ [main] org.apache.catalina.startup.VersionLoggerListener.log ц╔б▒б╫ц╓б╩б╓ц╗б║б▄ц╔б▐б┌ц╕б∙б╟ц╞б╪б -Dcatalina.home=catalina-home
15-Sep-2020 09:49:41.664 Д©║Ф│╞ [main] org.apache.catalina.startup.VersionLoggerListener.log ц╔б▒б╫ц╓б╩б╓ц╗б║б▄ц╔б▐б┌ц╕б∙б╟ц╞б╪б -Dcatalina.base=catalina-home
15-Sep-2020 09:49:41.664 Д©║Ф│╞ [main] org.apache.catalina.startup.VersionLoggerListener.log ц╔б▒б╫ц╓б╩б╓ц╗б║б▄ц╔б▐б┌ц╕б∙б╟ц╞б╪б -Djava.endorsed.dirs=catalina-home1/endorsed
15-Sep-2020 09:49:41.664 Д©║Ф│╞ [main] org.apache.catalina.startup.VersionLoggerListener.log ц╔б▒б╫ц╓б╩б╓ц╗б║б▄ц╔б▐б┌ц╕б∙б╟ц╞б╪б -Djava.io.tmpdir=catalina-home/temp
15-Sep-2020 09:49:41.665 Д©║Ф│╞ [main] org.apache.catalina.startup.VersionLoggerListener.log ц╔б▒б╫ц╓б╩б╓ц╗б║б▄ц╔б▐б┌ц╕б∙б╟ц╞б╪б -Djava.util.logging.manager=org.apache.juli.ClassLoaderLogManager
15-Sep-2020 09:49:41.665 Д©║Ф│╞ [main] org.apache.catalina.startup.VersionLoggerListener.log ц╔б▒б╫ц╓б╩б╓ц╗б║б▄ц╔б▐б┌ц╕б∙б╟ц╞б╪б -Djava.util.logging.config.file=catalina-home/conf/logging.properties
15-Sep-2020 09:49:41.665 Д©║Ф│╞ [main] org.apache.catalina.startup.VersionLoggerListener.log ц╔б▒б╫ц╓б╩б╓ц╗б║б▄ц╔б▐б┌ц╕б∙б╟ц╞б╪б -javaagent:E:\myWorkApplication\IntelliJ IDEA 2020.1.2\lib\idea_rt.jar=3340:E:\myWorkApplication\IntelliJ IDEA 2020.1.2\bin
15-Sep-2020 09:49:41.665 Д©║Ф│╞ [main] org.apache.catalina.startup.VersionLoggerListener.log ц╔б▒б╫ц╓б╩б╓ц╗б║б▄ц╔б▐б┌ц╕б∙б╟ц╞б╪б -Dfile.encoding=UTF-8
15-Sep-2020 09:49:41.665 Д©║Ф│╞ [main] org.apache.catalina.core.AprLifecycleListener.lifecycleEvent ц╔б°б╗java.library.path:[C:\Program Files\Java\jdk1.8.0_144\bin;C:\Windows\Sun\Java\bin;C:\Windows\system32;C:\Windows;C:\Program Files\MySQL\MySQL Server 5.7\bin;C:\Program Files (x86)\Common Files\Intel\Shared Libraries\redist\intel64\compiler;C:\ProgramData\Oracle\Java\javapath;C:\Windows\system32;C:\Windows;C:\Windows\System32\Wbem;C:\Windows\System32\WindowsPowerShell\v1.0\;C:\Program Files\Java\jdk1.8.0_144\bin;E:\myWorkApplication\SPSS\JRE\bin;E:\myWorkApplication\MATLAB R2018b\runtime\win64;C:\Program Files\dotnet\;C:\Program Files\Microsoft SQL Server\Client SDK\ODBC\170\Tools\Binn\;C:\Windows\System32\OpenSSH\;C:\Program Files\Git\cmd;?E:\myWorkApplication\my_java\apache-maven-3.3.9-bin\apache-maven-3.3.9\bin;C:\Program Files\MySQL\MySQL Utilities 1.6\;C:\Program Files\TortoiseGit\bin;C:\Program Files (x86)\NVIDIA Corporation\PhysX\Common;C:\Program Files\NVIDIA Corporation\NVIDIA NvDLISR;E:\rabbitMQ\erl10.2\bin;C:\Users\Administrator\sdk\go1.13.5\bin\;C:\Users\Administrator\go\bin;C:\Users\Administrator\gobin;E:\myWorkApplication\Graphviz2.38\bin;E:\myWorkApplication\gradle-4.9-all\gradle-4.9\bin;C:\Users\Administrator\AppData\Local\Programs\Python\Python37\Scripts\;C:\Users\Administrator\AppData\Local\Programs\Python\Python37\;C:\Program Files\MySQL\MySQL Shell 8.0\bin\;E:\myWorkApplication\Visual\Microsoft VS Code\bin;E:\myWorkApplication\PyCharm 2020.1.2\bin;;e:\myWorkApplication\JetBrains\GoLand 2019.2.3\bin;;C:\Users\Administrator\sdk\go1.13.5\bin\;C:\Users\Administrator\go\bin;E:\myWorkApplication\IntelliJ IDEA 2020.1.2\bin;;E:\myWorkApplication\Graphviz2.38\bin;;.]ц╓б╦б┼ц╕б┴б╬ц╓б╦б█ц╔б┬б╟ц╔б÷б╨ц╓б╨б▌APRц╖б б└Apache Tomcatц╕б°б╛ц╕б°б╨ц╔б╨б⌠ц╞б╪б▄ц╗б╞б╔ц╔б╨б⌠ц╔б┘б│ц╗б╝б╦ц╔б°б╗ц╖б■б÷ц╓б╨б╖ц╖б▌б╞ц╔б╒б┐ц╓б╦б╜ц╗б▌б╥ц╔б╬б≈ц╕б°б─ц╓б╫бЁц╕б─б╖ц╗б┐б╫
15-Sep-2020 09:49:41.824 Д©║Ф│╞ [main] org.apache.coyote.AbstractProtocol.init ц╔б┬б²ц╔б╖б▀ц╔б▄б√ц╔б█б▐ц╗б╝б╝ц╔б╓б└ц╖б░б├ц╔б≥б╗ ["http-nio-8080"]
15-Sep-2020 09:49:42.175 Д©║Ф│╞ [main] org.apache.tomcat.util.net.NioSelectorPool.getSharedSelector Using a shared selector for servlet write/read
15-Sep-2020 09:49:42.194 Д©║Ф│╞ [main] org.apache.catalina.startup.Catalina.load Initialization processed in 1282 ms
15-Sep-2020 09:49:42.252 Д©║Ф│╞ [main] org.apache.catalina.core.StandardService.startInternal ц╕б╜бёц╔б°б╗ц╔б░б╞ц╔б┼б╗ц╕б°б█ц╔б┼б║[Catalina]
15-Sep-2020 09:49:42.254 Д©║Ф│╞ [main] org.apache.catalina.core.StandardEngine.startInternal Starting Servlet Engine: Apache Tomcat/@VERSION@
15-Sep-2020 09:49:42.270 Д©║Ф│╞ [localhost-startStop-1] org.apache.catalina.startup.HostConfig.deployDirectory ц╕б┼б┼web ц╔б╨б■ц╖б■б╗ц╖б╗б▀ц╔б╨б▐ц╘б┐б╗ц╖б╫б╡ц╔б┬б╟ц╖б⌡б╝ц╔б╫б∙ [C:\Users\Administrator\Desktop\tomcatcode\catalina-home\webapps\docs]
15-Sep-2020 09:49:42.756 Д©║Ф│╞ [localhost-startStop-1] org.apache.jasper.servlet.TldScanner.scanJars ц╗б┤бЁц╔б╟б▒ц╕б°б┴ц╓б╦б─ц╓б╦б╙JARц╗б╒б╚ц╕б┴б╚ц╕б▐б▐ц╖б■б╗ц╓б╨б▌TLDц╓б╫б├ц╔б╟б ц╕б°б╙ц╔б▄б┘ц╔б░б╚TLDцёб─б┌ ц╓б╦б╨ц╕б╜б╓ц╗б╝б╟ц╔б╫б∙ц╔б≥б╗ц╔б░б╞ц╖б■б╗ц╗б╟б┐ц╗б╞б∙ц╕б≈б╔ц╔б©б≈ц╗б╝б╟ц╔б╫б∙ц╞б╪б▄ц╓б╩б╔ц╗б▌б╥ц╔б▐б√ц╔б╥б╡ц╕б┴б╚ц╕б▐б▐ц╓б╫б├ц╕б°б╙ц╔б°б╗ц╔б┘б╤ц╓б╦б╜ц╕б┴б╬ц╔б┬б╟TLDц╖б б└ц╔б╝б▄ц╕б∙б╢JARц╔б┬б≈ц╗б║б╗цёб─б┌ ц╔б°б╗ц╕б┴б╚ц╕б▐б▐ц╕б°б÷ц╘б≈б╢ц╗б╥бЁц╗б©б┤ц╓б╦б█ц╘б°б─ц╗б╕б│ц╖б б└JARц╔б▐б╞ц╓б╩б╔ц╖б╪б╘ц╖б÷б╜ц╔б░б╞ц╔б┼б╗ц╕б≈б╤ц╘б≈б╢ц╔б▓б▄JSPц╖б╪б√ц╗б╞б▒ц╕б≈б╤ц╘б≈б╢цёб─б┌
15-Sep-2020 09:49:42.800 Д©║Ф│╞ [localhost-startStop-1] org.apache.catalina.startup.HostConfig.deployDirectory Webц╔б╨б■ц╖б■б╗ц╖б╗б▀ц╔б╨б▐ц╖б⌡б╝ц╔б╫б∙[C:\Users\Administrator\Desktop\tomcatcode\catalina-home\webapps\docs]ц╖б б└ц╘б┐б╗ц╖б╫б╡ц╔б╥б╡ц╔б°б╗[527]ц╕б╞б╚ц╖б╖б▓ц╔б├б┘ц╔б╝б▄ц╕б┬б░
15-Sep-2020 09:49:42.800 Д©║Ф│╞ [localhost-startStop-1] org.apache.catalina.startup.HostConfig.deployDirectory ц╕б┼б┼web ц╔б╨б■ц╖б■б╗ц╖б╗б▀ц╔б╨б▐ц╘б┐б╗ц╖б╫б╡ц╔б┬б╟ц╖б⌡б╝ц╔б╫б∙ [C:\Users\Administrator\Desktop\tomcatcode\catalina-home\webapps\examples]
15-Sep-2020 09:49:43.040 Д©║Ф│╞ [localhost-startStop-1] org.apache.jasper.servlet.TldScanner.scanJars ц╗б┤бЁц╔б╟б▒ц╕б°б┴ц╓б╦б─ц╓б╦б╙JARц╗б╒б╚ц╕б┴б╚ц╕б▐б▐ц╖б■б╗ц╓б╨б▌TLDц╓б╫б├ц╔б╟б ц╕б°б╙ц╔б▄б┘ц╔б░б╚TLDцёб─б┌ ц╓б╦б╨ц╕б╜б╓ц╗б╝б╟ц╔б╫б∙ц╔б≥б╗ц╔б░б╞ц╖б■б╗ц╗б╟б┐ц╗б╞б∙ц╕б≈б╔ц╔б©б≈ц╗б╝б╟ц╔б╫б∙ц╞б╪б▄ц╓б╩б╔ц╗б▌б╥ц╔б▐б√ц╔б╥б╡ц╕б┴б╚ц╕б▐б▐ц╓б╫б├ц╕б°б╙ц╔б°б╗ц╔б┘б╤ц╓б╦б╜ц╕б┴б╬ц╔б┬б╟TLDц╖б б└ц╔б╝б▄ц╕б∙б╢JARц╔б┬б≈ц╗б║б╗цёб─б┌ ц╔б°б╗ц╕б┴б╚ц╕б▐б▐ц╕б°б÷ц╘б≈б╢ц╗б╥бЁц╗б©б┤ц╓б╦б█ц╘б°б─ц╗б╕б│ц╖б б└JARц╔б▐б╞ц╓б╩б╔ц╖б╪б╘ц╖б÷б╜ц╔б░б╞ц╔б┼б╗ц╕б≈б╤ц╘б≈б╢ц╔б▓б▄JSPц╖б╪б√ц╗б╞б▒ц╕б≈б╤ц╘б≈б╢цёб─б┌
15-Sep-2020 09:49:43.078 Д╦╔И┤█ [localhost-startStop-1] org.apache.catalina.core.StandardContext.startInternal ц╓б╦б─ц╓б╦б╙ц╕б┬б√ц╔б╓б ц╓б╦б╙listenersц╔б░б╞ц╔б┼б╗ц╔б╓б╠ц╗б╢б╔ц╞б╪б▄ц╕б⌡б╢ц╔б╓б ц╗б╞б╕ц╖б╩б├ц╓б©б║ц╕б│б╞ц╕б÷б╔ц╖б°б▀ц╔б╞б╧ц╔б╨б■ц╖б б└ц╔б╝б╧ц╔б≥б╗ц╕б≈б╔ц╔б©б≈ц╕б√б┤ц╓б╩б╤
15-Sep-2020 09:49:43.079 Д╦╔И┤█ [localhost-startStop-1] org.apache.catalina.core.StandardContext.startInternal ц╖б■б╠ц╓б╨б▌ц╓б╧б▀ц╔б┴б█ц╖б б└ц╘б■б≥ц╗б╞б╞ц╞б╪б▄Context[/examples]ц╔б░б╞ц╔б┼б╗ц╔б╓б╠ц╗б╢б╔
15-Sep-2020 09:49:43.088 Д©║Ф│╞ [localhost-startStop-1] org.apache.catalina.startup.HostConfig.deployDirectory Webц╔б╨б■ц╖б■б╗ц╖б╗б▀ц╔б╨б▐ц╖б⌡б╝ц╔б╫б∙[C:\Users\Administrator\Desktop\tomcatcode\catalina-home\webapps\examples]ц╖б б└ц╘б┐б╗ц╖б╫б╡ц╔б╥б╡ц╔б°б╗[288]ц╕б╞б╚ц╖б╖б▓ц╔б├б┘ц╔б╝б▄ц╕б┬б░
15-Sep-2020 09:49:43.088 Д©║Ф│╞ [localhost-startStop-1] org.apache.catalina.startup.HostConfig.deployDirectory ц╕б┼б┼web ц╔б╨б■ц╖б■б╗ц╖б╗б▀ц╔б╨б▐ц╘б┐б╗ц╖б╫б╡ц╔б┬б╟ц╖б⌡б╝ц╔б╫б∙ [C:\Users\Administrator\Desktop\tomcatcode\catalina-home\webapps\host-manager]
15-Sep-2020 09:49:43.203 Д©║Ф│╞ [localhost-startStop-1] org.apache.jasper.servlet.TldScanner.scanJars ц╗б┤бЁц╔б╟б▒ц╕б°б┴ц╓б╦б─ц╓б╦б╙JARц╗б╒б╚ц╕б┴б╚ц╕б▐б▐ц╖б■б╗ц╓б╨б▌TLDц╓б╫б├ц╔б╟б ц╕б°б╙ц╔б▄б┘ц╔б░б╚TLDцёб─б┌ ц╓б╦б╨ц╕б╜б╓ц╗б╝б╟ц╔б╫б∙ц╔б≥б╗ц╔б░б╞ц╖б■б╗ц╗б╟б┐ц╗б╞б∙ц╕б≈б╔ц╔б©б≈ц╗б╝б╟ц╔б╫б∙ц╞б╪б▄ц╓б╩б╔ц╗б▌б╥ц╔б▐б√ц╔б╥б╡ц╕б┴б╚ц╕б▐б▐ц╓б╫б├ц╕б°б╙ц╔б°б╗ц╔б┘б╤ц╓б╦б╜ц╕б┴б╬ц╔б┬б╟TLDц╖б б└ц╔б╝б▄ц╕б∙б╢JARц╔б┬б≈ц╗б║б╗цёб─б┌ ц╔б°б╗ц╕б┴б╚ц╕б▐б▐ц╕б°б÷ц╘б≈б╢ц╗б╥бЁц╗б©б┤ц╓б╦б█ц╘б°б─ц╗б╕б│ц╖б б└JARц╔б▐б╞ц╓б╩б╔ц╖б╪б╘ц╖б÷б╜ц╔б░б╞ц╔б┼б╗ц╕б≈б╤ц╘б≈б╢ц╔б▓б▄JSPц╖б╪б√ц╗б╞б▒ц╕б≈б╤ц╘б≈б╢цёб─б┌
15-Sep-2020 09:49:43.218 Д©║Ф│╞ [localhost-startStop-1] org.apache.catalina.startup.HostConfig.deployDirectory Webц╔б╨б■ц╖б■б╗ц╖б╗б▀ц╔б╨б▐ц╖б⌡б╝ц╔б╫б∙[C:\Users\Administrator\Desktop\tomcatcode\catalina-home\webapps\host-manager]ц╖б б└ц╘б┐б╗ц╖б╫б╡ц╔б╥б╡ц╔б°б╗[130]ц╕б╞б╚ц╖б╖б▓ц╔б├б┘ц╔б╝б▄ц╕б┬б░
15-Sep-2020 09:49:43.219 Д©║Ф│╞ [localhost-startStop-1] org.apache.catalina.startup.HostConfig.deployDirectory ц╕б┼б┼web ц╔б╨б■ц╖б■б╗ц╖б╗б▀ц╔б╨б▐ц╘б┐б╗ц╖б╫б╡ц╔б┬б╟ц╖б⌡б╝ц╔б╫б∙ [C:\Users\Administrator\Desktop\tomcatcode\catalina-home\webapps\manager]
15-Sep-2020 09:49:43.380 Д©║Ф│╞ [localhost-startStop-1] org.apache.jasper.servlet.TldScanner.scanJars ц╗б┤бЁц╔б╟б▒ц╕б°б┴ц╓б╦б─ц╓б╦б╙JARц╗б╒б╚ц╕б┴б╚ц╕б▐б▐ц╖б■б╗ц╓б╨б▌TLDц╓б╫б├ц╔б╟б ц╕б°б╙ц╔б▄б┘ц╔б░б╚TLDцёб─б┌ ц╓б╦б╨ц╕б╜б╓ц╗б╝б╟ц╔б╫б∙ц╔б≥б╗ц╔б░б╞ц╖б■б╗ц╗б╟б┐ц╗б╞б∙ц╕б≈б╔ц╔б©б≈ц╗б╝б╟ц╔б╫б∙ц╞б╪б▄ц╓б╩б╔ц╗б▌б╥ц╔б▐б√ц╔б╥б╡ц╕б┴б╚ц╕б▐б▐ц╓б╫б├ц╕б°б╙ц╔б°б╗ц╔б┘б╤ц╓б╦б╜ц╕б┴б╬ц╔б┬б╟TLDц╖б б└ц╔б╝б▄ц╕б∙б╢JARц╔б┬б≈ц╗б║б╗цёб─б┌ ц╔б°б╗ц╕б┴б╚ц╕б▐б▐ц╕б°б÷ц╘б≈б╢ц╗б╥бЁц╗б©б┤ц╓б╦б█ц╘б°б─ц╗б╕б│ц╖б б└JARц╔б▐б╞ц╓б╩б╔ц╖б╪б╘ц╖б÷б╜ц╔б░б╞ц╔б┼б╗ц╕б≈б╤ц╘б≈б╢ц╔б▓б▄JSPц╖б╪б√ц╗б╞б▒ц╕б≈б╤ц╘б≈б╢цёб─б┌
15-Sep-2020 09:49:43.393 Д©║Ф│╞ [localhost-startStop-1] org.apache.catalina.startup.HostConfig.deployDirectory Webц╔б╨б■ц╖б■б╗ц╖б╗б▀ц╔б╨б▐ц╖б⌡б╝ц╔б╫б∙[C:\Users\Administrator\Desktop\tomcatcode\catalina-home\webapps\manager]ц╖б б└ц╘б┐б╗ц╖б╫б╡ц╔б╥б╡ц╔б°б╗[174]ц╕б╞б╚ц╖б╖б▓ц╔б├б┘ц╔б╝б▄ц╕б┬б░
15-Sep-2020 09:49:43.393 Д©║Ф│╞ [localhost-startStop-1] org.apache.catalina.startup.HostConfig.deployDirectory ц╕б┼б┼web ц╔б╨б■ц╖б■б╗ц╖б╗б▀ц╔б╨б▐ц╘б┐б╗ц╖б╫б╡ц╔б┬б╟ц╖б⌡б╝ц╔б╫б∙ [C:\Users\Administrator\Desktop\tomcatcode\catalina-home\webapps\ROOT]
15-Sep-2020 09:49:43.511 Д©║Ф│╞ [localhost-startStop-1] org.apache.jasper.servlet.TldScanner.scanJars ц╗б┤бЁц╔б╟б▒ц╕б°б┴ц╓б╦б─ц╓б╦б╙JARц╗б╒б╚ц╕б┴б╚ц╕б▐б▐ц╖б■б╗ц╓б╨б▌TLDц╓б╫б├ц╔б╟б ц╕б°б╙ц╔б▄б┘ц╔б░б╚TLDцёб─б┌ ц╓б╦б╨ц╕б╜б╓ц╗б╝б╟ц╔б╫б∙ц╔б≥б╗ц╔б░б╞ц╖б■б╗ц╗б╟б┐ц╗б╞б∙ц╕б≈б╔ц╔б©б≈ц╗б╝б╟ц╔б╫б∙ц╞б╪б▄ц╓б╩б╔ц╗б▌б╥ц╔б▐б√ц╔б╥б╡ц╕б┴б╚ц╕б▐б▐ц╓б╫б├ц╕б°б╙ц╔б°б╗ц╔б┘б╤ц╓б╦б╜ц╕б┴б╬ц╔б┬б╟TLDц╖б б└ц╔б╝б▄ц╕б∙б╢JARц╔б┬б≈ц╗б║б╗цёб─б┌ ц╔б°б╗ц╕б┴б╚ц╕б▐б▐ц╕б°б÷ц╘б≈б╢ц╗б╥бЁц╗б©б┤ц╓б╦б█ц╘б°б─ц╗б╕б│ц╖б б└JARц╔б▐б╞ц╓б╩б╔ц╖б╪б╘ц╖б÷б╜ц╔б░б╞ц╔б┼б╗ц╕б≈б╤ц╘б≈б╢ц╔б▓б▄JSPц╖б╪б√ц╗б╞б▒ц╕б≈б╤ц╘б≈б╢цёб─б┌
15-Sep-2020 09:49:43.515 Д©║Ф│╞ [localhost-startStop-1] org.apache.catalina.startup.HostConfig.deployDirectory Webц╔б╨б■ц╖б■б╗ц╖б╗б▀ц╔б╨б▐ц╖б⌡б╝ц╔б╫б∙[C:\Users\Administrator\Desktop\tomcatcode\catalina-home\webapps\ROOT]ц╖б б└ц╘б┐б╗ц╖б╫б╡ц╔б╥б╡ц╔б°б╗[122]ц╕б╞б╚ц╖б╖б▓ц╔б├б┘ц╔б╝б▄ц╕б┬б░
15-Sep-2020 09:49:43.519 Д©║Ф│╞ [main] org.apache.coyote.AbstractProtocol.start ц╔б╪б─ц╔б╖б▀ц╔б█б▐ц╗б╝б╝ц╔б╓б└ц╖б░б├ц╔б▐б╔ц╕б÷б└["http-nio-8080"]
15-Sep-2020 09:49:43.535 Д©║Ф│╞ [main] org.apache.catalina.startup.Catalina.start Server startup in 1340 ms
15-Sep-2020 09:50:14.611 Д©║Ф│╞ [main] org.apache.catalina.startup.VersionLoggerListener.log Server.ц╕б°б█ц╔б┼б║ц╔б≥б╗ц╖б┴б┬ц╕б°б╛: Apache Tomcat/@VERSION@
15-Sep-2020 09:50:14.619 Д©║Ф│╞ [main] org.apache.catalina.startup.VersionLoggerListener.log ц╕б°б█ц╔б┼б║ц╔б≥б╗ц╕б·б└ц╔б╩б╨:        @VERSION_BUILT@
15-Sep-2020 09:50:14.619 Д©║Ф│╞ [main] org.apache.catalina.startup.VersionLoggerListener.log ц╕б°б█ц╔б┼б║ц╔б≥б╗ц╖б┴б┬ц╕б°б╛ц╔б▐б╥(:     @VERSION_NUMBER@
15-Sep-2020 09:50:14.619 Д©║Ф│╞ [main] org.apache.catalina.startup.VersionLoggerListener.log ц╕б⌠б█ц╓б╫б°ц╖бЁб╩ц╖б╩б÷ц╔б░б█ц╖б╖б╟:      Windows 10
15-Sep-2020 09:50:14.619 Д©║Ф│╞ [main] org.apache.catalina.startup.VersionLoggerListener.log OS.ц╖б┴б┬ц╕б°б╛:           10.0
15-Sep-2020 09:50:14.619 Д©║Ф│╞ [main] org.apache.catalina.startup.VersionLoggerListener.log ц╕б·б╤ц╕б·б└:              amd64
15-Sep-2020 09:50:14.619 Д©║Ф│╞ [main] org.apache.catalina.startup.VersionLoggerListener.log Java ц╖б▌б╞ц╔б╒б┐ц╔б▐б≤ц╘б┤б▐:     C:\Program Files\Java\jdk1.8.0_144\jre
15-Sep-2020 09:50:14.619 Д©║Ф│╞ [main] org.apache.catalina.startup.VersionLoggerListener.log Javaц╗б≥б ц╕б▀б÷ц╕б°б╨ц╖б┴б┬ц╕б°б╛:    1.8.0_144-b01
15-Sep-2020 09:50:14.620 Д©║Ф│╞ [main] org.apache.catalina.startup.VersionLoggerListener.log JVM.ц╓б╬б⌡ц╔б╨б■ц╔б∙б├:        Oracle Corporation
15-Sep-2020 09:50:14.620 Д©║Ф│╞ [main] org.apache.catalina.startup.VersionLoggerListener.log CATALINA_BASE:     C:\Users\Administrator\Desktop\tomcatcode\catalina-home
15-Sep-2020 09:50:14.620 Д©║Ф│╞ [main] org.apache.catalina.startup.VersionLoggerListener.log CATALINA_HOME:     C:\Users\Administrator\Desktop\tomcatcode\catalina-home
15-Sep-2020 09:50:14.620 Д©║Ф│╞ [main] org.apache.catalina.startup.VersionLoggerListener.log ц╔б▒б╫ц╓б╩б╓ц╗б║б▄ц╔б▐б┌ц╕б∙б╟ц╞б╪б -Dvisualvm.id=3613771362079
15-Sep-2020 09:50:14.620 Д©║Ф│╞ [main] org.apache.catalina.startup.VersionLoggerListener.log ц╔б▒б╫ц╓б╩б╓ц╗б║б▄ц╔б▐б┌ц╕б∙б╟ц╞б╪б -Dcatalina.home=catalina-home
15-Sep-2020 09:50:14.620 Д©║Ф│╞ [main] org.apache.catalina.startup.VersionLoggerListener.log ц╔б▒б╫ц╓б╩б╓ц╗б║б▄ц╔б▐б┌ц╕б∙б╟ц╞б╪б -Dcatalina.base=catalina-home
15-Sep-2020 09:50:14.620 Д©║Ф│╞ [main] org.apache.catalina.startup.VersionLoggerListener.log ц╔б▒б╫ц╓б╩б╓ц╗б║б▄ц╔б▐б┌ц╕б∙б╟ц╞б╪б -Djava.endorsed.dirs=catalina-home1/endorsed
15-Sep-2020 09:50:14.620 Д©║Ф│╞ [main] org.apache.catalina.startup.VersionLoggerListener.log ц╔б▒б╫ц╓б╩б╓ц╗б║б▄ц╔б▐б┌ц╕б∙б╟ц╞б╪б -Djava.io.tmpdir=catalina-home/temp
15-Sep-2020 09:50:14.621 Д©║Ф│╞ [main] org.apache.catalina.startup.VersionLoggerListener.log ц╔б▒б╫ц╓б╩б╓ц╗б║б▄ц╔б▐б┌ц╕б∙б╟ц╞б╪б -Djava.util.logging.manager=org.apache.juli.ClassLoaderLogManager
15-Sep-2020 09:50:14.621 Д©║Ф│╞ [main] org.apache.catalina.startup.VersionLoggerListener.log ц╔б▒б╫ц╓б╩б╓ц╗б║б▄ц╔б▐б┌ц╕б∙б╟ц╞б╪б -Djava.util.logging.config.file=catalina-home/conf/logging.properties
15-Sep-2020 09:50:14.621 Д©║Ф│╞ [main] org.apache.catalina.startup.VersionLoggerListener.log ц╔б▒б╫ц╓б╩б╓ц╗б║б▄ц╔б▐б┌ц╕б∙б╟ц╞б╪б -javaagent:E:\myWorkApplication\IntelliJ IDEA 2020.1.2\lib\idea_rt.jar=3368:E:\myWorkApplication\IntelliJ IDEA 2020.1.2\bin
15-Sep-2020 09:50:14.621 Д©║Ф│╞ [main] org.apache.catalina.startup.VersionLoggerListener.log ц╔б▒б╫ц╓б╩б╓ц╗б║б▄ц╔б▐б┌ц╕б∙б╟ц╞б╪б -Dfile.encoding=UTF-8
15-Sep-2020 09:50:14.621 Д©║Ф│╞ [main] org.apache.catalina.core.AprLifecycleListener.lifecycleEvent ц╔б°б╗java.library.path:[C:\Program Files\Java\jdk1.8.0_144\bin;C:\Windows\Sun\Java\bin;C:\Windows\system32;C:\Windows;C:\Program Files\MySQL\MySQL Server 5.7\bin;C:\Program Files (x86)\Common Files\Intel\Shared Libraries\redist\intel64\compiler;C:\ProgramData\Oracle\Java\javapath;C:\Windows\system32;C:\Windows;C:\Windows\System32\Wbem;C:\Windows\System32\WindowsPowerShell\v1.0\;C:\Program Files\Java\jdk1.8.0_144\bin;E:\myWorkApplication\SPSS\JRE\bin;E:\myWorkApplication\MATLAB R2018b\runtime\win64;C:\Program Files\dotnet\;C:\Program Files\Microsoft SQL Server\Client SDK\ODBC\170\Tools\Binn\;C:\Windows\System32\OpenSSH\;C:\Program Files\Git\cmd;?E:\myWorkApplication\my_java\apache-maven-3.3.9-bin\apache-maven-3.3.9\bin;C:\Program Files\MySQL\MySQL Utilities 1.6\;C:\Program Files\TortoiseGit\bin;C:\Program Files (x86)\NVIDIA Corporation\PhysX\Common;C:\Program Files\NVIDIA Corporation\NVIDIA NvDLISR;E:\rabbitMQ\erl10.2\bin;C:\Users\Administrator\sdk\go1.13.5\bin\;C:\Users\Administrator\go\bin;C:\Users\Administrator\gobin;E:\myWorkApplication\Graphviz2.38\bin;E:\myWorkApplication\gradle-4.9-all\gradle-4.9\bin;C:\Users\Administrator\AppData\Local\Programs\Python\Python37\Scripts\;C:\Users\Administrator\AppData\Local\Programs\Python\Python37\;C:\Program Files\MySQL\MySQL Shell 8.0\bin\;E:\myWorkApplication\Visual\Microsoft VS Code\bin;E:\myWorkApplication\PyCharm 2020.1.2\bin;;e:\myWorkApplication\JetBrains\GoLand 2019.2.3\bin;;C:\Users\Administrator\sdk\go1.13.5\bin\;C:\Users\Administrator\go\bin;E:\myWorkApplication\IntelliJ IDEA 2020.1.2\bin;;E:\myWorkApplication\Graphviz2.38\bin;;.]ц╓б╦б┼ц╕б┴б╬ц╓б╦б█ц╔б┬б╟ц╔б÷б╨ц╓б╨б▌APRц╖б б└Apache Tomcatц╕б°б╛ц╕б°б╨ц╔б╨б⌠ц╞б╪б▄ц╗б╞б╔ц╔б╨б⌠ц╔б┘б│ц╗б╝б╦ц╔б°б╗ц╖б■б÷ц╓б╨б╖ц╖б▌б╞ц╔б╒б┐ц╓б╦б╜ц╗б▌б╥ц╔б╬б≈ц╕б°б─ц╓б╫бЁц╕б─б╖ц╗б┐б╫
15-Sep-2020 09:50:14.776 Д©║Ф│╞ [main] org.apache.coyote.AbstractProtocol.init ц╔б┬б²ц╔б╖б▀ц╔б▄б√ц╔б█б▐ц╗б╝б╝ц╔б╓б└ц╖б░б├ц╔б≥б╗ ["http-nio-8080"]
15-Sep-2020 09:50:15.286 Д©║Ф│╞ [main] org.apache.tomcat.util.net.NioSelectorPool.getSharedSelector Using a shared selector for servlet write/read
15-Sep-2020 09:50:15.330 Д©║Ф│╞ [main] org.apache.catalina.startup.Catalina.load Initialization processed in 1289 ms
15-Sep-2020 09:50:15.444 Д©║Ф│╞ [main] org.apache.catalina.core.StandardService.startInternal ц╕б╜бёц╔б°б╗ц╔б░б╞ц╔б┼б╗ц╕б°б█ц╔б┼б║[Catalina]
15-Sep-2020 09:50:15.447 Д©║Ф│╞ [main] org.apache.catalina.core.StandardEngine.startInternal Starting Servlet Engine: Apache Tomcat/@VERSION@
15-Sep-2020 09:50:15.468 Д©║Ф│╞ [localhost-startStop-1] org.apache.catalina.startup.HostConfig.deployDirectory ц╕б┼б┼web ц╔б╨б■ц╖б■б╗ц╖б╗б▀ц╔б╨б▐ц╘б┐б╗ц╖б╫б╡ц╔б┬б╟ц╖б⌡б╝ц╔б╫б∙ [C:\Users\Administrator\Desktop\tomcatcode\catalina-home\webapps\docs]
15-Sep-2020 09:50:15.937 Д©║Ф│╞ [localhost-startStop-1] org.apache.jasper.servlet.TldScanner.scanJars ц╗б┤бЁц╔б╟б▒ц╕б°б┴ц╓б╦б─ц╓б╦б╙JARц╗б╒б╚ц╕б┴б╚ц╕б▐б▐ц╖б■б╗ц╓б╨б▌TLDц╓б╫б├ц╔б╟б ц╕б°б╙ц╔б▄б┘ц╔б░б╚TLDцёб─б┌ ц╓б╦б╨ц╕б╜б╓ц╗б╝б╟ц╔б╫б∙ц╔б≥б╗ц╔б░б╞ц╖б■б╗ц╗б╟б┐ц╗б╞б∙ц╕б≈б╔ц╔б©б≈ц╗б╝б╟ц╔б╫б∙ц╞б╪б▄ц╓б╩б╔ц╗б▌б╥ц╔б▐б√ц╔б╥б╡ц╕б┴б╚ц╕б▐б▐ц╓б╫б├ц╕б°б╙ц╔б°б╗ц╔б┘б╤ц╓б╦б╜ц╕б┴б╬ц╔б┬б╟TLDц╖б б└ц╔б╝б▄ц╕б∙б╢JARц╔б┬б≈ц╗б║б╗цёб─б┌ ц╔б°б╗ц╕б┴б╚ц╕б▐б▐ц╕б°б÷ц╘б≈б╢ц╗б╥бЁц╗б©б┤ц╓б╦б█ц╘б°б─ц╗б╕б│ц╖б б└JARц╔б▐б╞ц╓б╩б╔ц╖б╪б╘ц╖б÷б╜ц╔б░б╞ц╔б┼б╗ц╕б≈б╤ц╘б≈б╢ц╔б▓б▄JSPц╖б╪б√ц╗б╞б▒ц╕б≈б╤ц╘б≈б╢цёб─б┌
15-Sep-2020 09:50:15.986 Д©║Ф│╞ [localhost-startStop-1] org.apache.catalina.startup.HostConfig.deployDirectory Webц╔б╨б■ц╖б■б╗ц╖б╗б▀ц╔б╨б▐ц╖б⌡б╝ц╔б╫б∙[C:\Users\Administrator\Desktop\tomcatcode\catalina-home\webapps\docs]ц╖б б└ц╘б┐б╗ц╖б╫б╡ц╔б╥б╡ц╔б°б╗[515]ц╕б╞б╚ц╖б╖б▓ц╔б├б┘ц╔б╝б▄ц╕б┬б░
15-Sep-2020 09:50:15.986 Д©║Ф│╞ [localhost-startStop-1] org.apache.catalina.startup.HostConfig.deployDirectory ц╕б┼б┼web ц╔б╨б■ц╖б■б╗ц╖б╗б▀ц╔б╨б▐ц╘б┐б╗ц╖б╫б╡ц╔б┬б╟ц╖б⌡б╝ц╔б╫б∙ [C:\Users\Administrator\Desktop\tomcatcode\catalina-home\webapps\examples]
15-Sep-2020 09:50:16.251 Д©║Ф│╞ [localhost-startStop-1] org.apache.jasper.servlet.TldScanner.scanJars ц╗б┤бЁц╔б╟б▒ц╕б°б┴ц╓б╦б─ц╓б╦б╙JARц╗б╒б╚ц╕б┴б╚ц╕б▐б▐ц╖б■б╗ц╓б╨б▌TLDц╓б╫б├ц╔б╟б ц╕б°б╙ц╔б▄б┘ц╔б░б╚TLDцёб─б┌ ц╓б╦б╨ц╕б╜б╓ц╗б╝б╟ц╔б╫б∙ц╔б≥б╗ц╔б░б╞ц╖б■б╗ц╗б╟б┐ц╗б╞б∙ц╕б≈б╔ц╔б©б≈ц╗б╝б╟ц╔б╫б∙ц╞б╪б▄ц╓б╩б╔ц╗б▌б╥ц╔б▐б√ц╔б╥б╡ц╕б┴б╚ц╕б▐б▐ц╓б╫б├ц╕б°б╙ц╔б°б╗ц╔б┘б╤ц╓б╦б╜ц╕б┴б╬ц╔б┬б╟TLDц╖б б└ц╔б╝б▄ц╕б∙б╢JARц╔б┬б≈ц╗б║б╗цёб─б┌ ц╔б°б╗ц╕б┴б╚ц╕б▐б▐ц╕б°б÷ц╘б≈б╢ц╗б╥бЁц╗б©б┤ц╓б╦б█ц╘б°б─ц╗б╕б│ц╖б б└JARц╔б▐б╞ц╓б╩б╔ц╖б╪б╘ц╖б÷б╜ц╔б░б╞ц╔б┼б╗ц╕б≈б╤ц╘б≈б╢ц╔б▓б▄JSPц╖б╪б√ц╗б╞б▒ц╕б≈б╤ц╘б≈б╢цёб─б┌
15-Sep-2020 09:50:16.291 Д╦╔И┤█ [localhost-startStop-1] org.apache.catalina.core.StandardContext.startInternal ц╓б╦б─ц╓б╦б╙ц╕б┬б√ц╔б╓б ц╓б╦б╙listenersц╔б░б╞ц╔б┼б╗ц╔б╓б╠ц╗б╢б╔ц╞б╪б▄ц╕б⌡б╢ц╔б╓б ц╗б╞б╕ц╖б╩б├ц╓б©б║ц╕б│б╞ц╕б÷б╔ц╖б°б▀ц╔б╞б╧ц╔б╨б■ц╖б б└ц╔б╝б╧ц╔б≥б╗ц╕б≈б╔ц╔б©б≈ц╕б√б┤ц╓б╩б╤
15-Sep-2020 09:50:16.292 Д╦╔И┤█ [localhost-startStop-1] org.apache.catalina.core.StandardContext.startInternal ц╖б■б╠ц╓б╨б▌ц╓б╧б▀ц╔б┴б█ц╖б б└ц╘б■б≥ц╗б╞б╞ц╞б╪б▄Context[/examples]ц╔б░б╞ц╔б┼б╗ц╔б╓б╠ц╗б╢б╔
15-Sep-2020 09:50:16.301 Д©║Ф│╞ [localhost-startStop-1] org.apache.catalina.startup.HostConfig.deployDirectory Webц╔б╨б■ц╖б■б╗ц╖б╗б▀ц╔б╨б▐ц╖б⌡б╝ц╔б╫б∙[C:\Users\Administrator\Desktop\tomcatcode\catalina-home\webapps\examples]ц╖б б└ц╘б┐б╗ц╖б╫б╡ц╔б╥б╡ц╔б°б╗[314]ц╕б╞б╚ц╖б╖б▓ц╔б├б┘ц╔б╝б▄ц╕б┬б░
15-Sep-2020 09:50:16.301 Д©║Ф│╞ [localhost-startStop-1] org.apache.catalina.startup.HostConfig.deployDirectory ц╕б┼б┼web ц╔б╨б■ц╖б■б╗ц╖б╗б▀ц╔б╨б▐ц╘б┐б╗ц╖б╫б╡ц╔б┬б╟ц╖б⌡б╝ц╔б╫б∙ [C:\Users\Administrator\Desktop\tomcatcode\catalina-home\webapps\host-manager]
15-Sep-2020 09:50:16.412 Д©║Ф│╞ [localhost-startStop-1] org.apache.jasper.servlet.TldScanner.scanJars ц╗б┤бЁц╔б╟б▒ц╕б°б┴ц╓б╦б─ц╓б╦б╙JARц╗б╒б╚ц╕б┴б╚ц╕б▐б▐ц╖б■б╗ц╓б╨б▌TLDц╓б╫б├ц╔б╟б ц╕б°б╙ц╔б▄б┘ц╔б░б╚TLDцёб─б┌ ц╓б╦б╨ц╕б╜б╓ц╗б╝б╟ц╔б╫б∙ц╔б≥б╗ц╔б░б╞ц╖б■б╗ц╗б╟б┐ц╗б╞б∙ц╕б≈б╔ц╔б©б≈ц╗б╝б╟ц╔б╫б∙ц╞б╪б▄ц╓б╩б╔ц╗б▌б╥ц╔б▐б√ц╔б╥б╡ц╕б┴б╚ц╕б▐б▐ц╓б╫б├ц╕б°б╙ц╔б°б╗ц╔б┘б╤ц╓б╦б╜ц╕б┴б╬ц╔б┬б╟TLDц╖б б└ц╔б╝б▄ц╕б∙б╢JARц╔б┬б≈ц╗б║б╗цёб─б┌ ц╔б°б╗ц╕б┴б╚ц╕б▐б▐ц╕б°б÷ц╘б≈б╢ц╗б╥бЁц╗б©б┤ц╓б╦б█ц╘б°б─ц╗б╕б│ц╖б б└JARц╔б▐б╞ц╓б╩б╔ц╖б╪б╘ц╖б÷б╜ц╔б░б╞ц╔б┼б╗ц╕б≈б╤ц╘б≈б╢ц╔б▓б▄JSPц╖б╪б√ц╗б╞б▒ц╕б≈б╤ц╘б≈б╢цёб─б┌
15-Sep-2020 09:50:16.428 Д©║Ф│╞ [localhost-startStop-1] org.apache.catalina.startup.HostConfig.deployDirectory Webц╔б╨б■ц╖б■б╗ц╖б╗б▀ц╔б╨б▐ц╖б⌡б╝ц╔б╫б∙[C:\Users\Administrator\Desktop\tomcatcode\catalina-home\webapps\host-manager]ц╖б б└ц╘б┐б╗ц╖б╫б╡ц╔б╥б╡ц╔б°б╗[127]ц╕б╞б╚ц╖б╖б▓ц╔б├б┘ц╔б╝б▄ц╕б┬б░
15-Sep-2020 09:50:16.428 Д©║Ф│╞ [localhost-startStop-1] org.apache.catalina.startup.HostConfig.deployDirectory ц╕б┼б┼web ц╔б╨б■ц╖б■б╗ц╖б╗б▀ц╔б╨б▐ц╘б┐б╗ц╖б╫б╡ц╔б┬б╟ц╖б⌡б╝ц╔б╫б∙ [C:\Users\Administrator\Desktop\tomcatcode\catalina-home\webapps\manager]
15-Sep-2020 09:50:16.570 Д©║Ф│╞ [localhost-startStop-1] org.apache.jasper.servlet.TldScanner.scanJars ц╗б┤бЁц╔б╟б▒ц╕б°б┴ц╓б╦б─ц╓б╦б╙JARц╗б╒б╚ц╕б┴б╚ц╕б▐б▐ц╖б■б╗ц╓б╨б▌TLDц╓б╫б├ц╔б╟б ц╕б°б╙ц╔б▄б┘ц╔б░б╚TLDцёб─б┌ ц╓б╦б╨ц╕б╜б╓ц╗б╝б╟ц╔б╫б∙ц╔б≥б╗ц╔б░б╞ц╖б■б╗ц╗б╟б┐ц╗б╞б∙ц╕б≈б╔ц╔б©б≈ц╗б╝б╟ц╔б╫б∙ц╞б╪б▄ц╓б╩б╔ц╗б▌б╥ц╔б▐б√ц╔б╥б╡ц╕б┴б╚ц╕б▐б▐ц╓б╫б├ц╕б°б╙ц╔б°б╗ц╔б┘б╤ц╓б╦б╜ц╕б┴б╬ц╔б┬б╟TLDц╖б б└ц╔б╝б▄ц╕б∙б╢JARц╔б┬б≈ц╗б║б╗цёб─б┌ ц╔б°б╗ц╕б┴б╚ц╕б▐б▐ц╕б°б÷ц╘б≈б╢ц╗б╥бЁц╗б©б┤ц╓б╦б█ц╘б°б─ц╗б╕б│ц╖б б└JARц╔б▐б╞ц╓б╩б╔ц╖б╪б╘ц╖б÷б╜ц╔б░б╞ц╔б┼б╗ц╕б≈б╤ц╘б≈б╢ц╔б▓б▄JSPц╖б╪б√ц╗б╞б▒ц╕б≈б╤ц╘б≈б╢цёб─б┌
15-Sep-2020 09:50:16.575 Д©║Ф│╞ [localhost-startStop-1] org.apache.catalina.startup.HostConfig.deployDirectory Webц╔б╨б■ц╖б■б╗ц╖б╗б▀ц╔б╨б▐ц╖б⌡б╝ц╔б╫б∙[C:\Users\Administrator\Desktop\tomcatcode\catalina-home\webapps\manager]ц╖б б└ц╘б┐б╗ц╖б╫б╡ц╔б╥б╡ц╔б°б╗[147]ц╕б╞б╚ц╖б╖б▓ц╔б├б┘ц╔б╝б▄ц╕б┬б░
15-Sep-2020 09:50:16.575 Д©║Ф│╞ [localhost-startStop-1] org.apache.catalina.startup.HostConfig.deployDirectory ц╕б┼б┼web ц╔б╨б■ц╖б■б╗ц╖б╗б▀ц╔б╨б▐ц╘б┐б╗ц╖б╫б╡ц╔б┬б╟ц╖б⌡б╝ц╔б╫б∙ [C:\Users\Administrator\Desktop\tomcatcode\catalina-home\webapps\ROOT]
15-Sep-2020 09:50:16.681 Д©║Ф│╞ [localhost-startStop-1] org.apache.jasper.servlet.TldScanner.scanJars ц╗б┤бЁц╔б╟б▒ц╕б°б┴ц╓б╦б─ц╓б╦б╙JARц╗б╒б╚ц╕б┴б╚ц╕б▐б▐ц╖б■б╗ц╓б╨б▌TLDц╓б╫б├ц╔б╟б ц╕б°б╙ц╔б▄б┘ц╔б░б╚TLDцёб─б┌ ц╓б╦б╨ц╕б╜б╓ц╗б╝б╟ц╔б╫б∙ц╔б≥б╗ц╔б░б╞ц╖б■б╗ц╗б╟б┐ц╗б╞б∙ц╕б≈б╔ц╔б©б≈ц╗б╝б╟ц╔б╫б∙ц╞б╪б▄ц╓б╩б╔ц╗б▌б╥ц╔б▐б√ц╔б╥б╡ц╕б┴б╚ц╕б▐б▐ц╓б╫б├ц╕б°б╙ц╔б°б╗ц╔б┘б╤ц╓б╦б╜ц╕б┴б╬ц╔б┬б╟TLDц╖б б└ц╔б╝б▄ц╕б∙б╢JARц╔б┬б≈ц╗б║б╗цёб─б┌ ц╔б°б╗ц╕б┴б╚ц╕б▐б▐ц╕б°б÷ц╘б≈б╢ц╗б╥бЁц╗б©б┤ц╓б╦б█ц╘б°б─ц╗б╕б│ц╖б б└JARц╔б▐б╞ц╓б╩б╔ц╖б╪б╘ц╖б÷б╜ц╔б░б╞ц╔б┼б╗ц╕б≈б╤ц╘б≈б╢ц╔б▓б▄JSPц╖б╪б√ц╗б╞б▒ц╕б≈б╤ц╘б≈б╢цёб─б┌
15-Sep-2020 09:50:16.685 Д©║Ф│╞ [localhost-startStop-1] org.apache.catalina.startup.HostConfig.deployDirectory Webц╔б╨б■ц╖б■б╗ц╖б╗б▀ц╔б╨б▐ц╖б⌡б╝ц╔б╫б∙[C:\Users\Administrator\Desktop\tomcatcode\catalina-home\webapps\ROOT]ц╖б б└ц╘б┐б╗ц╖б╫б╡ц╔б╥б╡ц╔б°б╗[110]ц╕б╞б╚ц╖б╖б▓ц╔б├б┘ц╔б╝б▄ц╕б┬б░
15-Sep-2020 09:50:16.689 Д©║Ф│╞ [main] org.apache.coyote.AbstractProtocol.start ц╔б╪б─ц╔б╖б▀ц╔б█б▐ц╗б╝б╝ц╔б╓б└ц╖б░б├ц╔б▐б╔ц╕б÷б└["http-nio-8080"]
15-Sep-2020 09:50:16.705 Д©║Ф│╞ [main] org.apache.catalina.startup.Catalina.start Server startup in 1373 ms
15-Sep-2020 22:18:53.334 Д©║Ф│╞ [main] org.apache.catalina.startup.VersionLoggerListener.log Server.ц╕б°б█ц╔б┼б║ц╔б≥б╗ц╖б┴б┬ц╕б°б╛: Apache Tomcat/@VERSION@
15-Sep-2020 22:18:53.341 Д©║Ф│╞ [main] org.apache.catalina.startup.VersionLoggerListener.log ц╕б°б█ц╔б┼б║ц╔б≥б╗ц╕б·б└ц╔б╩б╨:        @VERSION_BUILT@
15-Sep-2020 22:18:53.342 Д©║Ф│╞ [main] org.apache.catalina.startup.VersionLoggerListener.log ц╕б°б█ц╔б┼б║ц╔б≥б╗ц╖б┴б┬ц╕б°б╛ц╔б▐б╥(:     @VERSION_NUMBER@
15-Sep-2020 22:18:53.342 Д©║Ф│╞ [main] org.apache.catalina.startup.VersionLoggerListener.log ц╕б⌠б█ц╓б╫б°ц╖бЁб╩ц╖б╩б÷ц╔б░б█ц╖б╖б╟:      Windows 10
15-Sep-2020 22:18:53.343 Д©║Ф│╞ [main] org.apache.catalina.startup.VersionLoggerListener.log OS.ц╖б┴б┬ц╕б°б╛:           10.0
15-Sep-2020 22:18:53.343 Д©║Ф│╞ [main] org.apache.catalina.startup.VersionLoggerListener.log ц╕б·б╤ц╕б·б└:              amd64
15-Sep-2020 22:18:53.343 Д©║Ф│╞ [main] org.apache.catalina.startup.VersionLoggerListener.log Java ц╖б▌б╞ц╔б╒б┐ц╔б▐б≤ц╘б┤б▐:     C:\Program Files\Java\jdk1.8.0_144\jre
15-Sep-2020 22:18:53.344 Д©║Ф│╞ [main] org.apache.catalina.startup.VersionLoggerListener.log Javaц╗б≥б ц╕б▀б÷ц╕б°б╨ц╖б┴б┬ц╕б°б╛:    1.8.0_144-b01
15-Sep-2020 22:18:53.344 Д©║Ф│╞ [main] org.apache.catalina.startup.VersionLoggerListener.log JVM.ц╓б╬б⌡ц╔б╨б■ц╔б∙б├:        Oracle Corporation
15-Sep-2020 22:18:53.344 Д©║Ф│╞ [main] org.apache.catalina.startup.VersionLoggerListener.log CATALINA_BASE:     C:\Users\Administrator\Desktop\tomcatcode\catalina-home
15-Sep-2020 22:18:53.344 Д©║Ф│╞ [main] org.apache.catalina.startup.VersionLoggerListener.log CATALINA_HOME:     C:\Users\Administrator\Desktop\tomcatcode\catalina-home
15-Sep-2020 22:18:53.345 Д©║Ф│╞ [main] org.apache.catalina.startup.VersionLoggerListener.log ц╔б▒б╫ц╓б╩б╓ц╗б║б▄ц╔б▐б┌ц╕б∙б╟ц╞б╪б -agentlib:jdwp=transport=dt_socket,address=127.0.0.1:3497,suspend=y,server=n
15-Sep-2020 22:18:53.345 Д©║Ф│╞ [main] org.apache.catalina.startup.VersionLoggerListener.log ц╔б▒б╫ц╓б╩б╓ц╗б║б▄ц╔б▐б┌ц╕б∙б╟ц╞б╪б -Dvisualvm.id=3026583148330
15-Sep-2020 22:18:53.346 Д©║Ф│╞ [main] org.apache.catalina.startup.VersionLoggerListener.log ц╔б▒б╫ц╓б╩б╓ц╗б║б▄ц╔б▐б┌ц╕б∙б╟ц╞б╪б -Dcatalina.home=catalina-home
15-Sep-2020 22:18:53.346 Д©║Ф│╞ [main] org.apache.catalina.startup.VersionLoggerListener.log ц╔б▒б╫ц╓б╩б╓ц╗б║б▄ц╔б▐б┌ц╕б∙б╟ц╞б╪б -Dcatalina.base=catalina-home
15-Sep-2020 22:18:53.346 Д©║Ф│╞ [main] org.apache.catalina.startup.VersionLoggerListener.log ц╔б▒б╫ц╓б╩б╓ц╗б║б▄ц╔б▐б┌ц╕б∙б╟ц╞б╪б -Djava.endorsed.dirs=catalina-home1/endorsed
15-Sep-2020 22:18:53.347 Д©║Ф│╞ [main] org.apache.catalina.startup.VersionLoggerListener.log ц╔б▒б╫ц╓б╩б╓ц╗б║б▄ц╔б▐б┌ц╕б∙б╟ц╞б╪б -Djava.io.tmpdir=catalina-home/temp
15-Sep-2020 22:18:53.347 Д©║Ф│╞ [main] org.apache.catalina.startup.VersionLoggerListener.log ц╔б▒б╫ц╓б╩б╓ц╗б║б▄ц╔б▐б┌ц╕б∙б╟ц╞б╪б -Djava.util.logging.manager=org.apache.juli.ClassLoaderLogManager
15-Sep-2020 22:18:53.348 Д©║Ф│╞ [main] org.apache.catalina.startup.VersionLoggerListener.log ц╔б▒б╫ц╓б╩б╓ц╗б║б▄ц╔б▐б┌ц╕б∙б╟ц╞б╪б -Djava.util.logging.config.file=catalina-home/conf/logging.properties
15-Sep-2020 22:18:53.348 Д©║Ф│╞ [main] org.apache.catalina.startup.VersionLoggerListener.log ц╔б▒б╫ц╓б╩б╓ц╗б║б▄ц╔б▐б┌ц╕б∙б╟ц╞б╪б -javaagent:C:\Users\Administrator\AppData\Local\JetBrains\IntelliJIdea2020.1\captureAgent\debugger-agent.jar
15-Sep-2020 22:18:53.348 Д©║Ф│╞ [main] org.apache.catalina.startup.VersionLoggerListener.log ц╔б▒б╫ц╓б╩б╓ц╗б║б▄ц╔б▐б┌ц╕б∙б╟ц╞б╪б -Dfile.encoding=UTF-8
15-Sep-2020 22:18:53.349 Д©║Ф│╞ [main] org.apache.catalina.core.AprLifecycleListener.lifecycleEvent ц╔б°б╗java.library.path:[C:\Program Files\Java\jdk1.8.0_144\bin;C:\Windows\Sun\Java\bin;C:\Windows\system32;C:\Windows;C:\Program Files\MySQL\MySQL Server 5.7\bin;C:\Program Files (x86)\Common Files\Intel\Shared Libraries\redist\intel64\compiler;C:\ProgramData\Oracle\Java\javapath;C:\Windows\system32;C:\Windows;C:\Windows\System32\Wbem;C:\Windows\System32\WindowsPowerShell\v1.0\;C:\Program Files\Java\jdk1.8.0_144\bin;E:\myWorkApplication\SPSS\JRE\bin;E:\myWorkApplication\MATLAB R2018b\runtime\win64;C:\Program Files\dotnet\;C:\Program Files\Microsoft SQL Server\Client SDK\ODBC\170\Tools\Binn\;C:\Windows\System32\OpenSSH\;C:\Program Files\Git\cmd;?E:\myWorkApplication\my_java\apache-maven-3.3.9-bin\apache-maven-3.3.9\bin;C:\Program Files\MySQL\MySQL Utilities 1.6\;C:\Program Files\TortoiseGit\bin;C:\Program Files (x86)\NVIDIA Corporation\PhysX\Common;C:\Program Files\NVIDIA Corporation\NVIDIA NvDLISR;E:\rabbitMQ\erl10.2\bin;C:\Users\Administrator\sdk\go1.13.5\bin\;C:\Users\Administrator\go\bin;C:\Users\Administrator\gobin;E:\myWorkApplication\Graphviz2.38\bin;E:\myWorkApplication\gradle-4.9-all\gradle-4.9\bin;C:\Users\Administrator\AppData\Local\Programs\Python\Python37\Scripts\;C:\Users\Administrator\AppData\Local\Programs\Python\Python37\;C:\Program Files\MySQL\MySQL Shell 8.0\bin\;E:\myWorkApplication\Visual\Microsoft VS Code\bin;E:\myWorkApplication\PyCharm 2020.1.2\bin;;e:\myWorkApplication\JetBrains\GoLand 2019.2.3\bin;;C:\Users\Administrator\sdk\go1.13.5\bin\;C:\Users\Administrator\go\bin;E:\myWorkApplication\IntelliJ IDEA 2020.1.2\bin;;E:\myWorkApplication\Graphviz2.38\bin;;.]ц╓б╦б┼ц╕б┴б╬ц╓б╦б█ц╔б┬б╟ц╔б÷б╨ц╓б╨б▌APRц╖б б└Apache Tomcatц╕б°б╛ц╕б°б╨ц╔б╨б⌠ц╞б╪б▄ц╗б╞б╔ц╔б╨б⌠ц╔б┘б│ц╗б╝б╦ц╔б°б╗ц╖б■б÷ц╓б╨б╖ц╖б▌б╞ц╔б╒б┐ц╓б╦б╜ц╗б▌б╥ц╔б╬б≈ц╕б°б─ц╓б╫бЁц╕б─б╖ц╗б┐б╫
15-Sep-2020 22:19:55.605 Д©║Ф│╞ [main] org.apache.coyote.AbstractProtocol.init ц╔б┬б²ц╔б╖б▀ц╔б▄б√ц╔б█б▐ц╗б╝б╝ц╔б╓б└ц╖б░б├ц╔б≥б╗ ["http-nio-8080"]
15-Sep-2020 22:19:55.825 Д©║Ф│╞ [main] org.apache.tomcat.util.net.NioSelectorPool.getSharedSelector Using a shared selector for servlet write/read
15-Sep-2020 22:19:55.836 Д©║Ф│╞ [main] org.apache.catalina.startup.Catalina.load Initialization processed in 169412 ms
15-Sep-2020 22:19:55.882 Д©║Ф│╞ [main] org.apache.catalina.core.StandardService.startInternal ц╕б╜бёц╔б°б╗ц╔б░б╞ц╔б┼б╗ц╕б°б█ц╔б┼б║[Catalina]
15-Sep-2020 22:19:55.883 Д©║Ф│╞ [main] org.apache.catalina.core.StandardEngine.startInternal Starting Servlet Engine: Apache Tomcat/@VERSION@
15-Sep-2020 22:19:55.913 Д©║Ф│╞ [localhost-startStop-1] org.apache.catalina.startup.HostConfig.deployDirectory ц╕б┼б┼web ц╔б╨б■ц╖б■б╗ц╖б╗б▀ц╔б╨б▐ц╘б┐б╗ц╖б╫б╡ц╔б┬б╟ц╖б⌡б╝ц╔б╫б∙ [C:\Users\Administrator\Desktop\tomcatcode\catalina-home\webapps\docs]
15-Sep-2020 22:19:56.308 Д©║Ф│╞ [localhost-startStop-1] org.apache.jasper.servlet.TldScanner.scanJars ц╗б┤бЁц╔б╟б▒ц╕б°б┴ц╓б╦б─ц╓б╦б╙JARц╗б╒б╚ц╕б┴б╚ц╕б▐б▐ц╖б■б╗ц╓б╨б▌TLDц╓б╫б├ц╔б╟б ц╕б°б╙ц╔б▄б┘ц╔б░б╚TLDцёб─б┌ ц╓б╦б╨ц╕б╜б╓ц╗б╝б╟ц╔б╫б∙ц╔б≥б╗ц╔б░б╞ц╖б■б╗ц╗б╟б┐ц╗б╞б∙ц╕б≈б╔ц╔б©б≈ц╗б╝б╟ц╔б╫б∙ц╞б╪б▄ц╓б╩б╔ц╗б▌б╥ц╔б▐б√ц╔б╥б╡ц╕б┴б╚ц╕б▐б▐ц╓б╫б├ц╕б°б╙ц╔б°б╗ц╔б┘б╤ц╓б╦б╜ц╕б┴б╬ц╔б┬б╟TLDц╖б б└ц╔б╝б▄ц╕б∙б╢JARц╔б┬б≈ц╗б║б╗цёб─б┌ ц╔б°б╗ц╕б┴б╚ц╕б▐б▐ц╕б°б÷ц╘б≈б╢ц╗б╥бЁц╗б©б┤ц╓б╦б█ц╘б°б─ц╗б╕б│ц╖б б└JARц╔б▐б╞ц╓б╩б╔ц╖б╪б╘ц╖б÷б╜ц╔б░б╞ц╔б┼б╗ц╕б≈б╤ц╘б≈б╢ц╔б▓б▄JSPц╖б╪б√ц╗б╞б▒ц╕б≈б╤ц╘б≈б╢цёб─б┌
15-Sep-2020 22:19:56.352 Д©║Ф│╞ [localhost-startStop-1] org.apache.catalina.startup.HostConfig.deployDirectory Webц╔б╨б■ц╖б■б╗ц╖б╗б▀ц╔б╨б▐ц╖б⌡б╝ц╔б╫б∙[C:\Users\Administrator\Desktop\tomcatcode\catalina-home\webapps\docs]ц╖б б└ц╘б┐б╗ц╖б╫б╡ц╔б╥б╡ц╔б°б╗[436]ц╕б╞б╚ц╖б╖б▓ц╔б├б┘ц╔б╝б▄ц╕б┬б░
15-Sep-2020 22:19:56.352 Д©║Ф│╞ [localhost-startStop-1] org.apache.catalina.startup.HostConfig.deployDirectory ц╕б┼б┼web ц╔б╨б■ц╖б■б╗ц╖б╗б▀ц╔б╨б▐ц╘б┐б╗ц╖б╫б╡ц╔б┬б╟ц╖б⌡б╝ц╔б╫б∙ [C:\Users\Administrator\Desktop\tomcatcode\catalina-home\webapps\examples]
15-Sep-2020 22:19:56.533 Д©║Ф│╞ [localhost-startStop-1] org.apache.jasper.servlet.TldScanner.scanJars ц╗б┤бЁц╔б╟б▒ц╕б°б┴ц╓б╦б─ц╓б╦б╙JARц╗б╒б╚ц╕б┴б╚ц╕б▐б▐ц╖б■б╗ц╓б╨б▌TLDц╓б╫б├ц╔б╟б ц╕б°б╙ц╔б▄б┘ц╔б░б╚TLDцёб─б┌ ц╓б╦б╨ц╕б╜б╓ц╗б╝б╟ц╔б╫б∙ц╔б≥б╗ц╔б░б╞ц╖б■б╗ц╗б╟б┐ц╗б╞б∙ц╕б≈б╔ц╔б©б≈ц╗б╝б╟ц╔б╫б∙ц╞б╪б▄ц╓б╩б╔ц╗б▌б╥ц╔б▐б√ц╔б╥б╡ц╕б┴б╚ц╕б▐б▐ц╓б╫б├ц╕б°б╙ц╔б°б╗ц╔б┘б╤ц╓б╦б╜ц╕б┴б╬ц╔б┬б╟TLDц╖б б└ц╔б╝б▄ц╕б∙б╢JARц╔б┬б≈ц╗б║б╗цёб─б┌ ц╔б°б╗ц╕б┴б╚ц╕б▐б▐ц╕б°б÷ц╘б≈б╢ц╗б╥бЁц╗б©б┤ц╓б╦б█ц╘б°б─ц╗б╕б│ц╖б б└JARц╔б▐б╞ц╓б╩б╔ц╖б╪б╘ц╖б÷б╜ц╔б░б╞ц╔б┼б╗ц╕б≈б╤ц╘б≈б╢ц╔б▓б▄JSPц╖б╪б√ц╗б╞б▒ц╕б≈б╤ц╘б≈б╢цёб─б┌
15-Sep-2020 22:19:56.560 Д╦╔И┤█ [localhost-startStop-1] org.apache.catalina.core.StandardContext.startInternal ц╓б╦б─ц╓б╦б╙ц╕б┬б√ц╔б╓б ц╓б╦б╙listenersц╔б░б╞ц╔б┼б╗ц╔б╓б╠ц╗б╢б╔ц╞б╪б▄ц╕б⌡б╢ц╔б╓б ц╗б╞б╕ц╖б╩б├ц╓б©б║ц╕б│б╞ц╕б÷б╔ц╖б°б▀ц╔б╞б╧ц╔б╨б■ц╖б б└ц╔б╝б╧ц╔б≥б╗ц╕б≈б╔ц╔б©б≈ц╕б√б┤ц╓б╩б╤
15-Sep-2020 22:19:56.561 Д╦╔И┤█ [localhost-startStop-1] org.apache.catalina.core.StandardContext.startInternal ц╖б■б╠ц╓б╨б▌ц╓б╧б▀ц╔б┴б█ц╖б б└ц╘б■б≥ц╗б╞б╞ц╞б╪б▄Context[/examples]ц╔б░б╞ц╔б┼б╗ц╔б╓б╠ц╗б╢б╔
15-Sep-2020 22:19:56.569 Д©║Ф│╞ [localhost-startStop-1] org.apache.catalina.startup.HostConfig.deployDirectory Webц╔б╨б■ц╖б■б╗ц╖б╗б▀ц╔б╨б▐ц╖б⌡б╝ц╔б╫б∙[C:\Users\Administrator\Desktop\tomcatcode\catalina-home\webapps\examples]ц╖б б└ц╘б┐б╗ц╖б╫б╡ц╔б╥б╡ц╔б°б╗[217]ц╕б╞б╚ц╖б╖б▓ц╔б├б┘ц╔б╝б▄ц╕б┬б░
15-Sep-2020 22:19:56.569 Д©║Ф│╞ [localhost-startStop-1] org.apache.catalina.startup.HostConfig.deployDirectory ц╕б┼б┼web ц╔б╨б■ц╖б■б╗ц╖б╗б▀ц╔б╨б▐ц╘б┐б╗ц╖б╫б╡ц╔б┬б╟ц╖б⌡б╝ц╔б╫б∙ [C:\Users\Administrator\Desktop\tomcatcode\catalina-home\webapps\host-manager]
15-Sep-2020 22:19:56.652 Д©║Ф│╞ [localhost-startStop-1] org.apache.jasper.servlet.TldScanner.scanJars ц╗б┤бЁц╔б╟б▒ц╕б°б┴ц╓б╦б─ц╓б╦б╙JARц╗б╒б╚ц╕б┴б╚ц╕б▐б▐ц╖б■б╗ц╓б╨б▌TLDц╓б╫б├ц╔б╟б ц╕б°б╙ц╔б▄б┘ц╔б░б╚TLDцёб─б┌ ц╓б╦б╨ц╕б╜б╓ц╗б╝б╟ц╔б╫б∙ц╔б≥б╗ц╔б░б╞ц╖б■б╗ц╗б╟б┐ц╗б╞б∙ц╕б≈б╔ц╔б©б≈ц╗б╝б╟ц╔б╫б∙ц╞б╪б▄ц╓б╩б╔ц╗б▌б╥ц╔б▐б√ц╔б╥б╡ц╕б┴б╚ц╕б▐б▐ц╓б╫б├ц╕б°б╙ц╔б°б╗ц╔б┘б╤ц╓б╦б╜ц╕б┴б╬ц╔б┬б╟TLDц╖б б└ц╔б╝б▄ц╕б∙б╢JARц╔б┬б≈ц╗б║б╗цёб─б┌ ц╔б°б╗ц╕б┴б╚ц╕б▐б▐ц╕б°б÷ц╘б≈б╢ц╗б╥бЁц╗б©б┤ц╓б╦б█ц╘б°б─ц╗б╕б│ц╖б б└JARц╔б▐б╞ц╓б╩б╔ц╖б╪б╘ц╖б÷б╜ц╔б░б╞ц╔б┼б╗ц╕б≈б╤ц╘б≈б╢ц╔б▓б▄JSPц╖б╪б√ц╗б╞б▒ц╕б≈б╤ц╘б≈б╢цёб─б┌
15-Sep-2020 22:19:56.667 Д©║Ф│╞ [localhost-startStop-1] org.apache.catalina.startup.HostConfig.deployDirectory Webц╔б╨б■ц╖б■б╗ц╖б╗б▀ц╔б╨б▐ц╖б⌡б╝ц╔б╫б∙[C:\Users\Administrator\Desktop\tomcatcode\catalina-home\webapps\host-manager]ц╖б б└ц╘б┐б╗ц╖б╫б╡ц╔б╥б╡ц╔б°б╗[97]ц╕б╞б╚ц╖б╖б▓ц╔б├б┘ц╔б╝б▄ц╕б┬б░
15-Sep-2020 22:19:56.667 Д©║Ф│╞ [localhost-startStop-1] org.apache.catalina.startup.HostConfig.deployDirectory ц╕б┼б┼web ц╔б╨б■ц╖б■б╗ц╖б╗б▀ц╔б╨б▐ц╘б┐б╗ц╖б╫б╡ц╔б┬б╟ц╖б⌡б╝ц╔б╫б∙ [C:\Users\Administrator\Desktop\tomcatcode\catalina-home\webapps\manager]
15-Sep-2020 22:19:56.755 Д©║Ф│╞ [localhost-startStop-1] org.apache.jasper.servlet.TldScanner.scanJars ц╗б┤бЁц╔б╟б▒ц╕б°б┴ц╓б╦б─ц╓б╦б╙JARц╗б╒б╚ц╕б┴б╚ц╕б▐б▐ц╖б■б╗ц╓б╨б▌TLDц╓б╫б├ц╔б╟б ц╕б°б╙ц╔б▄б┘ц╔б░б╚TLDцёб─б┌ ц╓б╦б╨ц╕б╜б╓ц╗б╝б╟ц╔б╫б∙ц╔б≥б╗ц╔б░б╞ц╖б■б╗ц╗б╟б┐ц╗б╞б∙ц╕б≈б╔ц╔б©б≈ц╗б╝б╟ц╔б╫б∙ц╞б╪б▄ц╓б╩б╔ц╗б▌б╥ц╔б▐б√ц╔б╥б╡ц╕б┴б╚ц╕б▐б▐ц╓б╫б├ц╕б°б╙ц╔б°б╗ц╔б┘б╤ц╓б╦б╜ц╕б┴б╬ц╔б┬б╟TLDц╖б б└ц╔б╝б▄ц╕б∙б╢JARц╔б┬б≈ц╗б║б╗цёб─б┌ ц╔б°б╗ц╕б┴б╚ц╕б▐б▐ц╕б°б÷ц╘б≈б╢ц╗б╥бЁц╗б©б┤ц╓б╦б█ц╘б°б─ц╗б╕б│ц╖б б└JARц╔б▐б╞ц╓б╩б╔ц╖б╪б╘ц╖б÷б╜ц╔б░б╞ц╔б┼б╗ц╕б≈б╤ц╘б≈б╢ц╔б▓б▄JSPц╖б╪б√ц╗б╞б▒ц╕б≈б╤ц╘б≈б╢цёб─б┌
15-Sep-2020 22:19:56.759 Д©║Ф│╞ [localhost-startStop-1] org.apache.catalina.startup.HostConfig.deployDirectory Webц╔б╨б■ц╖б■б╗ц╖б╗б▀ц╔б╨б▐ц╖б⌡б╝ц╔б╫б∙[C:\Users\Administrator\Desktop\tomcatcode\catalina-home\webapps\manager]ц╖б б└ц╘б┐б╗ц╖б╫б╡ц╔б╥б╡ц╔б°б╗[92]ц╕б╞б╚ц╖б╖б▓ц╔б├б┘ц╔б╝б▄ц╕б┬б░
15-Sep-2020 22:19:56.759 Д©║Ф│╞ [localhost-startStop-1] org.apache.catalina.startup.HostConfig.deployDirectory ц╕б┼б┼web ц╔б╨б■ц╖б■б╗ц╖б╗б▀ц╔б╨б▐ц╘б┐б╗ц╖б╫б╡ц╔б┬б╟ц╖б⌡б╝ц╔б╫б∙ [C:\Users\Administrator\Desktop\tomcatcode\catalina-home\webapps\ROOT]
15-Sep-2020 22:19:56.838 Д©║Ф│╞ [localhost-startStop-1] org.apache.jasper.servlet.TldScanner.scanJars ц╗б┤бЁц╔б╟б▒ц╕б°б┴ц╓б╦б─ц╓б╦б╙JARц╗б╒б╚ц╕б┴б╚ц╕б▐б▐ц╖б■б╗ц╓б╨б▌TLDц╓б╫б├ц╔б╟б ц╕б°б╙ц╔б▄б┘ц╔б░б╚TLDцёб─б┌ ц╓б╦б╨ц╕б╜б╓ц╗б╝б╟ц╔б╫б∙ц╔б≥б╗ц╔б░б╞ц╖б■б╗ц╗б╟б┐ц╗б╞б∙ц╕б≈б╔ц╔б©б≈ц╗б╝б╟ц╔б╫б∙ц╞б╪б▄ц╓б╩б╔ц╗б▌б╥ц╔б▐б√ц╔б╥б╡ц╕б┴б╚ц╕б▐б▐ц╓б╫б├ц╕б°б╙ц╔б°б╗ц╔б┘б╤ц╓б╦б╜ц╕б┴б╬ц╔б┬б╟TLDц╖б б└ц╔б╝б▄ц╕б∙б╢JARц╔б┬б≈ц╗б║б╗цёб─б┌ ц╔б°б╗ц╕б┴б╚ц╕б▐б▐ц╕б°б÷ц╘б≈б╢ц╗б╥бЁц╗б©б┤ц╓б╦б█ц╘б°б─ц╗б╕б│ц╖б б└JARц╔б▐б╞ц╓б╩б╔ц╖б╪б╘ц╖б÷б╜ц╔б░б╞ц╔б┼б╗ц╕б≈б╤ц╘б≈б╢ц╔б▓б▄JSPц╖б╪б√ц╗б╞б▒ц╕б≈б╤ц╘б≈б╢цёб─б┌
15-Sep-2020 22:19:56.840 Д©║Ф│╞ [localhost-startStop-1] org.apache.catalina.startup.HostConfig.deployDirectory Webц╔б╨б■ц╖б■б╗ц╖б╗б▀ц╔б╨б▐ц╖б⌡б╝ц╔б╫б∙[C:\Users\Administrator\Desktop\tomcatcode\catalina-home\webapps\ROOT]ц╖б б└ц╘б┐б╗ц╖б╫б╡ц╔б╥б╡ц╔б°б╗[81]ц╕б╞б╚ц╖б╖б▓ц╔б├б┘ц╔б╝б▄ц╕б┬б░
15-Sep-2020 22:19:56.846 Д©║Ф│╞ [main] org.apache.coyote.AbstractProtocol.start ц╔б╪б─ц╔б╖б▀ц╔б█б▐ц╗б╝б╝ц╔б╓б└ц╖б░б├ц╔б▐б╔ц╕б÷б└["http-nio-8080"]
15-Sep-2020 22:19:56.863 Д©║Ф│╞ [main] org.apache.catalina.startup.Catalina.start Server startup in 1026 ms
15-Sep-2020 22:20:08.748 Д©║Ф│╞ [Thread-4] org.apache.coyote.AbstractProtocol.pause ц╕б б┌ц╔б│б°ProtocolHandler["http-nio-8080"]
15-Sep-2020 22:20:08.947 Д©║Ф│╞ [Thread-4] org.apache.catalina.core.StandardService.stopInternal ц╕б╜бёц╔б°б╗ц╔б│б°ц╕б╜б╒ц╕б°б█ц╔б┼б║[Catalina]
15-Sep-2020 22:20:08.974 Д©║Ф│╞ [Thread-4] org.apache.coyote.AbstractProtocol.stop ц╕б╜бёц╔б°б╗ц╔б│б°ц╕б╜б╒ProtocolHandler ["http-nio-8080"]
15-Sep-2020 22:20:08.976 Д©║Ф│╞ [Thread-4] org.apache.coyote.AbstractProtocol.destroy ц╕б╜бёц╔б°б╗ц╕б▒б╖ц╕б╞б│ц╔б█б▐ц╗б╝б╝ц╔б╓б└ц╖б░б├ц╔б≥б╗ ["http-nio-8080"]
15-Sep-2020 22:20:14.041 Д©║Ф│╞ [main] org.apache.catalina.startup.VersionLoggerListener.log Server.ц╕б°б█ц╔б┼б║ц╔б≥б╗ц╖б┴б┬ц╕б°б╛: Apache Tomcat/@VERSION@
15-Sep-2020 22:20:14.046 Д©║Ф│╞ [main] org.apache.catalina.startup.VersionLoggerListener.log ц╕б°б█ц╔б┼б║ц╔б≥б╗ц╕б·б└ц╔б╩б╨:        @VERSION_BUILT@
15-Sep-2020 22:20:14.046 Д©║Ф│╞ [main] org.apache.catalina.startup.VersionLoggerListener.log ц╕б°б█ц╔б┼б║ц╔б≥б╗ц╖б┴б┬ц╕б°б╛ц╔б▐б╥(:     @VERSION_NUMBER@
15-Sep-2020 22:20:14.047 Д©║Ф│╞ [main] org.apache.catalina.startup.VersionLoggerListener.log ц╕б⌠б█ц╓б╫б°ц╖бЁб╩ц╖б╩б÷ц╔б░б█ц╖б╖б╟:      Windows 10
15-Sep-2020 22:20:14.047 Д©║Ф│╞ [main] org.apache.catalina.startup.VersionLoggerListener.log OS.ц╖б┴б┬ц╕б°б╛:           10.0
15-Sep-2020 22:20:14.047 Д©║Ф│╞ [main] org.apache.catalina.startup.VersionLoggerListener.log ц╕б·б╤ц╕б·б└:              amd64
15-Sep-2020 22:20:14.047 Д©║Ф│╞ [main] org.apache.catalina.startup.VersionLoggerListener.log Java ц╖б▌б╞ц╔б╒б┐ц╔б▐б≤ц╘б┤б▐:     C:\Program Files\Java\jdk1.8.0_144\jre
15-Sep-2020 22:20:14.047 Д©║Ф│╞ [main] org.apache.catalina.startup.VersionLoggerListener.log Javaц╗б≥б ц╕б▀б÷ц╕б°б╨ц╖б┴б┬ц╕б°б╛:    1.8.0_144-b01
15-Sep-2020 22:20:14.047 Д©║Ф│╞ [main] org.apache.catalina.startup.VersionLoggerListener.log JVM.ц╓б╬б⌡ц╔б╨б■ц╔б∙б├:        Oracle Corporation
15-Sep-2020 22:20:14.047 Д©║Ф│╞ [main] org.apache.catalina.startup.VersionLoggerListener.log CATALINA_BASE:     C:\Users\Administrator\Desktop\tomcatcode\catalina-home
15-Sep-2020 22:20:14.047 Д©║Ф│╞ [main] org.apache.catalina.startup.VersionLoggerListener.log CATALINA_HOME:     C:\Users\Administrator\Desktop\tomcatcode\catalina-home
15-Sep-2020 22:20:14.048 Д©║Ф│╞ [main] org.apache.catalina.startup.VersionLoggerListener.log ц╔б▒б╫ц╓б╩б╓ц╗б║б▄ц╔б▐б┌ц╕б∙б╟ц╞б╪б -agentlib:jdwp=transport=dt_socket,address=127.0.0.1:3607,suspend=y,server=n
15-Sep-2020 22:20:14.048 Д©║Ф│╞ [main] org.apache.catalina.startup.VersionLoggerListener.log ц╔б▒б╫ц╓б╩б╓ц╗б║б▄ц╔б▐б┌ц╕б∙б╟ц╞б╪б -Dvisualvm.id=3734176731547
15-Sep-2020 22:20:14.048 Д©║Ф│╞ [main] org.apache.catalina.startup.VersionLoggerListener.log ц╔б▒б╫ц╓б╩б╓ц╗б║б▄ц╔б▐б┌ц╕б∙б╟ц╞б╪б -Dcatalina.home=catalina-home
15-Sep-2020 22:20:14.048 Д©║Ф│╞ [main] org.apache.catalina.startup.VersionLoggerListener.log ц╔б▒б╫ц╓б╩б╓ц╗б║б▄ц╔б▐б┌ц╕б∙б╟ц╞б╪б -Dcatalina.base=catalina-home
15-Sep-2020 22:20:14.048 Д©║Ф│╞ [main] org.apache.catalina.startup.VersionLoggerListener.log ц╔б▒б╫ц╓б╩б╓ц╗б║б▄ц╔б▐б┌ц╕б∙б╟ц╞б╪б -Djava.endorsed.dirs=catalina-home1/endorsed
15-Sep-2020 22:20:14.048 Д©║Ф│╞ [main] org.apache.catalina.startup.VersionLoggerListener.log ц╔б▒б╫ц╓б╩б╓ц╗б║б▄ц╔б▐б┌ц╕б∙б╟ц╞б╪б -Djava.io.tmpdir=catalina-home/temp
15-Sep-2020 22:20:14.048 Д©║Ф│╞ [main] org.apache.catalina.startup.VersionLoggerListener.log ц╔б▒б╫ц╓б╩б╓ц╗б║б▄ц╔б▐б┌ц╕б∙б╟ц╞б╪б -Djava.util.logging.manager=org.apache.juli.ClassLoaderLogManager
15-Sep-2020 22:20:14.048 Д©║Ф│╞ [main] org.apache.catalina.startup.VersionLoggerListener.log ц╔б▒б╫ц╓б╩б╓ц╗б║б▄ц╔б▐б┌ц╕б∙б╟ц╞б╪б -Djava.util.logging.config.file=catalina-home/conf/logging.properties
15-Sep-2020 22:20:14.049 Д©║Ф│╞ [main] org.apache.catalina.startup.VersionLoggerListener.log ц╔б▒б╫ц╓б╩б╓ц╗б║б▄ц╔б▐б┌ц╕б∙б╟ц╞б╪б -javaagent:C:\Users\Administrator\AppData\Local\JetBrains\IntelliJIdea2020.1\captureAgent\debugger-agent.jar
15-Sep-2020 22:20:14.049 Д©║Ф│╞ [main] org.apache.catalina.startup.VersionLoggerListener.log ц╔б▒б╫ц╓б╩б╓ц╗б║б▄ц╔б▐б┌ц╕б∙б╟ц╞б╪б -Dfile.encoding=UTF-8
15-Sep-2020 22:20:14.049 Д©║Ф│╞ [main] org.apache.catalina.core.AprLifecycleListener.lifecycleEvent ц╔б°б╗java.library.path:[C:\Program Files\Java\jdk1.8.0_144\bin;C:\Windows\Sun\Java\bin;C:\Windows\system32;C:\Windows;C:\Program Files\MySQL\MySQL Server 5.7\bin;C:\Program Files (x86)\Common Files\Intel\Shared Libraries\redist\intel64\compiler;C:\ProgramData\Oracle\Java\javapath;C:\Windows\system32;C:\Windows;C:\Windows\System32\Wbem;C:\Windows\System32\WindowsPowerShell\v1.0\;C:\Program Files\Java\jdk1.8.0_144\bin;E:\myWorkApplication\SPSS\JRE\bin;E:\myWorkApplication\MATLAB R2018b\runtime\win64;C:\Program Files\dotnet\;C:\Program Files\Microsoft SQL Server\Client SDK\ODBC\170\Tools\Binn\;C:\Windows\System32\OpenSSH\;C:\Program Files\Git\cmd;?E:\myWorkApplication\my_java\apache-maven-3.3.9-bin\apache-maven-3.3.9\bin;C:\Program Files\MySQL\MySQL Utilities 1.6\;C:\Program Files\TortoiseGit\bin;C:\Program Files (x86)\NVIDIA Corporation\PhysX\Common;C:\Program Files\NVIDIA Corporation\NVIDIA NvDLISR;E:\rabbitMQ\erl10.2\bin;C:\Users\Administrator\sdk\go1.13.5\bin\;C:\Users\Administrator\go\bin;C:\Users\Administrator\gobin;E:\myWorkApplication\Graphviz2.38\bin;E:\myWorkApplication\gradle-4.9-all\gradle-4.9\bin;C:\Users\Administrator\AppData\Local\Programs\Python\Python37\Scripts\;C:\Users\Administrator\AppData\Local\Programs\Python\Python37\;C:\Program Files\MySQL\MySQL Shell 8.0\bin\;E:\myWorkApplication\Visual\Microsoft VS Code\bin;E:\myWorkApplication\PyCharm 2020.1.2\bin;;e:\myWorkApplication\JetBrains\GoLand 2019.2.3\bin;;C:\Users\Administrator\sdk\go1.13.5\bin\;C:\Users\Administrator\go\bin;E:\myWorkApplication\IntelliJ IDEA 2020.1.2\bin;;E:\myWorkApplication\Graphviz2.38\bin;;.]ц╓б╦б┼ц╕б┴б╬ц╓б╦б█ц╔б┬б╟ц╔б÷б╨ц╓б╨б▌APRц╖б б└Apache Tomcatц╕б°б╛ц╕б°б╨ц╔б╨б⌠ц╞б╪б▄ц╗б╞б╔ц╔б╨б⌠ц╔б┘б│ц╗б╝б╦ц╔б°б╗ц╖б■б÷ц╓б╨б╖ц╖б▌б╞ц╔б╒б┐ц╓б╦б╜ц╗б▌б╥ц╔б╬б≈ц╕б°б─ц╓б╫бЁц╕б─б╖ц╗б┐б╫
15-Sep-2020 22:20:57.659 Д©║Ф│╞ [main] org.apache.coyote.AbstractProtocol.init ц╔б┬б²ц╔б╖б▀ц╔б▄б√ц╔б█б▐ц╗б╝б╝ц╔б╓б└ц╖б░б├ц╔б≥б╗ ["http-nio-8080"]
15-Sep-2020 22:20:57.876 Д©║Ф│╞ [main] org.apache.tomcat.util.net.NioSelectorPool.getSharedSelector Using a shared selector for servlet write/read
15-Sep-2020 22:20:57.887 Д©║Ф│╞ [main] org.apache.catalina.startup.Catalina.load Initialization processed in 44256 ms
15-Sep-2020 22:20:57.926 Д©║Ф│╞ [main] org.apache.catalina.core.StandardService.startInternal ц╕б╜бёц╔б°б╗ц╔б░б╞ц╔б┼б╗ц╕б°б█ц╔б┼б║[Catalina]
15-Sep-2020 22:20:57.926 Д©║Ф│╞ [main] org.apache.catalina.core.StandardEngine.startInternal Starting Servlet Engine: Apache Tomcat/@VERSION@
15-Sep-2020 22:20:57.958 Д©║Ф│╞ [localhost-startStop-1] org.apache.catalina.startup.HostConfig.deployDirectory ц╕б┼б┼web ц╔б╨б■ц╖б■б╗ц╖б╗б▀ц╔б╨б▐ц╘б┐б╗ц╖б╫б╡ц╔б┬б╟ц╖б⌡б╝ц╔б╫б∙ [C:\Users\Administrator\Desktop\tomcatcode\catalina-home\webapps\docs]
15-Sep-2020 22:20:58.288 Д©║Ф│╞ [localhost-startStop-1] org.apache.jasper.servlet.TldScanner.scanJars ц╗б┤бЁц╔б╟б▒ц╕б°б┴ц╓б╦б─ц╓б╦б╙JARц╗б╒б╚ц╕б┴б╚ц╕б▐б▐ц╖б■б╗ц╓б╨б▌TLDц╓б╫б├ц╔б╟б ц╕б°б╙ц╔б▄б┘ц╔б░б╚TLDцёб─б┌ ц╓б╦б╨ц╕б╜б╓ц╗б╝б╟ц╔б╫б∙ц╔б≥б╗ц╔б░б╞ц╖б■б╗ц╗б╟б┐ц╗б╞б∙ц╕б≈б╔ц╔б©б≈ц╗б╝б╟ц╔б╫б∙ц╞б╪б▄ц╓б╩б╔ц╗б▌б╥ц╔б▐б√ц╔б╥б╡ц╕б┴б╚ц╕б▐б▐ц╓б╫б├ц╕б°б╙ц╔б°б╗ц╔б┘б╤ц╓б╦б╜ц╕б┴б╬ц╔б┬б╟TLDц╖б б└ц╔б╝б▄ц╕б∙б╢JARц╔б┬б≈ц╗б║б╗цёб─б┌ ц╔б°б╗ц╕б┴б╚ц╕б▐б▐ц╕б°б÷ц╘б≈б╢ц╗б╥бЁц╗б©б┤ц╓б╦б█ц╘б°б─ц╗б╕б│ц╖б б└JARц╔б▐б╞ц╓б╩б╔ц╖б╪б╘ц╖б÷б╜ц╔б░б╞ц╔б┼б╗ц╕б≈б╤ц╘б≈б╢ц╔б▓б▄JSPц╖б╪б√ц╗б╞б▒ц╕б≈б╤ц╘б≈б╢цёб─б┌
15-Sep-2020 22:20:58.348 Д©║Ф│╞ [localhost-startStop-1] org.apache.catalina.startup.HostConfig.deployDirectory Webц╔б╨б■ц╖б■б╗ц╖б╗б▀ц╔б╨б▐ц╖б⌡б╝ц╔б╫б∙[C:\Users\Administrator\Desktop\tomcatcode\catalina-home\webapps\docs]ц╖б б└ц╘б┐б╗ц╖б╫б╡ц╔б╥б╡ц╔б°б╗[386]ц╕б╞б╚ц╖б╖б▓ц╔б├б┘ц╔б╝б▄ц╕б┬б░
15-Sep-2020 22:20:58.349 Д©║Ф│╞ [localhost-startStop-1] org.apache.catalina.startup.HostConfig.deployDirectory ц╕б┼б┼web ц╔б╨б■ц╖б■б╗ц╖б╗б▀ц╔б╨б▐ц╘б┐б╗ц╖б╫б╡ц╔б┬б╟ц╖б⌡б╝ц╔б╫б∙ [C:\Users\Administrator\Desktop\tomcatcode\catalina-home\webapps\examples]
15-Sep-2020 22:20:58.560 Д©║Ф│╞ [localhost-startStop-1] org.apache.jasper.servlet.TldScanner.scanJars ц╗б┤бЁц╔б╟б▒ц╕б°б┴ц╓б╦б─ц╓б╦б╙JARц╗б╒б╚ц╕б┴б╚ц╕б▐б▐ц╖б■б╗ц╓б╨б▌TLDц╓б╫б├ц╔б╟б ц╕б°б╙ц╔б▄б┘ц╔б░б╚TLDцёб─б┌ ц╓б╦б╨ц╕б╜б╓ц╗б╝б╟ц╔б╫б∙ц╔б≥б╗ц╔б░б╞ц╖б■б╗ц╗б╟б┐ц╗б╞б∙ц╕б≈б╔ц╔б©б≈ц╗б╝б╟ц╔б╫б∙ц╞б╪б▄ц╓б╩б╔ц╗б▌б╥ц╔б▐б√ц╔б╥б╡ц╕б┴б╚ц╕б▐б▐ц╓б╫б├ц╕б°б╙ц╔б°б╗ц╔б┘б╤ц╓б╦б╜ц╕б┴б╬ц╔б┬б╟TLDц╖б б└ц╔б╝б▄ц╕б∙б╢JARц╔б┬б≈ц╗б║б╗цёб─б┌ ц╔б°б╗ц╕б┴б╚ц╕б▐б▐ц╕б°б÷ц╘б≈б╢ц╗б╥бЁц╗б©б┤ц╓б╦б█ц╘б°б─ц╗б╕б│ц╖б б└JARц╔б▐б╞ц╓б╩б╔ц╖б╪б╘ц╖б÷б╜ц╔б░б╞ц╔б┼б╗ц╕б≈б╤ц╘б≈б╢ц╔б▓б▄JSPц╖б╪б√ц╗б╞б▒ц╕б≈б╤ц╘б≈б╢цёб─б┌
15-Sep-2020 22:20:58.588 Д╦╔И┤█ [localhost-startStop-1] org.apache.catalina.core.StandardContext.startInternal ц╓б╦б─ц╓б╦б╙ц╕б┬б√ц╔б╓б ц╓б╦б╙listenersц╔б░б╞ц╔б┼б╗ц╔б╓б╠ц╗б╢б╔ц╞б╪б▄ц╕б⌡б╢ц╔б╓б ц╗б╞б╕ц╖б╩б├ц╓б©б║ц╕б│б╞ц╕б÷б╔ц╖б°б▀ц╔б╞б╧ц╔б╨б■ц╖б б└ц╔б╝б╧ц╔б≥б╗ц╕б≈б╔ц╔б©б≈ц╕б√б┤ц╓б╩б╤
15-Sep-2020 22:20:58.589 Д╦╔И┤█ [localhost-startStop-1] org.apache.catalina.core.StandardContext.startInternal ц╖б■б╠ц╓б╨б▌ц╓б╧б▀ц╔б┴б█ц╖б б└ц╘б■б≥ц╗б╞б╞ц╞б╪б▄Context[/examples]ц╔б░б╞ц╔б┼б╗ц╔б╓б╠ц╗б╢б╔
15-Sep-2020 22:20:58.598 Д©║Ф│╞ [localhost-startStop-1] org.apache.catalina.startup.HostConfig.deployDirectory Webц╔б╨б■ц╖б■б╗ц╖б╗б▀ц╔б╨б▐ц╖б⌡б╝ц╔б╫б∙[C:\Users\Administrator\Desktop\tomcatcode\catalina-home\webapps\examples]ц╖б б└ц╘б┐б╗ц╖б╫б╡ц╔б╥б╡ц╔б°б╗[249]ц╕б╞б╚ц╖б╖б▓ц╔б├б┘ц╔б╝б▄ц╕б┬б░
15-Sep-2020 22:20:58.599 Д©║Ф│╞ [localhost-startStop-1] org.apache.catalina.startup.HostConfig.deployDirectory ц╕б┼б┼web ц╔б╨б■ц╖б■б╗ц╖б╗б▀ц╔б╨б▐ц╘б┐б╗ц╖б╫б╡ц╔б┬б╟ц╖б⌡б╝ц╔б╫б∙ [C:\Users\Administrator\Desktop\tomcatcode\catalina-home\webapps\host-manager]
15-Sep-2020 22:20:58.690 Д©║Ф│╞ [localhost-startStop-1] org.apache.jasper.servlet.TldScanner.scanJars ц╗б┤бЁц╔б╟б▒ц╕б°б┴ц╓б╦б─ц╓б╦б╙JARц╗б╒б╚ц╕б┴б╚ц╕б▐б▐ц╖б■б╗ц╓б╨б▌TLDц╓б╫б├ц╔б╟б ц╕б°б╙ц╔б▄б┘ц╔б░б╚TLDцёб─б┌ ц╓б╦б╨ц╕б╜б╓ц╗б╝б╟ц╔б╫б∙ц╔б≥б╗ц╔б░б╞ц╖б■б╗ц╗б╟б┐ц╗б╞б∙ц╕б≈б╔ц╔б©б≈ц╗б╝б╟ц╔б╫б∙ц╞б╪б▄ц╓б╩б╔ц╗б▌б╥ц╔б▐б√ц╔б╥б╡ц╕б┴б╚ц╕б▐б▐ц╓б╫б├ц╕б°б╙ц╔б°б╗ц╔б┘б╤ц╓б╦б╜ц╕б┴б╬ц╔б┬б╟TLDц╖б б└ц╔б╝б▄ц╕б∙б╢JARц╔б┬б≈ц╗б║б╗цёб─б┌ ц╔б°б╗ц╕б┴б╚ц╕б▐б▐ц╕б°б÷ц╘б≈б╢ц╗б╥бЁц╗б©б┤ц╓б╦б█ц╘б°б─ц╗б╕б│ц╖б б└JARц╔б▐б╞ц╓б╩б╔ц╖б╪б╘ц╖б÷б╜ц╔б░б╞ц╔б┼б╗ц╕б≈б╤ц╘б≈б╢ц╔б▓б▄JSPц╖б╪б√ц╗б╞б▒ц╕б≈б╤ц╘б≈б╢цёб─б┌
15-Sep-2020 22:20:58.702 Д©║Ф│╞ [localhost-startStop-1] org.apache.catalina.startup.HostConfig.deployDirectory Webц╔б╨б■ц╖б■б╗ц╖б╗б▀ц╔б╨б▐ц╖б⌡б╝ц╔б╫б∙[C:\Users\Administrator\Desktop\tomcatcode\catalina-home\webapps\host-manager]ц╖б б└ц╘б┐б╗ц╖б╫б╡ц╔б╥б╡ц╔б°б╗[104]ц╕б╞б╚ц╖б╖б▓ц╔б├б┘ц╔б╝б▄ц╕б┬б░
15-Sep-2020 22:20:58.703 Д©║Ф│╞ [localhost-startStop-1] org.apache.catalina.startup.HostConfig.deployDirectory ц╕б┼б┼web ц╔б╨б■ц╖б■б╗ц╖б╗б▀ц╔б╨б▐ц╘б┐б╗ц╖б╫б╡ц╔б┬б╟ц╖б⌡б╝ц╔б╫б∙ [C:\Users\Administrator\Desktop\tomcatcode\catalina-home\webapps\manager]
15-Sep-2020 22:20:58.810 Д©║Ф│╞ [localhost-startStop-1] org.apache.jasper.servlet.TldScanner.scanJars ц╗б┤бЁц╔б╟б▒ц╕б°б┴ц╓б╦б─ц╓б╦б╙JARц╗б╒б╚ц╕б┴б╚ц╕б▐б▐ц╖б■б╗ц╓б╨б▌TLDц╓б╫б├ц╔б╟б ц╕б°б╙ц╔б▄б┘ц╔б░б╚TLDцёб─б┌ ц╓б╦б╨ц╕б╜б╓ц╗б╝б╟ц╔б╫б∙ц╔б≥б╗ц╔б░б╞ц╖б■б╗ц╗б╟б┐ц╗б╞б∙ц╕б≈б╔ц╔б©б≈ц╗б╝б╟ц╔б╫б∙ц╞б╪б▄ц╓б╩б╔ц╗б▌б╥ц╔б▐б√ц╔б╥б╡ц╕б┴б╚ц╕б▐б▐ц╓б╫б├ц╕б°б╙ц╔б°б╗ц╔б┘б╤ц╓б╦б╜ц╕б┴б╬ц╔б┬б╟TLDц╖б б└ц╔б╝б▄ц╕б∙б╢JARц╔б┬б≈ц╗б║б╗цёб─б┌ ц╔б°б╗ц╕б┴б╚ц╕б▐б▐ц╕б°б÷ц╘б≈б╢ц╗б╥бЁц╗б©б┤ц╓б╦б█ц╘б°б─ц╗б╕б│ц╖б б└JARц╔б▐б╞ц╓б╩б╔ц╖б╪б╘ц╖б÷б╜ц╔б░б╞ц╔б┼б╗ц╕б≈б╤ц╘б≈б╢ц╔б▓б▄JSPц╖б╪б√ц╗б╞б▒ц╕б≈б╤ц╘б≈б╢цёб─б┌
15-Sep-2020 22:20:58.814 Д©║Ф│╞ [localhost-startStop-1] org.apache.catalina.startup.HostConfig.deployDirectory Webц╔б╨б■ц╖б■б╗ц╖б╗б▀ц╔б╨б▐ц╖б⌡б╝ц╔б╫б∙[C:\Users\Administrator\Desktop\tomcatcode\catalina-home\webapps\manager]ц╖б б└ц╘б┐б╗ц╖б╫б╡ц╔б╥б╡ц╔б°б╗[110]ц╕б╞б╚ц╖б╖б▓ц╔б├б┘ц╔б╝б▄ц╕б┬б░
15-Sep-2020 22:20:58.814 Д©║Ф│╞ [localhost-startStop-1] org.apache.catalina.startup.HostConfig.deployDirectory ц╕б┼б┼web ц╔б╨б■ц╖б■б╗ц╖б╗б▀ц╔б╨б▐ц╘б┐б╗ц╖б╫б╡ц╔б┬б╟ц╖б⌡б╝ц╔б╫б∙ [C:\Users\Administrator\Desktop\tomcatcode\catalina-home\webapps\ROOT]
15-Sep-2020 22:20:58.909 Д©║Ф│╞ [localhost-startStop-1] org.apache.jasper.servlet.TldScanner.scanJars ц╗б┤бЁц╔б╟б▒ц╕б°б┴ц╓б╦б─ц╓б╦б╙JARц╗б╒б╚ц╕б┴б╚ц╕б▐б▐ц╖б■б╗ц╓б╨б▌TLDц╓б╫б├ц╔б╟б ц╕б°б╙ц╔б▄б┘ц╔б░б╚TLDцёб─б┌ ц╓б╦б╨ц╕б╜б╓ц╗б╝б╟ц╔б╫б∙ц╔б≥б╗ц╔б░б╞ц╖б■б╗ц╗б╟б┐ц╗б╞б∙ц╕б≈б╔ц╔б©б≈ц╗б╝б╟ц╔б╫б∙ц╞б╪б▄ц╓б╩б╔ц╗б▌б╥ц╔б▐б√ц╔б╥б╡ц╕б┴б╚ц╕б▐б▐ц╓б╫б├ц╕б°б╙ц╔б°б╗ц╔б┘б╤ц╓б╦б╜ц╕б┴б╬ц╔б┬б╟TLDц╖б б└ц╔б╝б▄ц╕б∙б╢JARц╔б┬б≈ц╗б║б╗цёб─б┌ ц╔б°б╗ц╕б┴б╚ц╕б▐б▐ц╕б°б÷ц╘б≈б╢ц╗б╥бЁц╗б©б┤ц╓б╦б█ц╘б°б─ц╗б╕б│ц╖б б└JARц╔б▐б╞ц╓б╩б╔ц╖б╪б╘ц╖б÷б╜ц╔б░б╞ц╔б┼б╗ц╕б≈б╤ц╘б≈б╢ц╔б▓б▄JSPц╖б╪б√ц╗б╞б▒ц╕б≈б╤ц╘б≈б╢цёб─б┌
15-Sep-2020 22:20:58.911 Д©║Ф│╞ [localhost-startStop-1] org.apache.catalina.startup.HostConfig.deployDirectory Webц╔б╨б■ц╖б■б╗ц╖б╗б▀ц╔б╨б▐ц╖б⌡б╝ц╔б╫б∙[C:\Users\Administrator\Desktop\tomcatcode\catalina-home\webapps\ROOT]ц╖б б└ц╘б┐б╗ц╖б╫б╡ц╔б╥б╡ц╔б°б╗[97]ц╕б╞б╚ц╖б╖б▓ц╔б├б┘ц╔б╝б▄ц╕б┬б░
15-Sep-2020 22:20:58.917 Д©║Ф│╞ [main] org.apache.coyote.AbstractProtocol.start ц╔б╪б─ц╔б╖б▀ц╔б█б▐ц╗б╝б╝ц╔б╓б└ц╖б░б├ц╔б▐б╔ц╕б÷б└["http-nio-8080"]
15-Sep-2020 22:20:58.931 Д©║Ф│╞ [main] org.apache.catalina.startup.Catalina.start Server startup in 1042 ms
15-Sep-2020 22:21:08.673 Д©║Ф│╞ [Thread-4] org.apache.coyote.AbstractProtocol.pause ц╕б б┌ц╔б│б°ProtocolHandler["http-nio-8080"]
15-Sep-2020 22:21:08.816 Д©║Ф│╞ [Thread-4] org.apache.catalina.core.StandardService.stopInternal ц╕б╜бёц╔б°б╗ц╔б│б°ц╕б╜б╒ц╕б°б█ц╔б┼б║[Catalina]
15-Sep-2020 22:21:08.826 Д©║Ф│╞ [Thread-4] org.apache.coyote.AbstractProtocol.stop ц╕б╜бёц╔б°б╗ц╔б│б°ц╕б╜б╒ProtocolHandler ["http-nio-8080"]
15-Sep-2020 22:21:08.827 Д©║Ф│╞ [Thread-4] org.apache.coyote.AbstractProtocol.destroy ц╕б╜бёц╔б°б╗ц╕б▒б╖ц╕б╞б│ц╔б█б▐ц╗б╝б╝ц╔б╓б└ц╖б░б├ц╔б≥б╗ ["http-nio-8080"]
15-Sep-2020 22:21:13.660 Д©║Ф│╞ [main] org.apache.catalina.startup.VersionLoggerListener.log Server.ц╕б°б█ц╔б┼б║ц╔б≥б╗ц╖б┴б┬ц╕б°б╛: Apache Tomcat/@VERSION@
15-Sep-2020 22:21:13.665 Д©║Ф│╞ [main] org.apache.catalina.startup.VersionLoggerListener.log ц╕б°б█ц╔б┼б║ц╔б≥б╗ц╕б·б└ц╔б╩б╨:        @VERSION_BUILT@
15-Sep-2020 22:21:13.665 Д©║Ф│╞ [main] org.apache.catalina.startup.VersionLoggerListener.log ц╕б°б█ц╔б┼б║ц╔б≥б╗ц╖б┴б┬ц╕б°б╛ц╔б▐б╥(:     @VERSION_NUMBER@
15-Sep-2020 22:21:13.666 Д©║Ф│╞ [main] org.apache.catalina.startup.VersionLoggerListener.log ц╕б⌠б█ц╓б╫б°ц╖бЁб╩ц╖б╩б÷ц╔б░б█ц╖б╖б╟:      Windows 10
15-Sep-2020 22:21:13.666 Д©║Ф│╞ [main] org.apache.catalina.startup.VersionLoggerListener.log OS.ц╖б┴б┬ц╕б°б╛:           10.0
15-Sep-2020 22:21:13.666 Д©║Ф│╞ [main] org.apache.catalina.startup.VersionLoggerListener.log ц╕б·б╤ц╕б·б└:              amd64
15-Sep-2020 22:21:13.666 Д©║Ф│╞ [main] org.apache.catalina.startup.VersionLoggerListener.log Java ц╖б▌б╞ц╔б╒б┐ц╔б▐б≤ц╘б┤б▐:     C:\Program Files\Java\jdk1.8.0_144\jre
15-Sep-2020 22:21:13.666 Д©║Ф│╞ [main] org.apache.catalina.startup.VersionLoggerListener.log Javaц╗б≥б ц╕б▀б÷ц╕б°б╨ц╖б┴б┬ц╕б°б╛:    1.8.0_144-b01
15-Sep-2020 22:21:13.666 Д©║Ф│╞ [main] org.apache.catalina.startup.VersionLoggerListener.log JVM.ц╓б╬б⌡ц╔б╨б■ц╔б∙б├:        Oracle Corporation
15-Sep-2020 22:21:13.666 Д©║Ф│╞ [main] org.apache.catalina.startup.VersionLoggerListener.log CATALINA_BASE:     C:\Users\Administrator\Desktop\tomcatcode\catalina-home
15-Sep-2020 22:21:13.666 Д©║Ф│╞ [main] org.apache.catalina.startup.VersionLoggerListener.log CATALINA_HOME:     C:\Users\Administrator\Desktop\tomcatcode\catalina-home
15-Sep-2020 22:21:13.666 Д©║Ф│╞ [main] org.apache.catalina.startup.VersionLoggerListener.log ц╔б▒б╫ц╓б╩б╓ц╗б║б▄ц╔б▐б┌ц╕б∙б╟ц╞б╪б -agentlib:jdwp=transport=dt_socket,address=127.0.0.1:3626,suspend=y,server=n
15-Sep-2020 22:21:13.667 Д©║Ф│╞ [main] org.apache.catalina.startup.VersionLoggerListener.log ц╔б▒б╫ц╓б╩б╓ц╗б║б▄ц╔б▐б┌ц╕б∙б╟ц╞б╪б -Dvisualvm.id=3795122683203
15-Sep-2020 22:21:13.667 Д©║Ф│╞ [main] org.apache.catalina.startup.VersionLoggerListener.log ц╔б▒б╫ц╓б╩б╓ц╗б║б▄ц╔б▐б┌ц╕б∙б╟ц╞б╪б -Dcatalina.home=catalina-home
15-Sep-2020 22:21:13.667 Д©║Ф│╞ [main] org.apache.catalina.startup.VersionLoggerListener.log ц╔б▒б╫ц╓б╩б╓ц╗б║б▄ц╔б▐б┌ц╕б∙б╟ц╞б╪б -Dcatalina.base=catalina-home
15-Sep-2020 22:21:13.667 Д©║Ф│╞ [main] org.apache.catalina.startup.VersionLoggerListener.log ц╔б▒б╫ц╓б╩б╓ц╗б║б▄ц╔б▐б┌ц╕б∙б╟ц╞б╪б -Djava.endorsed.dirs=catalina-home1/endorsed
15-Sep-2020 22:21:13.667 Д©║Ф│╞ [main] org.apache.catalina.startup.VersionLoggerListener.log ц╔б▒б╫ц╓б╩б╓ц╗б║б▄ц╔б▐б┌ц╕б∙б╟ц╞б╪б -Djava.io.tmpdir=catalina-home/temp
15-Sep-2020 22:21:13.667 Д©║Ф│╞ [main] org.apache.catalina.startup.VersionLoggerListener.log ц╔б▒б╫ц╓б╩б╓ц╗б║б▄ц╔б▐б┌ц╕б∙б╟ц╞б╪б -Djava.util.logging.manager=org.apache.juli.ClassLoaderLogManager
15-Sep-2020 22:21:13.667 Д©║Ф│╞ [main] org.apache.catalina.startup.VersionLoggerListener.log ц╔б▒б╫ц╓б╩б╓ц╗б║б▄ц╔б▐б┌ц╕б∙б╟ц╞б╪б -Djava.util.logging.config.file=catalina-home/conf/logging.properties
15-Sep-2020 22:21:13.667 Д©║Ф│╞ [main] org.apache.catalina.startup.VersionLoggerListener.log ц╔б▒б╫ц╓б╩б╓ц╗б║б▄ц╔б▐б┌ц╕б∙б╟ц╞б╪б -javaagent:C:\Users\Administrator\AppData\Local\JetBrains\IntelliJIdea2020.1\captureAgent\debugger-agent.jar
15-Sep-2020 22:21:13.667 Д©║Ф│╞ [main] org.apache.catalina.startup.VersionLoggerListener.log ц╔б▒б╫ц╓б╩б╓ц╗б║б▄ц╔б▐б┌ц╕б∙б╟ц╞б╪б -Dfile.encoding=UTF-8
15-Sep-2020 22:21:13.667 Д©║Ф│╞ [main] org.apache.catalina.core.AprLifecycleListener.lifecycleEvent ц╔б°б╗java.library.path:[C:\Program Files\Java\jdk1.8.0_144\bin;C:\Windows\Sun\Java\bin;C:\Windows\system32;C:\Windows;C:\Program Files\MySQL\MySQL Server 5.7\bin;C:\Program Files (x86)\Common Files\Intel\Shared Libraries\redist\intel64\compiler;C:\ProgramData\Oracle\Java\javapath;C:\Windows\system32;C:\Windows;C:\Windows\System32\Wbem;C:\Windows\System32\WindowsPowerShell\v1.0\;C:\Program Files\Java\jdk1.8.0_144\bin;E:\myWorkApplication\SPSS\JRE\bin;E:\myWorkApplication\MATLAB R2018b\runtime\win64;C:\Program Files\dotnet\;C:\Program Files\Microsoft SQL Server\Client SDK\ODBC\170\Tools\Binn\;C:\Windows\System32\OpenSSH\;C:\Program Files\Git\cmd;?E:\myWorkApplication\my_java\apache-maven-3.3.9-bin\apache-maven-3.3.9\bin;C:\Program Files\MySQL\MySQL Utilities 1.6\;C:\Program Files\TortoiseGit\bin;C:\Program Files (x86)\NVIDIA Corporation\PhysX\Common;C:\Program Files\NVIDIA Corporation\NVIDIA NvDLISR;E:\rabbitMQ\erl10.2\bin;C:\Users\Administrator\sdk\go1.13.5\bin\;C:\Users\Administrator\go\bin;C:\Users\Administrator\gobin;E:\myWorkApplication\Graphviz2.38\bin;E:\myWorkApplication\gradle-4.9-all\gradle-4.9\bin;C:\Users\Administrator\AppData\Local\Programs\Python\Python37\Scripts\;C:\Users\Administrator\AppData\Local\Programs\Python\Python37\;C:\Program Files\MySQL\MySQL Shell 8.0\bin\;E:\myWorkApplication\Visual\Microsoft VS Code\bin;E:\myWorkApplication\PyCharm 2020.1.2\bin;;e:\myWorkApplication\JetBrains\GoLand 2019.2.3\bin;;C:\Users\Administrator\sdk\go1.13.5\bin\;C:\Users\Administrator\go\bin;E:\myWorkApplication\IntelliJ IDEA 2020.1.2\bin;;E:\myWorkApplication\Graphviz2.38\bin;;.]ц╓б╦б┼ц╕б┴б╬ц╓б╦б█ц╔б┬б╟ц╔б÷б╨ц╓б╨б▌APRц╖б б└Apache Tomcatц╕б°б╛ц╕б°б╨ц╔б╨б⌠ц╞б╪б▄ц╗б╞б╔ц╔б╨б⌠ц╔б┘б│ц╗б╝б╦ц╔б°б╗ц╖б■б÷ц╓б╨б╖ц╖б▌б╞ц╔б╒б┐ц╓б╦б╜ц╗б▌б╥ц╔б╬б≈ц╕б°б─ц╓б╫бЁц╕б─б╖ц╗б┐б╫
15-Sep-2020 22:21:34.592 Д©║Ф│╞ [main] org.apache.coyote.AbstractProtocol.init ц╔б┬б²ц╔б╖б▀ц╔б▄б√ц╔б█б▐ц╗б╝б╝ц╔б╓б└ц╖б░б├ц╔б≥б╗ ["http-nio-8080"]
15-Sep-2020 22:21:34.889 Д©║Ф│╞ [main] org.apache.tomcat.util.net.NioSelectorPool.getSharedSelector Using a shared selector for servlet write/read
15-Sep-2020 22:21:57.137 Д©║Ф│╞ [main] org.apache.catalina.startup.Catalina.load Initialization processed in 42971 ms
15-Sep-2020 22:26:14.818 Д©║Ф│╞ [main] org.apache.catalina.core.StandardService.startInternal ц╕б╜бёц╔б°б╗ц╔б░б╞ц╔б┼б╗ц╕б°б█ц╔б┼б║[Catalina]
15-Sep-2020 22:26:39.525 Д©║Ф│╞ [main] org.apache.catalina.core.StandardEngine.startInternal Starting Servlet Engine: Apache Tomcat/@VERSION@
15-Sep-2020 22:28:32.747 Д©║Ф│╞ [localhost-startStop-1] org.apache.catalina.startup.HostConfig.deployDirectory ц╕б┼б┼web ц╔б╨б■ц╖б■б╗ц╖б╗б▀ц╔б╨б▐ц╘б┐б╗ц╖б╫б╡ц╔б┬б╟ц╖б⌡б╝ц╔б╫б∙ [C:\Users\Administrator\Desktop\tomcatcode\catalina-home\webapps\docs]
15-Sep-2020 22:28:33.082 Д©║Ф│╞ [localhost-startStop-1] org.apache.jasper.servlet.TldScanner.scanJars ц╗б┤бЁц╔б╟б▒ц╕б°б┴ц╓б╦б─ц╓б╦б╙JARц╗б╒б╚ц╕б┴б╚ц╕б▐б▐ц╖б■б╗ц╓б╨б▌TLDц╓б╫б├ц╔б╟б ц╕б°б╙ц╔б▄б┘ц╔б░б╚TLDцёб─б┌ ц╓б╦б╨ц╕б╜б╓ц╗б╝б╟ц╔б╫б∙ц╔б≥б╗ц╔б░б╞ц╖б■б╗ц╗б╟б┐ц╗б╞б∙ц╕б≈б╔ц╔б©б≈ц╗б╝б╟ц╔б╫б∙ц╞б╪б▄ц╓б╩б╔ц╗б▌б╥ц╔б▐б√ц╔б╥б╡ц╕б┴б╚ц╕б▐б▐ц╓б╫б├ц╕б°б╙ц╔б°б╗ц╔б┘б╤ц╓б╦б╜ц╕б┴б╬ц╔б┬б╟TLDц╖б б└ц╔б╝б▄ц╕б∙б╢JARц╔б┬б≈ц╗б║б╗цёб─б┌ ц╔б°б╗ц╕б┴б╚ц╕б▐б▐ц╕б°б÷ц╘б≈б╢ц╗б╥бЁц╗б©б┤ц╓б╦б█ц╘б°б─ц╗б╕б│ц╖б б└JARц╔б▐б╞ц╓б╩б╔ц╖б╪б╘ц╖б÷б╜ц╔б░б╞ц╔б┼б╗ц╕б≈б╤ц╘б≈б╢ц╔б▓б▄JSPц╖б╪б√ц╗б╞б▒ц╕б≈б╤ц╘б≈б╢цёб─б┌
15-Sep-2020 22:28:33.117 Д©║Ф│╞ [localhost-startStop-1] org.apache.catalina.startup.HostConfig.deployDirectory Webц╔б╨б■ц╖б■б╗ц╖б╗б▀ц╔б╨б▐ц╖б⌡б╝ц╔б╫б∙[C:\Users\Administrator\Desktop\tomcatcode\catalina-home\webapps\docs]ц╖б б└ц╘б┐б╗ц╖б╫б╡ц╔б╥б╡ц╔б°б╗[367]ц╕б╞б╚ц╖б╖б▓ц╔б├б┘ц╔б╝б▄ц╕б┬б░
15-Sep-2020 22:28:33.117 Д©║Ф│╞ [localhost-startStop-1] org.apache.catalina.startup.HostConfig.deployDirectory ц╕б┼б┼web ц╔б╨б■ц╖б■б╗ц╖б╗б▀ц╔б╨б▐ц╘б┐б╗ц╖б╫б╡ц╔б┬б╟ц╖б⌡б╝ц╔б╫б∙ [C:\Users\Administrator\Desktop\tomcatcode\catalina-home\webapps\examples]
15-Sep-2020 22:28:33.292 Д©║Ф│╞ [localhost-startStop-1] org.apache.jasper.servlet.TldScanner.scanJars ц╗б┤бЁц╔б╟б▒ц╕б°б┴ц╓б╦б─ц╓б╦б╙JARц╗б╒б╚ц╕б┴б╚ц╕б▐б▐ц╖б■б╗ц╓б╨б▌TLDц╓б╫б├ц╔б╟б ц╕б°б╙ц╔б▄б┘ц╔б░б╚TLDцёб─б┌ ц╓б╦б╨ц╕б╜б╓ц╗б╝б╟ц╔б╫б∙ц╔б≥б╗ц╔б░б╞ц╖б■б╗ц╗б╟б┐ц╗б╞б∙ц╕б≈б╔ц╔б©б≈ц╗б╝б╟ц╔б╫б∙ц╞б╪б▄ц╓б╩б╔ц╗б▌б╥ц╔б▐б√ц╔б╥б╡ц╕б┴б╚ц╕б▐б▐ц╓б╫б├ц╕б°б╙ц╔б°б╗ц╔б┘б╤ц╓б╦б╜ц╕б┴б╬ц╔б┬б╟TLDц╖б б└ц╔б╝б▄ц╕б∙б╢JARц╔б┬б≈ц╗б║б╗цёб─б┌ ц╔б°б╗ц╕б┴б╚ц╕б▐б▐ц╕б°б÷ц╘б≈б╢ц╗б╥бЁц╗б©б┤ц╓б╦б█ц╘б°б─ц╗б╕б│ц╖б б└JARц╔б▐б╞ц╓б╩б╔ц╖б╪б╘ц╖б÷б╜ц╔б░б╞ц╔б┼б╗ц╕б≈б╤ц╘б≈б╢ц╔б▓б▄JSPц╖б╪б√ц╗б╞б▒ц╕б≈б╤ц╘б≈б╢цёб─б┌
15-Sep-2020 22:28:33.319 Д╦╔И┤█ [localhost-startStop-1] org.apache.catalina.core.StandardContext.startInternal ц╓б╦б─ц╓б╦б╙ц╕б┬б√ц╔б╓б ц╓б╦б╙listenersц╔б░б╞ц╔б┼б╗ц╔б╓б╠ц╗б╢б╔ц╞б╪б▄ц╕б⌡б╢ц╔б╓б ц╗б╞б╕ц╖б╩б├ц╓б©б║ц╕б│б╞ц╕б÷б╔ц╖б°б▀ц╔б╞б╧ц╔б╨б■ц╖б б└ц╔б╝б╧ц╔б≥б╗ц╕б≈б╔ц╔б©б≈ц╕б√б┤ц╓б╩б╤
15-Sep-2020 22:28:33.320 Д╦╔И┤█ [localhost-startStop-1] org.apache.catalina.core.StandardContext.startInternal ц╖б■б╠ц╓б╨б▌ц╓б╧б▀ц╔б┴б█ц╖б б└ц╘б■б≥ц╗б╞б╞ц╞б╪б▄Context[/examples]ц╔б░б╞ц╔б┼б╗ц╔б╓б╠ц╗б╢б╔
15-Sep-2020 22:28:33.326 Д©║Ф│╞ [localhost-startStop-1] org.apache.catalina.startup.HostConfig.deployDirectory Webц╔б╨б■ц╖б■б╗ц╖б╗б▀ц╔б╨б▐ц╖б⌡б╝ц╔б╫б∙[C:\Users\Administrator\Desktop\tomcatcode\catalina-home\webapps\examples]ц╖б б└ц╘б┐б╗ц╖б╫б╡ц╔б╥б╡ц╔б°б╗[209]ц╕б╞б╚ц╖б╖б▓ц╔б├б┘ц╔б╝б▄ц╕б┬б░
15-Sep-2020 22:28:33.326 Д©║Ф│╞ [localhost-startStop-1] org.apache.catalina.startup.HostConfig.deployDirectory ц╕б┼б┼web ц╔б╨б■ц╖б■б╗ц╖б╗б▀ц╔б╨б▐ц╘б┐б╗ц╖б╫б╡ц╔б┬б╟ц╖б⌡б╝ц╔б╫б∙ [C:\Users\Administrator\Desktop\tomcatcode\catalina-home\webapps\host-manager]
15-Sep-2020 22:28:33.411 Д©║Ф│╞ [localhost-startStop-1] org.apache.jasper.servlet.TldScanner.scanJars ц╗б┤бЁц╔б╟б▒ц╕б°б┴ц╓б╦б─ц╓б╦б╙JARц╗б╒б╚ц╕б┴б╚ц╕б▐б▐ц╖б■б╗ц╓б╨б▌TLDц╓б╫б├ц╔б╟б ц╕б°б╙ц╔б▄б┘ц╔б░б╚TLDцёб─б┌ ц╓б╦б╨ц╕б╜б╓ц╗б╝б╟ц╔б╫б∙ц╔б≥б╗ц╔б░б╞ц╖б■б╗ц╗б╟б┐ц╗б╞б∙ц╕б≈б╔ц╔б©б≈ц╗б╝б╟ц╔б╫б∙ц╞б╪б▄ц╓б╩б╔ц╗б▌б╥ц╔б▐б√ц╔б╥б╡ц╕б┴б╚ц╕б▐б▐ц╓б╫б├ц╕б°б╙ц╔б°б╗ц╔б┘б╤ц╓б╦б╜ц╕б┴б╬ц╔б┬б╟TLDц╖б б└ц╔б╝б▄ц╕б∙б╢JARц╔б┬б≈ц╗б║б╗цёб─б┌ ц╔б°б╗ц╕б┴б╚ц╕б▐б▐ц╕б°б÷ц╘б≈б╢ц╗б╥бЁц╗б©б┤ц╓б╦б█ц╘б°б─ц╗б╕б│ц╖б б└JARц╔б▐б╞ц╓б╩б╔ц╖б╪б╘ц╖б÷б╜ц╔б░б╞ц╔б┼б╗ц╕б≈б╤ц╘б≈б╢ц╔б▓б▄JSPц╖б╪б√ц╗б╞б▒ц╕б≈б╤ц╘б≈б╢цёб─б┌
15-Sep-2020 22:28:33.423 Д©║Ф│╞ [localhost-startStop-1] org.apache.catalina.startup.HostConfig.deployDirectory Webц╔б╨б■ц╖б■б╗ц╖б╗б▀ц╔б╨б▐ц╖б⌡б╝ц╔б╫б∙[C:\Users\Administrator\Desktop\tomcatcode\catalina-home\webapps\host-manager]ц╖б б└ц╘б┐б╗ц╖б╫б╡ц╔б╥б╡ц╔б°б╗[97]ц╕б╞б╚ц╖б╖б▓ц╔б├б┘ц╔б╝б▄ц╕б┬б░
15-Sep-2020 22:28:33.423 Д©║Ф│╞ [localhost-startStop-1] org.apache.catalina.startup.HostConfig.deployDirectory ц╕б┼б┼web ц╔б╨б■ц╖б■б╗ц╖б╗б▀ц╔б╨б▐ц╘б┐б╗ц╖б╫б╡ц╔б┬б╟ц╖б⌡б╝ц╔б╫б∙ [C:\Users\Administrator\Desktop\tomcatcode\catalina-home\webapps\manager]
15-Sep-2020 22:28:33.516 Д©║Ф│╞ [localhost-startStop-1] org.apache.jasper.servlet.TldScanner.scanJars ц╗б┤бЁц╔б╟б▒ц╕б°б┴ц╓б╦б─ц╓б╦б╙JARц╗б╒б╚ц╕б┴б╚ц╕б▐б▐ц╖б■б╗ц╓б╨б▌TLDц╓б╫б├ц╔б╟б ц╕б°б╙ц╔б▄б┘ц╔б░б╚TLDцёб─б┌ ц╓б╦б╨ц╕б╜б╓ц╗б╝б╟ц╔б╫б∙ц╔б≥б╗ц╔б░б╞ц╖б■б╗ц╗б╟б┐ц╗б╞б∙ц╕б≈б╔ц╔б©б≈ц╗б╝б╟ц╔б╫б∙ц╞б╪б▄ц╓б╩б╔ц╗б▌б╥ц╔б▐б√ц╔б╥б╡ц╕б┴б╚ц╕б▐б▐ц╓б╫б├ц╕б°б╙ц╔б°б╗ц╔б┘б╤ц╓б╦б╜ц╕б┴б╬ц╔б┬б╟TLDц╖б б└ц╔б╝б▄ц╕б∙б╢JARц╔б┬б≈ц╗б║б╗цёб─б┌ ц╔б°б╗ц╕б┴б╚ц╕б▐б▐ц╕б°б÷ц╘б≈б╢ц╗б╥бЁц╗б©б┤ц╓б╦б█ц╘б°б─ц╗б╕б│ц╖б б└JARц╔б▐б╞ц╓б╩б╔ц╖б╪б╘ц╖б÷б╜ц╔б░б╞ц╔б┼б╗ц╕б≈б╤ц╘б≈б╢ц╔б▓б▄JSPц╖б╪б√ц╗б╞б▒ц╕б≈б╤ц╘б≈б╢цёб─б┌
15-Sep-2020 22:28:33.519 Д©║Ф│╞ [localhost-startStop-1] org.apache.catalina.startup.HostConfig.deployDirectory Webц╔б╨б■ц╖б■б╗ц╖б╗б▀ц╔б╨б▐ц╖б⌡б╝ц╔б╫б∙[C:\Users\Administrator\Desktop\tomcatcode\catalina-home\webapps\manager]ц╖б б└ц╘б┐б╗ц╖б╫б╡ц╔б╥б╡ц╔б°б╗[96]ц╕б╞б╚ц╖б╖б▓ц╔б├б┘ц╔б╝б▄ц╕б┬б░
15-Sep-2020 22:28:33.519 Д©║Ф│╞ [localhost-startStop-1] org.apache.catalina.startup.HostConfig.deployDirectory ц╕б┼б┼web ц╔б╨б■ц╖б■б╗ц╖б╗б▀ц╔б╨б▐ц╘б┐б╗ц╖б╫б╡ц╔б┬б╟ц╖б⌡б╝ц╔б╫б∙ [C:\Users\Administrator\Desktop\tomcatcode\catalina-home\webapps\ROOT]
15-Sep-2020 22:28:33.599 Д©║Ф│╞ [localhost-startStop-1] org.apache.jasper.servlet.TldScanner.scanJars ц╗б┤бЁц╔б╟б▒ц╕б°б┴ц╓б╦б─ц╓б╦б╙JARц╗б╒б╚ц╕б┴б╚ц╕б▐б▐ц╖б■б╗ц╓б╨б▌TLDц╓б╫б├ц╔б╟б ц╕б°б╙ц╔б▄б┘ц╔б░б╚TLDцёб─б┌ ц╓б╦б╨ц╕б╜б╓ц╗б╝б╟ц╔б╫б∙ц╔б≥б╗ц╔б░б╞ц╖б■б╗ц╗б╟б┐ц╗б╞б∙ц╕б≈б╔ц╔б©б≈ц╗б╝б╟ц╔б╫б∙ц╞б╪б▄ц╓б╩б╔ц╗б▌б╥ц╔б▐б√ц╔б╥б╡ц╕б┴б╚ц╕б▐б▐ц╓б╫б├ц╕б°б╙ц╔б°б╗ц╔б┘б╤ц╓б╦б╜ц╕б┴б╬ц╔б┬б╟TLDц╖б б└ц╔б╝б▄ц╕б∙б╢JARц╔б┬б≈ц╗б║б╗цёб─б┌ ц╔б°б╗ц╕б┴б╚ц╕б▐б▐ц╕б°б÷ц╘б≈б╢ц╗б╥бЁц╗б©б┤ц╓б╦б█ц╘б°б─ц╗б╕б│ц╖б б└JARц╔б▐б╞ц╓б╩б╔ц╖б╪б╘ц╖б÷б╜ц╔б░б╞ц╔б┼б╗ц╕б≈б╤ц╘б≈б╢ц╔б▓б▄JSPц╖б╪б√ц╗б╞б▒ц╕б≈б╤ц╘б≈б╢цёб─б┌
15-Sep-2020 22:28:33.602 Д©║Ф│╞ [localhost-startStop-1] org.apache.catalina.startup.HostConfig.deployDirectory Webц╔б╨б■ц╖б■б╗ц╖б╗б▀ц╔б╨б▐ц╖б⌡б╝ц╔б╫б∙[C:\Users\Administrator\Desktop\tomcatcode\catalina-home\webapps\ROOT]ц╖б б└ц╘б┐б╗ц╖б╫б╡ц╔б╥б╡ц╔б°б╗[83]ц╕б╞б╚ц╖б╖б▓ц╔б├б┘ц╔б╝б▄ц╕б┬б░
15-Sep-2020 22:29:37.276 Д©║Ф│╞ [main] org.apache.coyote.AbstractProtocol.start ц╔б╪б─ц╔б╖б▀ц╔б█б▐ц╗б╝б╝ц╔б╓б└ц╖б░б├ц╔б▐б╔ц╕б÷б└["http-nio-8080"]
15-Sep-2020 22:29:50.246 Д©║Ф│╞ [main] org.apache.catalina.startup.Catalina.start Server startup in 411232 ms
15-Sep-2020 22:29:50.297 Д©║Ф│╞ [Thread-4] org.apache.coyote.AbstractProtocol.pause ц╕б б┌ц╔б│б°ProtocolHandler["http-nio-8080"]
15-Sep-2020 22:29:50.441 Д©║Ф│╞ [Thread-4] org.apache.catalina.core.StandardService.stopInternal ц╕б╜бёц╔б°б╗ц╔б│б°ц╕б╜б╒ц╕б°б█ц╔б┼б║[Catalina]
15-Sep-2020 22:29:50.458 Д©║Ф│╞ [Thread-4] org.apache.coyote.AbstractProtocol.stop ц╕б╜бёц╔б°б╗ц╔б│б°ц╕б╜б╒ProtocolHandler ["http-nio-8080"]
15-Sep-2020 22:29:50.460 Д©║Ф│╞ [Thread-4] org.apache.coyote.AbstractProtocol.destroy ц╕б╜бёц╔б°б╗ц╕б▒б╖ц╕б╞б│ц╔б█б▐ц╗б╝б╝ц╔б╓б└ц╖б░б├ц╔б≥б╗ ["http-nio-8080"]
