18-Sep-2020 10:01:40.362 信息 [main] org.apache.catalina.startup.VersionLoggerListener.log Server.æå¡å¨çæ¬: Apache Tomcat/@VERSION@
18-Sep-2020 10:01:40.373 信息 [main] org.apache.catalina.startup.VersionLoggerListener.log æå¡å¨æå»º:        @VERSION_BUILT@
18-Sep-2020 10:01:40.373 信息 [main] org.apache.catalina.startup.VersionLoggerListener.log æå¡å¨çæ¬å·(:     @VERSION_NUMBER@
18-Sep-2020 10:01:40.374 信息 [main] org.apache.catalina.startup.VersionLoggerListener.log æä½ç³»ç»åç§°:      Windows 10
18-Sep-2020 10:01:40.375 信息 [main] org.apache.catalina.startup.VersionLoggerListener.log OS.çæ¬:           10.0
18-Sep-2020 10:01:40.375 信息 [main] org.apache.catalina.startup.VersionLoggerListener.log æ¶æ:              amd64
18-Sep-2020 10:01:40.376 信息 [main] org.apache.catalina.startup.VersionLoggerListener.log Java ç¯å¢åé:     C:\Program Files\Java\jdk1.8.0_144\jre
18-Sep-2020 10:01:40.376 信息 [main] org.apache.catalina.startup.VersionLoggerListener.log Javaèææºçæ¬:    1.8.0_144-b01
18-Sep-2020 10:01:40.377 信息 [main] org.apache.catalina.startup.VersionLoggerListener.log JVM.ä¾åºå:        Oracle Corporation
18-Sep-2020 10:01:40.377 信息 [main] org.apache.catalina.startup.VersionLoggerListener.log CATALINA_BASE:     C:\Users\Administrator\Desktop\tomcatcode\catalina-home
18-Sep-2020 10:01:40.378 信息 [main] org.apache.catalina.startup.VersionLoggerListener.log CATALINA_HOME:     C:\Users\Administrator\Desktop\tomcatcode\catalina-home
18-Sep-2020 10:01:40.378 信息 [main] org.apache.catalina.startup.VersionLoggerListener.log å½ä»¤è¡åæ°ï¼-agentlib:jdwp=transport=dt_socket,address=127.0.0.1:2313,suspend=y,server=n
18-Sep-2020 10:01:40.379 信息 [main] org.apache.catalina.startup.VersionLoggerListener.log å½ä»¤è¡åæ°ï¼-Dvisualvm.id=177959229816
18-Sep-2020 10:01:40.379 信息 [main] org.apache.catalina.startup.VersionLoggerListener.log å½ä»¤è¡åæ°ï¼-Dcatalina.home=catalina-home
18-Sep-2020 10:01:40.380 信息 [main] org.apache.catalina.startup.VersionLoggerListener.log å½ä»¤è¡åæ°ï¼-Dcatalina.base=catalina-home
18-Sep-2020 10:01:40.380 信息 [main] org.apache.catalina.startup.VersionLoggerListener.log å½ä»¤è¡åæ°ï¼-Djava.endorsed.dirs=catalina-home1/endorsed
18-Sep-2020 10:01:40.381 信息 [main] org.apache.catalina.startup.VersionLoggerListener.log å½ä»¤è¡åæ°ï¼-Djava.io.tmpdir=catalina-home/temp
18-Sep-2020 10:01:40.382 信息 [main] org.apache.catalina.startup.VersionLoggerListener.log å½ä»¤è¡åæ°ï¼-Djava.util.logging.manager=org.apache.juli.ClassLoaderLogManager
18-Sep-2020 10:01:40.383 信息 [main] org.apache.catalina.startup.VersionLoggerListener.log å½ä»¤è¡åæ°ï¼-Djava.util.logging.config.file=catalina-home/conf/logging.properties
18-Sep-2020 10:01:40.383 信息 [main] org.apache.catalina.startup.VersionLoggerListener.log å½ä»¤è¡åæ°ï¼-javaagent:C:\Users\Administrator\AppData\Local\JetBrains\IntelliJIdea2020.1\captureAgent\debugger-agent.jar
18-Sep-2020 10:01:40.384 信息 [main] org.apache.catalina.startup.VersionLoggerListener.log å½ä»¤è¡åæ°ï¼-Dfile.encoding=UTF-8
18-Sep-2020 10:01:40.384 信息 [main] org.apache.catalina.core.AprLifecycleListener.lifecycleEvent å¨java.library.path:[C:\Program Files\Java\jdk1.8.0_144\bin;C:\Windows\Sun\Java\bin;C:\Windows\system32;C:\Windows;C:\Program Files\MySQL\MySQL Server 5.7\bin;C:\Program Files (x86)\Common Files\Intel\Shared Libraries\redist\intel64\compiler;C:\ProgramData\Oracle\Java\javapath;C:\Windows\system32;C:\Windows;C:\Windows\System32\Wbem;C:\Windows\System32\WindowsPowerShell\v1.0\;C:\Program Files\Java\jdk1.8.0_144\bin;E:\myWorkApplication\SPSS\JRE\bin;E:\myWorkApplication\MATLAB R2018b\runtime\win64;C:\Program Files\dotnet\;C:\Program Files\Microsoft SQL Server\Client SDK\ODBC\170\Tools\Binn\;C:\Windows\System32\OpenSSH\;C:\Program Files\Git\cmd;?E:\myWorkApplication\my_java\apache-maven-3.3.9-bin\apache-maven-3.3.9\bin;C:\Program Files\MySQL\MySQL Utilities 1.6\;C:\Program Files\TortoiseGit\bin;C:\Program Files (x86)\NVIDIA Corporation\PhysX\Common;C:\Program Files\NVIDIA Corporation\NVIDIA NvDLISR;E:\rabbitMQ\erl10.2\bin;C:\Users\Administrator\sdk\go1.13.5\bin\;C:\Users\Administrator\go\bin;C:\Users\Administrator\gobin;E:\myWorkApplication\Graphviz2.38\bin;E:\myWorkApplication\gradle-4.9-all\gradle-4.9\bin;C:\Users\Administrator\AppData\Local\Programs\Python\Python37\Scripts\;C:\Users\Administrator\AppData\Local\Programs\Python\Python37\;C:\Program Files\MySQL\MySQL Shell 8.0\bin\;E:\myWorkApplication\Visual\Microsoft VS Code\bin;E:\myWorkApplication\PyCharm 2020.1.2\bin;;e:\myWorkApplication\JetBrains\GoLand 2019.2.3\bin;;C:\Users\Administrator\sdk\go1.13.5\bin\;C:\Users\Administrator\go\bin;E:\myWorkApplication\IntelliJ IDEA 2020.1.2\bin;;E:\myWorkApplication\Graphviz2.38\bin;;.]ä¸æ¾ä¸å°åºäºAPRçApache Tomcatæ¬æºåºï¼è¯¥åºåè®¸å¨çäº§ç¯å¢ä¸­è·å¾æä½³æ§è½
18-Sep-2020 10:11:27.393 信息 [main] org.apache.coyote.AbstractProtocol.init åå§ååè®®å¤çå¨ ["http-nio-8080"]
18-Sep-2020 10:12:25.705 信息 [main] org.apache.tomcat.util.net.NioSelectorPool.getSharedSelector Using a shared selector for servlet write/read
18-Sep-2020 10:13:21.263 信息 [main] org.apache.catalina.startup.Catalina.load Initialization processed in 1001755 ms
18-Sep-2020 10:19:47.244 信息 [main] org.apache.catalina.core.StandardService.startInternal æ­£å¨å¯å¨æå¡[Catalina]
18-Sep-2020 10:20:08.758 信息 [main] org.apache.catalina.core.StandardEngine.startInternal Starting Servlet Engine: Apache Tomcat/@VERSION@
18-Sep-2020 10:20:46.687 信息 [main] org.apache.catalina.util.LifecycleBase.start å¨è°ç¨start()ä¹åï¼å¨ç»ä»¶[StandardEngine[Catalina]]ä¸è°ç¨start()æ¹æ³ãç¬¬äºä¸ªçµè¯å°è¢«å¿½ç¥ã
18-Sep-2020 10:20:57.528 信息 [main] org.apache.coyote.AbstractProtocol.start å¼å§åè®®å¤çå¥æ["http-nio-8080"]
18-Sep-2020 10:20:57.558 信息 [main] org.apache.catalina.startup.Catalina.start Server startup in 434071 ms
18-Sep-2020 10:20:57.636 信息 [Thread-4] org.apache.coyote.AbstractProtocol.pause æåProtocolHandler["http-nio-8080"]
18-Sep-2020 10:20:57.835 信息 [Thread-4] org.apache.catalina.core.StandardService.stopInternal æ­£å¨åæ­¢æå¡[Catalina]
18-Sep-2020 10:20:57.837 严重 [Thread-4] org.apache.catalina.startup.Catalina.stop Catalina.stop
	org.apache.catalina.LifecycleException: æ æççå½å¨æè½¬åè¢«å°è¯ [before_stop]) ç»ä»¶ [StandardEngine[Catalina]] ç¶æ [STARTING_PREP]
		at org.apache.catalina.util.LifecycleBase.invalidTransition(LifecycleBase.java:430)
		at org.apache.catalina.util.LifecycleBase.stop(LifecycleBase.java:244)
		at org.apache.catalina.core.StandardService.stopInternal(StandardService.java:495)
		at org.apache.catalina.util.LifecycleBase.stop(LifecycleBase.java:257)
		at org.apache.catalina.core.StandardServer.stopInternal(StandardServer.java:792)
		at org.apache.catalina.util.LifecycleBase.stop(LifecycleBase.java:257)
		at org.apache.catalina.startup.Catalina.stop(Catalina.java:768)
		at org.apache.catalina.startup.Catalina$CatalinaShutdownHook.run(Catalina.java:869)
18-Sep-2020 10:21:05.446 信息 [main] org.apache.catalina.startup.VersionLoggerListener.log Server.æå¡å¨çæ¬: Apache Tomcat/@VERSION@
18-Sep-2020 10:21:05.453 信息 [main] org.apache.catalina.startup.VersionLoggerListener.log æå¡å¨æå»º:        @VERSION_BUILT@
18-Sep-2020 10:21:05.453 信息 [main] org.apache.catalina.startup.VersionLoggerListener.log æå¡å¨çæ¬å·(:     @VERSION_NUMBER@
18-Sep-2020 10:21:05.453 信息 [main] org.apache.catalina.startup.VersionLoggerListener.log æä½ç³»ç»åç§°:      Windows 10
18-Sep-2020 10:21:05.453 信息 [main] org.apache.catalina.startup.VersionLoggerListener.log OS.çæ¬:           10.0
18-Sep-2020 10:21:05.453 信息 [main] org.apache.catalina.startup.VersionLoggerListener.log æ¶æ:              amd64
18-Sep-2020 10:21:05.453 信息 [main] org.apache.catalina.startup.VersionLoggerListener.log Java ç¯å¢åé:     C:\Program Files\Java\jdk1.8.0_144\jre
18-Sep-2020 10:21:05.454 信息 [main] org.apache.catalina.startup.VersionLoggerListener.log Javaèææºçæ¬:    1.8.0_144-b01
18-Sep-2020 10:21:05.454 信息 [main] org.apache.catalina.startup.VersionLoggerListener.log JVM.ä¾åºå:        Oracle Corporation
18-Sep-2020 10:21:05.454 信息 [main] org.apache.catalina.startup.VersionLoggerListener.log CATALINA_BASE:     C:\Users\Administrator\Desktop\tomcatcode\catalina-home
18-Sep-2020 10:21:05.454 信息 [main] org.apache.catalina.startup.VersionLoggerListener.log CATALINA_HOME:     C:\Users\Administrator\Desktop\tomcatcode\catalina-home
18-Sep-2020 10:21:05.454 信息 [main] org.apache.catalina.startup.VersionLoggerListener.log å½ä»¤è¡åæ°ï¼-agentlib:jdwp=transport=dt_socket,address=127.0.0.1:4331,suspend=y,server=n
18-Sep-2020 10:21:05.454 信息 [main] org.apache.catalina.startup.VersionLoggerListener.log å½ä»¤è¡åæ°ï¼-Dvisualvm.id=2127270624195
18-Sep-2020 10:21:05.454 信息 [main] org.apache.catalina.startup.VersionLoggerListener.log å½ä»¤è¡åæ°ï¼-Dcatalina.home=catalina-home
18-Sep-2020 10:21:05.454 信息 [main] org.apache.catalina.startup.VersionLoggerListener.log å½ä»¤è¡åæ°ï¼-Dcatalina.base=catalina-home
18-Sep-2020 10:21:05.455 信息 [main] org.apache.catalina.startup.VersionLoggerListener.log å½ä»¤è¡åæ°ï¼-Djava.endorsed.dirs=catalina-home1/endorsed
18-Sep-2020 10:21:05.455 信息 [main] org.apache.catalina.startup.VersionLoggerListener.log å½ä»¤è¡åæ°ï¼-Djava.io.tmpdir=catalina-home/temp
18-Sep-2020 10:21:05.455 信息 [main] org.apache.catalina.startup.VersionLoggerListener.log å½ä»¤è¡åæ°ï¼-Djava.util.logging.manager=org.apache.juli.ClassLoaderLogManager
18-Sep-2020 10:21:05.455 信息 [main] org.apache.catalina.startup.VersionLoggerListener.log å½ä»¤è¡åæ°ï¼-Djava.util.logging.config.file=catalina-home/conf/logging.properties
18-Sep-2020 10:21:05.455 信息 [main] org.apache.catalina.startup.VersionLoggerListener.log å½ä»¤è¡åæ°ï¼-javaagent:C:\Users\Administrator\AppData\Local\JetBrains\IntelliJIdea2020.1\captureAgent\debugger-agent.jar
18-Sep-2020 10:21:05.455 信息 [main] org.apache.catalina.startup.VersionLoggerListener.log å½ä»¤è¡åæ°ï¼-Dfile.encoding=UTF-8
18-Sep-2020 10:21:05.455 信息 [main] org.apache.catalina.core.AprLifecycleListener.lifecycleEvent å¨java.library.path:[C:\Program Files\Java\jdk1.8.0_144\bin;C:\Windows\Sun\Java\bin;C:\Windows\system32;C:\Windows;C:\Program Files\MySQL\MySQL Server 5.7\bin;C:\Program Files (x86)\Common Files\Intel\Shared Libraries\redist\intel64\compiler;C:\ProgramData\Oracle\Java\javapath;C:\Windows\system32;C:\Windows;C:\Windows\System32\Wbem;C:\Windows\System32\WindowsPowerShell\v1.0\;C:\Program Files\Java\jdk1.8.0_144\bin;E:\myWorkApplication\SPSS\JRE\bin;E:\myWorkApplication\MATLAB R2018b\runtime\win64;C:\Program Files\dotnet\;C:\Program Files\Microsoft SQL Server\Client SDK\ODBC\170\Tools\Binn\;C:\Windows\System32\OpenSSH\;C:\Program Files\Git\cmd;?E:\myWorkApplication\my_java\apache-maven-3.3.9-bin\apache-maven-3.3.9\bin;C:\Program Files\MySQL\MySQL Utilities 1.6\;C:\Program Files\TortoiseGit\bin;C:\Program Files (x86)\NVIDIA Corporation\PhysX\Common;C:\Program Files\NVIDIA Corporation\NVIDIA NvDLISR;E:\rabbitMQ\erl10.2\bin;C:\Users\Administrator\sdk\go1.13.5\bin\;C:\Users\Administrator\go\bin;C:\Users\Administrator\gobin;E:\myWorkApplication\Graphviz2.38\bin;E:\myWorkApplication\gradle-4.9-all\gradle-4.9\bin;C:\Users\Administrator\AppData\Local\Programs\Python\Python37\Scripts\;C:\Users\Administrator\AppData\Local\Programs\Python\Python37\;C:\Program Files\MySQL\MySQL Shell 8.0\bin\;E:\myWorkApplication\Visual\Microsoft VS Code\bin;E:\myWorkApplication\PyCharm 2020.1.2\bin;;e:\myWorkApplication\JetBrains\GoLand 2019.2.3\bin;;C:\Users\Administrator\sdk\go1.13.5\bin\;C:\Users\Administrator\go\bin;E:\myWorkApplication\IntelliJ IDEA 2020.1.2\bin;;E:\myWorkApplication\Graphviz2.38\bin;;.]ä¸æ¾ä¸å°åºäºAPRçApache Tomcatæ¬æºåºï¼è¯¥åºåè®¸å¨çäº§ç¯å¢ä¸­è·å¾æä½³æ§è½
18-Sep-2020 10:21:31.771 信息 [main] org.apache.coyote.AbstractProtocol.init åå§ååè®®å¤çå¨ ["http-nio-8080"]
18-Sep-2020 10:21:32.073 信息 [main] org.apache.tomcat.util.net.NioSelectorPool.getSharedSelector Using a shared selector for servlet write/read
18-Sep-2020 10:21:32.087 信息 [main] org.apache.catalina.startup.Catalina.load Initialization processed in 27179 ms
18-Sep-2020 10:23:13.383 信息 [main] org.apache.catalina.core.StandardService.startInternal æ­£å¨å¯å¨æå¡[Catalina]
18-Sep-2020 10:23:56.160 信息 [main] org.apache.catalina.core.StandardEngine.startInternal Starting Servlet Engine: Apache Tomcat/@VERSION@
18-Sep-2020 10:25:39.823 信息 [localhost-startStop-1] org.apache.catalina.startup.HostConfig.deployDirectory æweb åºç¨ç¨åºé¨ç½²å°ç®å½ [C:\Users\Administrator\Desktop\tomcatcode\catalina-home\webapps\docs]
18-Sep-2020 10:25:40.264 信息 [localhost-startStop-1] org.apache.jasper.servlet.TldScanner.scanJars è³å°æä¸ä¸ªJARè¢«æ«æç¨äºTLDä½å°æªåå«TLDã ä¸ºæ­¤è®°å½å¨å¯ç¨è°è¯æ¥å¿è®°å½ï¼ä»¥è·åå·²æ«æä½æªå¨å¶ä¸­æ¾å°TLDçå®æ´JARåè¡¨ã å¨æ«ææé´è·³è¿ä¸éè¦çJARå¯ä»¥ç¼©ç­å¯å¨æ¶é´åJSPç¼è¯æ¶é´ã
18-Sep-2020 10:25:40.312 信息 [localhost-startStop-1] org.apache.catalina.startup.HostConfig.deployDirectory Webåºç¨ç¨åºç®å½[C:\Users\Administrator\Desktop\tomcatcode\catalina-home\webapps\docs]çé¨ç½²å·²å¨[486]æ¯«ç§åå®æ
18-Sep-2020 10:25:40.313 信息 [localhost-startStop-1] org.apache.catalina.startup.HostConfig.deployDirectory æweb åºç¨ç¨åºé¨ç½²å°ç®å½ [C:\Users\Administrator\Desktop\tomcatcode\catalina-home\webapps\examples]
18-Sep-2020 10:25:40.501 信息 [localhost-startStop-1] org.apache.jasper.servlet.TldScanner.scanJars è³å°æä¸ä¸ªJARè¢«æ«æç¨äºTLDä½å°æªåå«TLDã ä¸ºæ­¤è®°å½å¨å¯ç¨è°è¯æ¥å¿è®°å½ï¼ä»¥è·åå·²æ«æä½æªå¨å¶ä¸­æ¾å°TLDçå®æ´JARåè¡¨ã å¨æ«ææé´è·³è¿ä¸éè¦çJARå¯ä»¥ç¼©ç­å¯å¨æ¶é´åJSPç¼è¯æ¶é´ã
18-Sep-2020 10:25:40.529 严重 [localhost-startStop-1] org.apache.catalina.core.StandardContext.startInternal ä¸ä¸ªæå¤ä¸ªlistenerså¯å¨å¤±è´¥ï¼æ´å¤è¯¦ç»ä¿¡æ¯æ¥çå¯¹åºçå®¹å¨æ¥å¿æä»¶
18-Sep-2020 10:25:40.529 严重 [localhost-startStop-1] org.apache.catalina.core.StandardContext.startInternal ç±äºä¹åçéè¯¯ï¼Context[/examples]å¯å¨å¤±è´¥
18-Sep-2020 10:25:40.538 信息 [localhost-startStop-1] org.apache.catalina.startup.HostConfig.deployDirectory Webåºç¨ç¨åºç®å½[C:\Users\Administrator\Desktop\tomcatcode\catalina-home\webapps\examples]çé¨ç½²å·²å¨[226]æ¯«ç§åå®æ
18-Sep-2020 10:25:40.538 信息 [localhost-startStop-1] org.apache.catalina.startup.HostConfig.deployDirectory æweb åºç¨ç¨åºé¨ç½²å°ç®å½ [C:\Users\Administrator\Desktop\tomcatcode\catalina-home\webapps\host-manager]
18-Sep-2020 10:25:40.620 信息 [localhost-startStop-1] org.apache.jasper.servlet.TldScanner.scanJars è³å°æä¸ä¸ªJARè¢«æ«æç¨äºTLDä½å°æªåå«TLDã ä¸ºæ­¤è®°å½å¨å¯ç¨è°è¯æ¥å¿è®°å½ï¼ä»¥è·åå·²æ«æä½æªå¨å¶ä¸­æ¾å°TLDçå®æ´JARåè¡¨ã å¨æ«ææé´è·³è¿ä¸éè¦çJARå¯ä»¥ç¼©ç­å¯å¨æ¶é´åJSPç¼è¯æ¶é´ã
18-Sep-2020 10:25:40.636 信息 [localhost-startStop-1] org.apache.catalina.startup.HostConfig.deployDirectory Webåºç¨ç¨åºç®å½[C:\Users\Administrator\Desktop\tomcatcode\catalina-home\webapps\host-manager]çé¨ç½²å·²å¨[98]æ¯«ç§åå®æ
18-Sep-2020 10:25:40.637 信息 [localhost-startStop-1] org.apache.catalina.startup.HostConfig.deployDirectory æweb åºç¨ç¨åºé¨ç½²å°ç®å½ [C:\Users\Administrator\Desktop\tomcatcode\catalina-home\webapps\manager]
18-Sep-2020 10:25:40.739 信息 [localhost-startStop-1] org.apache.jasper.servlet.TldScanner.scanJars è³å°æä¸ä¸ªJARè¢«æ«æç¨äºTLDä½å°æªåå«TLDã ä¸ºæ­¤è®°å½å¨å¯ç¨è°è¯æ¥å¿è®°å½ï¼ä»¥è·åå·²æ«æä½æªå¨å¶ä¸­æ¾å°TLDçå®æ´JARåè¡¨ã å¨æ«ææé´è·³è¿ä¸éè¦çJARå¯ä»¥ç¼©ç­å¯å¨æ¶é´åJSPç¼è¯æ¶é´ã
18-Sep-2020 10:25:40.743 信息 [localhost-startStop-1] org.apache.catalina.startup.HostConfig.deployDirectory Webåºç¨ç¨åºç®å½[C:\Users\Administrator\Desktop\tomcatcode\catalina-home\webapps\manager]çé¨ç½²å·²å¨[106]æ¯«ç§åå®æ
18-Sep-2020 10:25:40.743 信息 [localhost-startStop-1] org.apache.catalina.startup.HostConfig.deployDirectory æweb åºç¨ç¨åºé¨ç½²å°ç®å½ [C:\Users\Administrator\Desktop\tomcatcode\catalina-home\webapps\ROOT]
18-Sep-2020 10:25:40.824 信息 [localhost-startStop-1] org.apache.jasper.servlet.TldScanner.scanJars è³å°æä¸ä¸ªJARè¢«æ«æç¨äºTLDä½å°æªåå«TLDã ä¸ºæ­¤è®°å½å¨å¯ç¨è°è¯æ¥å¿è®°å½ï¼ä»¥è·åå·²æ«æä½æªå¨å¶ä¸­æ¾å°TLDçå®æ´JARåè¡¨ã å¨æ«ææé´è·³è¿ä¸éè¦çJARå¯ä»¥ç¼©ç­å¯å¨æ¶é´åJSPç¼è¯æ¶é´ã
18-Sep-2020 10:25:40.828 信息 [localhost-startStop-1] org.apache.catalina.startup.HostConfig.deployDirectory Webåºç¨ç¨åºç®å½[C:\Users\Administrator\Desktop\tomcatcode\catalina-home\webapps\ROOT]çé¨ç½²å·²å¨[85]æ¯«ç§åå®æ
18-Sep-2020 10:26:08.897 信息 [main] org.apache.catalina.util.LifecycleBase.start å¨è°ç¨start()ä¹åï¼å¨ç»ä»¶[Realm[LockOutRealm]]ä¸è°ç¨start()æ¹æ³ãç¬¬äºä¸ªçµè¯å°è¢«å¿½ç¥ã
18-Sep-2020 10:26:20.080 信息 [Catalina-startStop-2] org.apache.catalina.util.LifecycleBase.start å¨è°ç¨start()ä¹åï¼å¨ç»ä»¶[StandardEngine[Catalina].StandardHost[localhost]]ä¸è°ç¨start()æ¹æ³ãç¬¬äºä¸ªçµè¯å°è¢«å¿½ç¥ã
18-Sep-2020 10:26:59.203 信息 [main] org.apache.catalina.util.LifecycleBase.start å¨è°ç¨start()ä¹åï¼å¨ç»ä»¶[Pipeline[StandardEngine[Catalina]]]ä¸è°ç¨start()æ¹æ³ãç¬¬äºä¸ªçµè¯å°è¢«å¿½ç¥ã
18-Sep-2020 10:28:23.009 信息 [main] org.apache.coyote.AbstractProtocol.start å¼å§åè®®å¤çå¥æ["http-nio-8080"]
18-Sep-2020 10:29:02.408 信息 [main] org.apache.catalina.startup.Catalina.start Server startup in 449329 ms
18-Sep-2020 10:29:13.498 信息 [Thread-4] org.apache.coyote.AbstractProtocol.pause æåProtocolHandler["http-nio-8080"]
18-Sep-2020 10:29:13.652 信息 [Thread-4] org.apache.catalina.core.StandardService.stopInternal æ­£å¨åæ­¢æå¡[Catalina]
18-Sep-2020 10:29:13.670 信息 [Thread-4] org.apache.coyote.AbstractProtocol.stop æ­£å¨åæ­¢ProtocolHandler ["http-nio-8080"]
18-Sep-2020 10:29:13.671 信息 [Thread-4] org.apache.coyote.AbstractProtocol.destroy æ­£å¨æ§æ¯åè®®å¤çå¨ ["http-nio-8080"]
18-Sep-2020 10:29:13.672 严重 [Thread-4] org.apache.catalina.startup.Catalina.stop Catalina.stop
	org.apache.catalina.LifecycleException: æ æççå½å¨æè½¬åè¢«å°è¯ [before_destroy]) ç»ä»¶ [Pipeline[StandardEngine[Catalina]]] ç¶æ [STARTING_PREP]
		at org.apache.catalina.util.LifecycleBase.invalidTransition(LifecycleBase.java:430)
		at org.apache.catalina.util.LifecycleBase.destroy(LifecycleBase.java:316)
		at org.apache.catalina.core.ContainerBase.destroyInternal(ContainerBase.java:1029)
		at org.apache.catalina.util.LifecycleBase.destroy(LifecycleBase.java:321)
		at org.apache.catalina.core.StandardService.destroyInternal(StandardService.java:608)
		at org.apache.catalina.util.LifecycleBase.destroy(LifecycleBase.java:321)
		at org.apache.catalina.core.StandardServer.destroyInternal(StandardServer.java:861)
		at org.apache.catalina.util.LifecycleBase.destroy(LifecycleBase.java:321)
		at org.apache.catalina.startup.Catalina.stop(Catalina.java:769)
		at org.apache.catalina.startup.Catalina$CatalinaShutdownHook.run(Catalina.java:869)
