17-Sep-2020 15:15:48.620 信息 [main] org.apache.catalina.startup.VersionLoggerListener.log Server.æå¡å¨çæ¬: Apache Tomcat/@VERSION@
17-Sep-2020 15:15:48.630 信息 [main] org.apache.catalina.startup.VersionLoggerListener.log æå¡å¨æå»º:        @VERSION_BUILT@
17-Sep-2020 15:15:48.630 信息 [main] org.apache.catalina.startup.VersionLoggerListener.log æå¡å¨çæ¬å·(:     @VERSION_NUMBER@
17-Sep-2020 15:15:48.631 信息 [main] org.apache.catalina.startup.VersionLoggerListener.log æä½ç³»ç»åç§°:      Windows 10
17-Sep-2020 15:15:48.631 信息 [main] org.apache.catalina.startup.VersionLoggerListener.log OS.çæ¬:           10.0
17-Sep-2020 15:15:48.632 信息 [main] org.apache.catalina.startup.VersionLoggerListener.log æ¶æ:              amd64
17-Sep-2020 15:15:48.632 信息 [main] org.apache.catalina.startup.VersionLoggerListener.log Java ç¯å¢åé:     C:\Program Files\Java\jdk1.8.0_144\jre
17-Sep-2020 15:15:48.632 信息 [main] org.apache.catalina.startup.VersionLoggerListener.log Javaèææºçæ¬:    1.8.0_144-b01
17-Sep-2020 15:15:48.633 信息 [main] org.apache.catalina.startup.VersionLoggerListener.log JVM.ä¾åºå:        Oracle Corporation
17-Sep-2020 15:15:48.633 信息 [main] org.apache.catalina.startup.VersionLoggerListener.log CATALINA_BASE:     C:\Users\Administrator\Desktop\tomcatcode\catalina-home
17-Sep-2020 15:15:48.633 信息 [main] org.apache.catalina.startup.VersionLoggerListener.log CATALINA_HOME:     C:\Users\Administrator\Desktop\tomcatcode\catalina-home
17-Sep-2020 15:15:48.633 信息 [main] org.apache.catalina.startup.VersionLoggerListener.log å½ä»¤è¡åæ°ï¼-agentlib:jdwp=transport=dt_socket,address=127.0.0.1:1992,suspend=y,server=n
17-Sep-2020 15:15:48.634 信息 [main] org.apache.catalina.startup.VersionLoggerListener.log å½ä»¤è¡åæ°ï¼-Dvisualvm.id=195333148444
17-Sep-2020 15:15:48.634 信息 [main] org.apache.catalina.startup.VersionLoggerListener.log å½ä»¤è¡åæ°ï¼-Dcatalina.home=catalina-home
17-Sep-2020 15:15:48.635 信息 [main] org.apache.catalina.startup.VersionLoggerListener.log å½ä»¤è¡åæ°ï¼-Dcatalina.base=catalina-home
17-Sep-2020 15:15:48.635 信息 [main] org.apache.catalina.startup.VersionLoggerListener.log å½ä»¤è¡åæ°ï¼-Djava.endorsed.dirs=catalina-home1/endorsed
17-Sep-2020 15:15:48.635 信息 [main] org.apache.catalina.startup.VersionLoggerListener.log å½ä»¤è¡åæ°ï¼-Djava.io.tmpdir=catalina-home/temp
17-Sep-2020 15:15:48.636 信息 [main] org.apache.catalina.startup.VersionLoggerListener.log å½ä»¤è¡åæ°ï¼-Djava.util.logging.manager=org.apache.juli.ClassLoaderLogManager
17-Sep-2020 15:15:48.636 信息 [main] org.apache.catalina.startup.VersionLoggerListener.log å½ä»¤è¡åæ°ï¼-Djava.util.logging.config.file=catalina-home/conf/logging.properties
17-Sep-2020 15:15:48.636 信息 [main] org.apache.catalina.startup.VersionLoggerListener.log å½ä»¤è¡åæ°ï¼-javaagent:C:\Users\Administrator\AppData\Local\JetBrains\IntelliJIdea2020.1\captureAgent\debugger-agent.jar
17-Sep-2020 15:15:48.637 信息 [main] org.apache.catalina.startup.VersionLoggerListener.log å½ä»¤è¡åæ°ï¼-Dfile.encoding=UTF-8
17-Sep-2020 15:15:48.637 信息 [main] org.apache.catalina.core.AprLifecycleListener.lifecycleEvent å¨java.library.path:[C:\Program Files\Java\jdk1.8.0_144\bin;C:\Windows\Sun\Java\bin;C:\Windows\system32;C:\Windows;C:\Program Files\MySQL\MySQL Server 5.7\bin;C:\Program Files (x86)\Common Files\Intel\Shared Libraries\redist\intel64\compiler;C:\ProgramData\Oracle\Java\javapath;C:\Windows\system32;C:\Windows;C:\Windows\System32\Wbem;C:\Windows\System32\WindowsPowerShell\v1.0\;C:\Program Files\Java\jdk1.8.0_144\bin;E:\myWorkApplication\SPSS\JRE\bin;E:\myWorkApplication\MATLAB R2018b\runtime\win64;C:\Program Files\dotnet\;C:\Program Files\Microsoft SQL Server\Client SDK\ODBC\170\Tools\Binn\;C:\Windows\System32\OpenSSH\;C:\Program Files\Git\cmd;?E:\myWorkApplication\my_java\apache-maven-3.3.9-bin\apache-maven-3.3.9\bin;C:\Program Files\MySQL\MySQL Utilities 1.6\;C:\Program Files\TortoiseGit\bin;C:\Program Files (x86)\NVIDIA Corporation\PhysX\Common;C:\Program Files\NVIDIA Corporation\NVIDIA NvDLISR;E:\rabbitMQ\erl10.2\bin;C:\Users\Administrator\sdk\go1.13.5\bin\;C:\Users\Administrator\go\bin;C:\Users\Administrator\gobin;E:\myWorkApplication\Graphviz2.38\bin;E:\myWorkApplication\gradle-4.9-all\gradle-4.9\bin;C:\Users\Administrator\AppData\Local\Programs\Python\Python37\Scripts\;C:\Users\Administrator\AppData\Local\Programs\Python\Python37\;C:\Program Files\MySQL\MySQL Shell 8.0\bin\;E:\myWorkApplication\Visual\Microsoft VS Code\bin;E:\myWorkApplication\PyCharm 2020.1.2\bin;;e:\myWorkApplication\JetBrains\GoLand 2019.2.3\bin;;C:\Users\Administrator\sdk\go1.13.5\bin\;C:\Users\Administrator\go\bin;E:\myWorkApplication\IntelliJ IDEA 2020.1.2\bin;;E:\myWorkApplication\Graphviz2.38\bin;;.]ä¸æ¾ä¸å°åºäºAPRçApache Tomcatæ¬æºåºï¼è¯¥åºåè®¸å¨çäº§ç¯å¢ä¸­è·å¾æä½³æ§è½
17-Sep-2020 15:18:37.780 信息 [main] org.apache.coyote.AbstractProtocol.init åå§ååè®®å¤çå¨ ["http-nio-8080"]
17-Sep-2020 15:18:46.494 信息 [main] org.apache.catalina.startup.VersionLoggerListener.log Server.æå¡å¨çæ¬: Apache Tomcat/@VERSION@
17-Sep-2020 15:18:46.502 信息 [main] org.apache.catalina.startup.VersionLoggerListener.log æå¡å¨æå»º:        @VERSION_BUILT@
17-Sep-2020 15:18:46.502 信息 [main] org.apache.catalina.startup.VersionLoggerListener.log æå¡å¨çæ¬å·(:     @VERSION_NUMBER@
17-Sep-2020 15:18:46.503 信息 [main] org.apache.catalina.startup.VersionLoggerListener.log æä½ç³»ç»åç§°:      Windows 10
17-Sep-2020 15:18:46.503 信息 [main] org.apache.catalina.startup.VersionLoggerListener.log OS.çæ¬:           10.0
17-Sep-2020 15:18:46.503 信息 [main] org.apache.catalina.startup.VersionLoggerListener.log æ¶æ:              amd64
17-Sep-2020 15:18:46.503 信息 [main] org.apache.catalina.startup.VersionLoggerListener.log Java ç¯å¢åé:     C:\Program Files\Java\jdk1.8.0_144\jre
17-Sep-2020 15:18:46.503 信息 [main] org.apache.catalina.startup.VersionLoggerListener.log Javaèææºçæ¬:    1.8.0_144-b01
17-Sep-2020 15:18:46.503 信息 [main] org.apache.catalina.startup.VersionLoggerListener.log JVM.ä¾åºå:        Oracle Corporation
17-Sep-2020 15:18:46.503 信息 [main] org.apache.catalina.startup.VersionLoggerListener.log CATALINA_BASE:     C:\Users\Administrator\Desktop\tomcatcode\catalina-home
17-Sep-2020 15:18:46.503 信息 [main] org.apache.catalina.startup.VersionLoggerListener.log CATALINA_HOME:     C:\Users\Administrator\Desktop\tomcatcode\catalina-home
17-Sep-2020 15:18:46.504 信息 [main] org.apache.catalina.startup.VersionLoggerListener.log å½ä»¤è¡åæ°ï¼-agentlib:jdwp=transport=dt_socket,address=127.0.0.1:3018,suspend=y,server=n
17-Sep-2020 15:18:46.504 信息 [main] org.apache.catalina.startup.VersionLoggerListener.log å½ä»¤è¡åæ°ï¼-Dvisualvm.id=2160182442944
17-Sep-2020 15:18:46.504 信息 [main] org.apache.catalina.startup.VersionLoggerListener.log å½ä»¤è¡åæ°ï¼-Dcatalina.home=catalina-home
17-Sep-2020 15:18:46.504 信息 [main] org.apache.catalina.startup.VersionLoggerListener.log å½ä»¤è¡åæ°ï¼-Dcatalina.base=catalina-home
17-Sep-2020 15:18:46.504 信息 [main] org.apache.catalina.startup.VersionLoggerListener.log å½ä»¤è¡åæ°ï¼-Djava.endorsed.dirs=catalina-home1/endorsed
17-Sep-2020 15:18:46.504 信息 [main] org.apache.catalina.startup.VersionLoggerListener.log å½ä»¤è¡åæ°ï¼-Djava.io.tmpdir=catalina-home/temp
17-Sep-2020 15:18:46.504 信息 [main] org.apache.catalina.startup.VersionLoggerListener.log å½ä»¤è¡åæ°ï¼-Djava.util.logging.manager=org.apache.juli.ClassLoaderLogManager
17-Sep-2020 15:18:46.505 信息 [main] org.apache.catalina.startup.VersionLoggerListener.log å½ä»¤è¡åæ°ï¼-Djava.util.logging.config.file=catalina-home/conf/logging.properties
17-Sep-2020 15:18:46.505 信息 [main] org.apache.catalina.startup.VersionLoggerListener.log å½ä»¤è¡åæ°ï¼-javaagent:C:\Users\Administrator\AppData\Local\JetBrains\IntelliJIdea2020.1\captureAgent\debugger-agent.jar
17-Sep-2020 15:18:46.505 信息 [main] org.apache.catalina.startup.VersionLoggerListener.log å½ä»¤è¡åæ°ï¼-Dfile.encoding=UTF-8
17-Sep-2020 15:18:46.505 信息 [main] org.apache.catalina.core.AprLifecycleListener.lifecycleEvent å¨java.library.path:[C:\Program Files\Java\jdk1.8.0_144\bin;C:\Windows\Sun\Java\bin;C:\Windows\system32;C:\Windows;C:\Program Files\MySQL\MySQL Server 5.7\bin;C:\Program Files (x86)\Common Files\Intel\Shared Libraries\redist\intel64\compiler;C:\ProgramData\Oracle\Java\javapath;C:\Windows\system32;C:\Windows;C:\Windows\System32\Wbem;C:\Windows\System32\WindowsPowerShell\v1.0\;C:\Program Files\Java\jdk1.8.0_144\bin;E:\myWorkApplication\SPSS\JRE\bin;E:\myWorkApplication\MATLAB R2018b\runtime\win64;C:\Program Files\dotnet\;C:\Program Files\Microsoft SQL Server\Client SDK\ODBC\170\Tools\Binn\;C:\Windows\System32\OpenSSH\;C:\Program Files\Git\cmd;?E:\myWorkApplication\my_java\apache-maven-3.3.9-bin\apache-maven-3.3.9\bin;C:\Program Files\MySQL\MySQL Utilities 1.6\;C:\Program Files\TortoiseGit\bin;C:\Program Files (x86)\NVIDIA Corporation\PhysX\Common;C:\Program Files\NVIDIA Corporation\NVIDIA NvDLISR;E:\rabbitMQ\erl10.2\bin;C:\Users\Administrator\sdk\go1.13.5\bin\;C:\Users\Administrator\go\bin;C:\Users\Administrator\gobin;E:\myWorkApplication\Graphviz2.38\bin;E:\myWorkApplication\gradle-4.9-all\gradle-4.9\bin;C:\Users\Administrator\AppData\Local\Programs\Python\Python37\Scripts\;C:\Users\Administrator\AppData\Local\Programs\Python\Python37\;C:\Program Files\MySQL\MySQL Shell 8.0\bin\;E:\myWorkApplication\Visual\Microsoft VS Code\bin;E:\myWorkApplication\PyCharm 2020.1.2\bin;;e:\myWorkApplication\JetBrains\GoLand 2019.2.3\bin;;C:\Users\Administrator\sdk\go1.13.5\bin\;C:\Users\Administrator\go\bin;E:\myWorkApplication\IntelliJ IDEA 2020.1.2\bin;;E:\myWorkApplication\Graphviz2.38\bin;;.]ä¸æ¾ä¸å°åºäºAPRçApache Tomcatæ¬æºåºï¼è¯¥åºåè®¸å¨çäº§ç¯å¢ä¸­è·å¾æä½³æ§è½
17-Sep-2020 15:26:39.915 信息 [main] org.apache.coyote.AbstractProtocol.init åå§ååè®®å¤çå¨ ["http-nio-8080"]
17-Sep-2020 15:26:43.218 信息 [main] org.apache.catalina.startup.VersionLoggerListener.log Server.æå¡å¨çæ¬: Apache Tomcat/@VERSION@
17-Sep-2020 15:26:43.225 信息 [main] org.apache.catalina.startup.VersionLoggerListener.log æå¡å¨æå»º:        @VERSION_BUILT@
17-Sep-2020 15:26:43.225 信息 [main] org.apache.catalina.startup.VersionLoggerListener.log æå¡å¨çæ¬å·(:     @VERSION_NUMBER@
17-Sep-2020 15:26:43.225 信息 [main] org.apache.catalina.startup.VersionLoggerListener.log æä½ç³»ç»åç§°:      Windows 10
17-Sep-2020 15:26:43.225 信息 [main] org.apache.catalina.startup.VersionLoggerListener.log OS.çæ¬:           10.0
17-Sep-2020 15:26:43.225 信息 [main] org.apache.catalina.startup.VersionLoggerListener.log æ¶æ:              amd64
17-Sep-2020 15:26:43.225 信息 [main] org.apache.catalina.startup.VersionLoggerListener.log Java ç¯å¢åé:     C:\Program Files\Java\jdk1.8.0_144\jre
17-Sep-2020 15:26:43.226 信息 [main] org.apache.catalina.startup.VersionLoggerListener.log Javaèææºçæ¬:    1.8.0_144-b01
17-Sep-2020 15:26:43.226 信息 [main] org.apache.catalina.startup.VersionLoggerListener.log JVM.ä¾åºå:        Oracle Corporation
17-Sep-2020 15:26:43.227 信息 [main] org.apache.catalina.startup.VersionLoggerListener.log CATALINA_BASE:     C:\Users\Administrator\Desktop\tomcatcode\catalina-home
17-Sep-2020 15:26:43.227 信息 [main] org.apache.catalina.startup.VersionLoggerListener.log CATALINA_HOME:     C:\Users\Administrator\Desktop\tomcatcode\catalina-home
17-Sep-2020 15:26:43.228 信息 [main] org.apache.catalina.startup.VersionLoggerListener.log å½ä»¤è¡åæ°ï¼-agentlib:jdwp=transport=dt_socket,address=127.0.0.1:3342,suspend=y,server=n
17-Sep-2020 15:26:43.228 信息 [main] org.apache.catalina.startup.VersionLoggerListener.log å½ä»¤è¡åæ°ï¼-Dvisualvm.id=2637348350373
17-Sep-2020 15:26:43.228 信息 [main] org.apache.catalina.startup.VersionLoggerListener.log å½ä»¤è¡åæ°ï¼-Dcatalina.home=catalina-home
17-Sep-2020 15:26:43.228 信息 [main] org.apache.catalina.startup.VersionLoggerListener.log å½ä»¤è¡åæ°ï¼-Dcatalina.base=catalina-home
17-Sep-2020 15:26:43.228 信息 [main] org.apache.catalina.startup.VersionLoggerListener.log å½ä»¤è¡åæ°ï¼-Djava.endorsed.dirs=catalina-home1/endorsed
17-Sep-2020 15:26:43.228 信息 [main] org.apache.catalina.startup.VersionLoggerListener.log å½ä»¤è¡åæ°ï¼-Djava.io.tmpdir=catalina-home/temp
17-Sep-2020 15:26:43.228 信息 [main] org.apache.catalina.startup.VersionLoggerListener.log å½ä»¤è¡åæ°ï¼-Djava.util.logging.manager=org.apache.juli.ClassLoaderLogManager
17-Sep-2020 15:26:43.228 信息 [main] org.apache.catalina.startup.VersionLoggerListener.log å½ä»¤è¡åæ°ï¼-Djava.util.logging.config.file=catalina-home/conf/logging.properties
17-Sep-2020 15:26:43.228 信息 [main] org.apache.catalina.startup.VersionLoggerListener.log å½ä»¤è¡åæ°ï¼-javaagent:C:\Users\Administrator\AppData\Local\JetBrains\IntelliJIdea2020.1\captureAgent\debugger-agent.jar
17-Sep-2020 15:26:43.228 信息 [main] org.apache.catalina.startup.VersionLoggerListener.log å½ä»¤è¡åæ°ï¼-Dfile.encoding=UTF-8
17-Sep-2020 15:26:43.229 信息 [main] org.apache.catalina.core.AprLifecycleListener.lifecycleEvent å¨java.library.path:[C:\Program Files\Java\jdk1.8.0_144\bin;C:\Windows\Sun\Java\bin;C:\Windows\system32;C:\Windows;C:\Program Files\MySQL\MySQL Server 5.7\bin;C:\Program Files (x86)\Common Files\Intel\Shared Libraries\redist\intel64\compiler;C:\ProgramData\Oracle\Java\javapath;C:\Windows\system32;C:\Windows;C:\Windows\System32\Wbem;C:\Windows\System32\WindowsPowerShell\v1.0\;C:\Program Files\Java\jdk1.8.0_144\bin;E:\myWorkApplication\SPSS\JRE\bin;E:\myWorkApplication\MATLAB R2018b\runtime\win64;C:\Program Files\dotnet\;C:\Program Files\Microsoft SQL Server\Client SDK\ODBC\170\Tools\Binn\;C:\Windows\System32\OpenSSH\;C:\Program Files\Git\cmd;?E:\myWorkApplication\my_java\apache-maven-3.3.9-bin\apache-maven-3.3.9\bin;C:\Program Files\MySQL\MySQL Utilities 1.6\;C:\Program Files\TortoiseGit\bin;C:\Program Files (x86)\NVIDIA Corporation\PhysX\Common;C:\Program Files\NVIDIA Corporation\NVIDIA NvDLISR;E:\rabbitMQ\erl10.2\bin;C:\Users\Administrator\sdk\go1.13.5\bin\;C:\Users\Administrator\go\bin;C:\Users\Administrator\gobin;E:\myWorkApplication\Graphviz2.38\bin;E:\myWorkApplication\gradle-4.9-all\gradle-4.9\bin;C:\Users\Administrator\AppData\Local\Programs\Python\Python37\Scripts\;C:\Users\Administrator\AppData\Local\Programs\Python\Python37\;C:\Program Files\MySQL\MySQL Shell 8.0\bin\;E:\myWorkApplication\Visual\Microsoft VS Code\bin;E:\myWorkApplication\PyCharm 2020.1.2\bin;;e:\myWorkApplication\JetBrains\GoLand 2019.2.3\bin;;C:\Users\Administrator\sdk\go1.13.5\bin\;C:\Users\Administrator\go\bin;E:\myWorkApplication\IntelliJ IDEA 2020.1.2\bin;;E:\myWorkApplication\Graphviz2.38\bin;;.]ä¸æ¾ä¸å°åºäºAPRçApache Tomcatæ¬æºåºï¼è¯¥åºåè®¸å¨çäº§ç¯å¢ä¸­è·å¾æä½³æ§è½
17-Sep-2020 15:41:06.823 信息 [main] org.apache.coyote.AbstractProtocol.init åå§ååè®®å¤çå¨ ["http-nio-8080"]
17-Sep-2020 18:31:07.079 信息 [main] org.apache.catalina.startup.VersionLoggerListener.log Server.æå¡å¨çæ¬: Apache Tomcat/@VERSION@
17-Sep-2020 18:31:07.085 信息 [main] org.apache.catalina.startup.VersionLoggerListener.log æå¡å¨æå»º:        @VERSION_BUILT@
17-Sep-2020 18:31:07.086 信息 [main] org.apache.catalina.startup.VersionLoggerListener.log æå¡å¨çæ¬å·(:     @VERSION_NUMBER@
17-Sep-2020 18:31:07.086 信息 [main] org.apache.catalina.startup.VersionLoggerListener.log æä½ç³»ç»åç§°:      Windows 10
17-Sep-2020 18:31:07.086 信息 [main] org.apache.catalina.startup.VersionLoggerListener.log OS.çæ¬:           10.0
17-Sep-2020 18:31:07.086 信息 [main] org.apache.catalina.startup.VersionLoggerListener.log æ¶æ:              amd64
17-Sep-2020 18:31:07.086 信息 [main] org.apache.catalina.startup.VersionLoggerListener.log Java ç¯å¢åé:     C:\Program Files\Java\jdk1.8.0_144\jre
17-Sep-2020 18:31:07.086 信息 [main] org.apache.catalina.startup.VersionLoggerListener.log Javaèææºçæ¬:    1.8.0_144-b01
17-Sep-2020 18:31:07.086 信息 [main] org.apache.catalina.startup.VersionLoggerListener.log JVM.ä¾åºå:        Oracle Corporation
17-Sep-2020 18:31:07.086 信息 [main] org.apache.catalina.startup.VersionLoggerListener.log CATALINA_BASE:     C:\Users\Administrator\Desktop\tomcatcode\catalina-home
17-Sep-2020 18:31:07.086 信息 [main] org.apache.catalina.startup.VersionLoggerListener.log CATALINA_HOME:     C:\Users\Administrator\Desktop\tomcatcode\catalina-home
17-Sep-2020 18:31:07.087 信息 [main] org.apache.catalina.startup.VersionLoggerListener.log å½ä»¤è¡åæ°ï¼-agentlib:jdwp=transport=dt_socket,address=127.0.0.1:1862,suspend=y,server=n
17-Sep-2020 18:31:07.087 信息 [main] org.apache.catalina.startup.VersionLoggerListener.log å½ä»¤è¡åæ°ï¼-Dvisualvm.id=358064413706
17-Sep-2020 18:31:07.087 信息 [main] org.apache.catalina.startup.VersionLoggerListener.log å½ä»¤è¡åæ°ï¼-Dcatalina.home=catalina-home
17-Sep-2020 18:31:07.087 信息 [main] org.apache.catalina.startup.VersionLoggerListener.log å½ä»¤è¡åæ°ï¼-Dcatalina.base=catalina-home
17-Sep-2020 18:31:07.087 信息 [main] org.apache.catalina.startup.VersionLoggerListener.log å½ä»¤è¡åæ°ï¼-Djava.endorsed.dirs=catalina-home1/endorsed
17-Sep-2020 18:31:07.087 信息 [main] org.apache.catalina.startup.VersionLoggerListener.log å½ä»¤è¡åæ°ï¼-Djava.io.tmpdir=catalina-home/temp
17-Sep-2020 18:31:07.087 信息 [main] org.apache.catalina.startup.VersionLoggerListener.log å½ä»¤è¡åæ°ï¼-Djava.util.logging.manager=org.apache.juli.ClassLoaderLogManager
17-Sep-2020 18:31:07.087 信息 [main] org.apache.catalina.startup.VersionLoggerListener.log å½ä»¤è¡åæ°ï¼-Djava.util.logging.config.file=catalina-home/conf/logging.properties
17-Sep-2020 18:31:07.087 信息 [main] org.apache.catalina.startup.VersionLoggerListener.log å½ä»¤è¡åæ°ï¼-javaagent:C:\Users\Administrator\AppData\Local\JetBrains\IntelliJIdea2020.1\captureAgent\debugger-agent.jar
17-Sep-2020 18:31:07.088 信息 [main] org.apache.catalina.startup.VersionLoggerListener.log å½ä»¤è¡åæ°ï¼-Dfile.encoding=UTF-8
17-Sep-2020 18:31:07.088 信息 [main] org.apache.catalina.core.AprLifecycleListener.lifecycleEvent å¨java.library.path:[C:\Program Files\Java\jdk1.8.0_144\bin;C:\Windows\Sun\Java\bin;C:\Windows\system32;C:\Windows;C:\Program Files\MySQL\MySQL Server 5.7\bin;C:\Program Files (x86)\Common Files\Intel\Shared Libraries\redist\intel64\compiler;C:\ProgramData\Oracle\Java\javapath;C:\Windows\system32;C:\Windows;C:\Windows\System32\Wbem;C:\Windows\System32\WindowsPowerShell\v1.0\;C:\Program Files\Java\jdk1.8.0_144\bin;E:\myWorkApplication\SPSS\JRE\bin;E:\myWorkApplication\MATLAB R2018b\runtime\win64;C:\Program Files\dotnet\;C:\Program Files\Microsoft SQL Server\Client SDK\ODBC\170\Tools\Binn\;C:\Windows\System32\OpenSSH\;C:\Program Files\Git\cmd;?E:\myWorkApplication\my_java\apache-maven-3.3.9-bin\apache-maven-3.3.9\bin;C:\Program Files\MySQL\MySQL Utilities 1.6\;C:\Program Files\TortoiseGit\bin;C:\Program Files (x86)\NVIDIA Corporation\PhysX\Common;C:\Program Files\NVIDIA Corporation\NVIDIA NvDLISR;E:\rabbitMQ\erl10.2\bin;C:\Users\Administrator\sdk\go1.13.5\bin\;C:\Users\Administrator\go\bin;C:\Users\Administrator\gobin;E:\myWorkApplication\Graphviz2.38\bin;E:\myWorkApplication\gradle-4.9-all\gradle-4.9\bin;C:\Users\Administrator\AppData\Local\Programs\Python\Python37\Scripts\;C:\Users\Administrator\AppData\Local\Programs\Python\Python37\;C:\Program Files\MySQL\MySQL Shell 8.0\bin\;E:\myWorkApplication\Visual\Microsoft VS Code\bin;E:\myWorkApplication\PyCharm 2020.1.2\bin;;e:\myWorkApplication\JetBrains\GoLand 2019.2.3\bin;;C:\Users\Administrator\sdk\go1.13.5\bin\;C:\Users\Administrator\go\bin;E:\myWorkApplication\IntelliJ IDEA 2020.1.2\bin;;E:\myWorkApplication\Graphviz2.38\bin;;.]ä¸æ¾ä¸å°åºäºAPRçApache Tomcatæ¬æºåºï¼è¯¥åºåè®¸å¨çäº§ç¯å¢ä¸­è·å¾æä½³æ§è½
17-Sep-2020 18:31:33.197 信息 [main] org.apache.coyote.AbstractProtocol.init åå§ååè®®å¤çå¨ ["http-nio-8080"]
17-Sep-2020 18:47:50.759 信息 [main] org.apache.catalina.startup.VersionLoggerListener.log Server.æå¡å¨çæ¬: Apache Tomcat/@VERSION@
17-Sep-2020 18:47:50.766 信息 [main] org.apache.catalina.startup.VersionLoggerListener.log æå¡å¨æå»º:        @VERSION_BUILT@
17-Sep-2020 18:47:50.767 信息 [main] org.apache.catalina.startup.VersionLoggerListener.log æå¡å¨çæ¬å·(:     @VERSION_NUMBER@
17-Sep-2020 18:47:50.768 信息 [main] org.apache.catalina.startup.VersionLoggerListener.log æä½ç³»ç»åç§°:      Windows 10
17-Sep-2020 18:47:50.768 信息 [main] org.apache.catalina.startup.VersionLoggerListener.log OS.çæ¬:           10.0
17-Sep-2020 18:47:50.768 信息 [main] org.apache.catalina.startup.VersionLoggerListener.log æ¶æ:              amd64
17-Sep-2020 18:47:50.768 信息 [main] org.apache.catalina.startup.VersionLoggerListener.log Java ç¯å¢åé:     C:\Program Files\Java\jdk1.8.0_144\jre
17-Sep-2020 18:47:50.769 信息 [main] org.apache.catalina.startup.VersionLoggerListener.log Javaèææºçæ¬:    1.8.0_144-b01
17-Sep-2020 18:47:50.769 信息 [main] org.apache.catalina.startup.VersionLoggerListener.log JVM.ä¾åºå:        Oracle Corporation
17-Sep-2020 18:47:50.770 信息 [main] org.apache.catalina.startup.VersionLoggerListener.log CATALINA_BASE:     C:\Users\Administrator\Desktop\tomcatcode\catalina-home
17-Sep-2020 18:47:50.770 信息 [main] org.apache.catalina.startup.VersionLoggerListener.log CATALINA_HOME:     C:\Users\Administrator\Desktop\tomcatcode\catalina-home
17-Sep-2020 18:47:50.770 信息 [main] org.apache.catalina.startup.VersionLoggerListener.log å½ä»¤è¡åæ°ï¼-agentlib:jdwp=transport=dt_socket,address=127.0.0.1:1912,suspend=y,server=n
17-Sep-2020 18:47:50.771 信息 [main] org.apache.catalina.startup.VersionLoggerListener.log å½ä»¤è¡åæ°ï¼-Dvisualvm.id=389068841142
17-Sep-2020 18:47:50.771 信息 [main] org.apache.catalina.startup.VersionLoggerListener.log å½ä»¤è¡åæ°ï¼-Dcatalina.home=catalina-home
17-Sep-2020 18:47:50.772 信息 [main] org.apache.catalina.startup.VersionLoggerListener.log å½ä»¤è¡åæ°ï¼-Dcatalina.base=catalina-home
17-Sep-2020 18:47:50.772 信息 [main] org.apache.catalina.startup.VersionLoggerListener.log å½ä»¤è¡åæ°ï¼-Djava.endorsed.dirs=catalina-home1/endorsed
17-Sep-2020 18:47:50.772 信息 [main] org.apache.catalina.startup.VersionLoggerListener.log å½ä»¤è¡åæ°ï¼-Djava.io.tmpdir=catalina-home/temp
17-Sep-2020 18:47:50.773 信息 [main] org.apache.catalina.startup.VersionLoggerListener.log å½ä»¤è¡åæ°ï¼-Djava.util.logging.manager=org.apache.juli.ClassLoaderLogManager
17-Sep-2020 18:47:50.773 信息 [main] org.apache.catalina.startup.VersionLoggerListener.log å½ä»¤è¡åæ°ï¼-Djava.util.logging.config.file=catalina-home/conf/logging.properties
17-Sep-2020 18:47:50.774 信息 [main] org.apache.catalina.startup.VersionLoggerListener.log å½ä»¤è¡åæ°ï¼-javaagent:C:\Users\Administrator\AppData\Local\JetBrains\IntelliJIdea2020.1\captureAgent\debugger-agent.jar
17-Sep-2020 18:47:50.774 信息 [main] org.apache.catalina.startup.VersionLoggerListener.log å½ä»¤è¡åæ°ï¼-Dfile.encoding=UTF-8
17-Sep-2020 18:47:50.774 信息 [main] org.apache.catalina.core.AprLifecycleListener.lifecycleEvent å¨java.library.path:[C:\Program Files\Java\jdk1.8.0_144\bin;C:\Windows\Sun\Java\bin;C:\Windows\system32;C:\Windows;C:\Program Files\MySQL\MySQL Server 5.7\bin;C:\Program Files (x86)\Common Files\Intel\Shared Libraries\redist\intel64\compiler;C:\ProgramData\Oracle\Java\javapath;C:\Windows\system32;C:\Windows;C:\Windows\System32\Wbem;C:\Windows\System32\WindowsPowerShell\v1.0\;C:\Program Files\Java\jdk1.8.0_144\bin;E:\myWorkApplication\SPSS\JRE\bin;E:\myWorkApplication\MATLAB R2018b\runtime\win64;C:\Program Files\dotnet\;C:\Program Files\Microsoft SQL Server\Client SDK\ODBC\170\Tools\Binn\;C:\Windows\System32\OpenSSH\;C:\Program Files\Git\cmd;?E:\myWorkApplication\my_java\apache-maven-3.3.9-bin\apache-maven-3.3.9\bin;C:\Program Files\MySQL\MySQL Utilities 1.6\;C:\Program Files\TortoiseGit\bin;C:\Program Files (x86)\NVIDIA Corporation\PhysX\Common;C:\Program Files\NVIDIA Corporation\NVIDIA NvDLISR;E:\rabbitMQ\erl10.2\bin;C:\Users\Administrator\sdk\go1.13.5\bin\;C:\Users\Administrator\go\bin;C:\Users\Administrator\gobin;E:\myWorkApplication\Graphviz2.38\bin;E:\myWorkApplication\gradle-4.9-all\gradle-4.9\bin;C:\Users\Administrator\AppData\Local\Programs\Python\Python37\Scripts\;C:\Users\Administrator\AppData\Local\Programs\Python\Python37\;C:\Program Files\MySQL\MySQL Shell 8.0\bin\;E:\myWorkApplication\Visual\Microsoft VS Code\bin;E:\myWorkApplication\PyCharm 2020.1.2\bin;;e:\myWorkApplication\JetBrains\GoLand 2019.2.3\bin;;C:\Users\Administrator\sdk\go1.13.5\bin\;C:\Users\Administrator\go\bin;E:\myWorkApplication\IntelliJ IDEA 2020.1.2\bin;;E:\myWorkApplication\Graphviz2.38\bin;;.]ä¸æ¾ä¸å°åºäºAPRçApache Tomcatæ¬æºåºï¼è¯¥åºåè®¸å¨çäº§ç¯å¢ä¸­è·å¾æä½³æ§è½
17-Sep-2020 19:40:23.243 信息 [main] org.apache.coyote.AbstractProtocol.init åå§ååè®®å¤çå¨ ["http-nio-8080"]
17-Sep-2020 19:43:13.745 信息 [main] org.apache.tomcat.util.net.NioSelectorPool.getSharedSelector Using a shared selector for servlet write/read
17-Sep-2020 19:43:37.266 信息 [main] org.apache.catalina.startup.Catalina.load Initialization processed in 3648760 ms
17-Sep-2020 19:46:22.051 信息 [main] org.apache.catalina.core.StandardService.startInternal æ­£å¨å¯å¨æå¡[Catalina]
17-Sep-2020 19:46:22.052 信息 [main] org.apache.catalina.core.StandardEngine.startInternal Starting Servlet Engine: Apache Tomcat/@VERSION@
17-Sep-2020 19:46:53.030 信息 [localhost-startStop-1] org.apache.catalina.startup.HostConfig.deployDirectory æweb åºç¨ç¨åºé¨ç½²å°ç®å½ [C:\Users\Administrator\Desktop\tomcatcode\catalina-home\webapps\docs]
